<?xml version="1.0" encoding="utf-8"?><testsuites name="pytest tests"><testsuite name="pytest" errors="0" failures="0" skipped="0" tests="374" time="92.833" timestamp="2026-07-22T18:37:55.878011-04:00" hostname="DESKTOP-7RJIO6V"><testcase classname="tests.security.test_no_runtime_exec.TestNovaExecGate" name="test_dynamic_exec_blocked_by_default" time="0.008" /><testcase classname="tests.security.test_no_runtime_exec.TestNovaExecGate" name="test_dynamic_exec_blocked_when_empty" time="0.004" /><testcase classname="tests.security.test_no_runtime_exec.TestNovaExecGate" name="test_dynamic_exec_blocked_when_false" time="0.003" /><testcase classname="tests.security.test_no_runtime_exec.TestNovaExecGate" name="test_dynamic_exec_blocked_when_zero" time="0.003" /><testcase classname="tests.security.test_no_runtime_exec.TestNovaExecGate" name="test_dynamic_exec_gate_case_insensitive_TRUE" time="0.005" /><testcase classname="tests.security.test_no_runtime_exec.TestNovaExecGate" name="test_dynamic_exec_gate_case_insensitive_Title" time="0.005" /><testcase classname="tests.security.test_no_runtime_exec.TestNovaExecGate" name="test_dynamic_exec_permitted_when_true" time="0.004" /><testcase classname="tests.security.test_no_runtime_exec.TestNovaExecGate" name="test_gate_re_evaluated_per_call" time="0.007" /><testcase classname="tests.security.test_no_runtime_exec.TestNovaExecGate" name="test_known_actions_never_hit_exec_gate" time="0.002" /><testcase classname="tests.security.test_no_runtime_exec.TestTaskExecutorExecGate" name="test_execute_python_blocked_by_default" time="0.001" /><testcase classname="tests.security.test_no_runtime_exec.TestTaskExecutorExecGate" name="test_execute_python_blocked_then_permitted" time="0.001" /><testcase classname="tests.security.test_no_runtime_exec.TestTaskExecutorExecGate" name="test_execute_python_blocked_when_empty" time="0.001" /><testcase classname="tests.security.test_no_runtime_exec.TestTaskExecutorExecGate" name="test_execute_python_blocked_when_false" time="0.001" /><testcase classname="tests.security.test_no_runtime_exec.TestTaskExecutorExecGate" name="test_execute_python_blocked_when_zero" time="0.001" /><testcase classname="tests.security.test_no_runtime_exec.TestTaskExecutorExecGate" name="test_execute_python_error_message_mentions_flag" time="0.001" /><testcase classname="tests.security.test_no_runtime_exec.TestTaskExecutorExecGate" name="test_execute_python_output_capture" time="0.001" /><testcase classname="tests.security.test_no_runtime_exec.TestTaskExecutorExecGate" name="test_execute_python_permitted_case_insensitive_TRUE" time="0.001" /><testcase classname="tests.security.test_no_runtime_exec.TestTaskExecutorExecGate" name="test_execute_python_permitted_case_insensitive_Title" time="0.001" /><testcase classname="tests.security.test_no_runtime_exec.TestTaskExecutorExecGate" name="test_execute_python_permitted_when_true" time="0.001" /><testcase classname="tests.security.test_no_runtime_exec.TestTaskExecutorExecGate" name="test_execute_python_safe_builtins_still_enforced" time="0.001" /><testcase classname="tests.security.test_no_runtime_exec.TestTaskExecutorShellSafety" name="test_execute_shell_blocks_mkfs" time="0.001" /><testcase classname="tests.security.test_no_runtime_exec.TestTaskExecutorShellSafety" name="test_execute_shell_blocks_rm_rf" time="0.001" /><testcase classname="tests.security.test_no_runtime_exec.TestTaskExecutorShellSafety" name="test_execute_shell_blocks_shutdown" time="0.001" /><testcase classname="tests.security.test_no_runtime_exec.TestTaskExecutorShellSafety" name="test_execute_shell_blocks_sudo_rm" time="0.001" /><testcase classname="tests.security.test_no_runtime_exec.TestTaskExecutorShellSafety" name="test_execute_shell_no_shell_true_kwarg" time="0.002" /><testcase classname="tests.security.test_no_runtime_exec.TestTaskExecutorShellSafety" name="test_execute_shell_safe_mode_false_bypasses_pattern_check" time="0.002" /><testcase classname="tests.security.test_no_runtime_exec.TestTaskExecutorShellSafety" name="test_execute_shell_timeout_raises" time="0.002" /><testcase classname="tests.security.test_no_runtime_exec.TestTaskExecutorShellSafety" name="test_execute_shell_uses_list_args" time="0.002" /><testcase classname="tests.test_credit_command_center.TestClientCase" name="test_create_minimal" time="0.001" /><testcase classname="tests.test_credit_command_center.TestClientCase" name="test_create_full" time="0.001" /><testcase classname="tests.test_credit_command_center.TestClientCase" name="test_invalid_case_id" time="0.001" /><testcase classname="tests.test_credit_command_center.TestClientCase" name="test_invalid_scorecard_total_too_high" time="0.001" /><testcase classname="tests.test_credit_command_center.TestClientCase" name="test_invalid_scorecard_total_negative" time="0.001" /><testcase classname="tests.test_credit_command_center.TestCreditAccount" name="test_create_minimal" time="0.001" /><testcase classname="tests.test_credit_command_center.TestCreditAccount" name="test_create_full" time="0.001" /><testcase classname="tests.test_credit_command_center.TestEvidenceItem" name="test_create_minimal" time="0.001" /><testcase classname="tests.test_credit_command_center.TestEvidenceItem" name="test_create_with_ocr" time="0.001" /><testcase classname="tests.test_credit_command_center.TestFinding" name="test_create_valid" time="0.001" /><testcase classname="tests.test_credit_command_center.TestFinding" name="test_invalid_finding_number_zero" time="0.001" /><testcase classname="tests.test_credit_command_center.TestActionReceipt" name="test_create_minimal" time="0.001" /><testcase classname="tests.test_credit_command_center.TestActionReceipt" name="test_create_with_details" time="0.001" /><testcase classname="tests.test_credit_command_center.TestScorecard" name="test_total_calculation" time="0.001" /><testcase classname="tests.test_credit_command_center.TestScorecard" name="test_rating_strong" time="0.001" /><testcase classname="tests.test_credit_command_center.TestScorecard" name="test_rating_moderate" time="0.001" /><testcase classname="tests.test_credit_command_center.TestScorecard" name="test_rating_weak" time="0.001" /><testcase classname="tests.test_credit_command_center.TestScorecard" name="test_rating_high_risk" time="0.001" /><testcase classname="tests.test_credit_command_center.TestScorecard" name="test_all_zero" time="0.001" /><testcase classname="tests.test_credit_command_center.TestScorecard" name="test_all_max" time="0.001" /><testcase classname="tests.test_credit_command_center.TestScorecard" name="test_category_scores" time="0.001" /><testcase classname="tests.test_credit_command_center.TestScorecard" name="test_invalid_score_too_low" time="0.001" /><testcase classname="tests.test_credit_command_center.TestScorecard" name="test_invalid_score_too_high" time="0.001" /><testcase classname="tests.test_credit_command_center.TestNormalizeClientName" name="test_simple" time="0.001" /><testcase classname="tests.test_credit_command_center.TestNormalizeClientName" name="test_extra_spaces" time="0.001" /><testcase classname="tests.test_credit_command_center.TestNormalizeClientName" name="test_hyphenated" time="0.001" /><testcase classname="tests.test_credit_command_center.TestNormalizeClientName" name="test_special_chars" time="0.001" /><testcase classname="tests.test_credit_command_center.TestNormalizeClientName" name="test_already_slug" time="0.001" /><testcase classname="tests.test_credit_command_center.TestBuildCaseFolderPath" name="test_simple" time="0.001" /><testcase classname="tests.test_credit_command_center.TestBuildCaseFolderPath" name="test_custom_base" time="0.001" /><testcase classname="tests.test_credit_command_center.TestBuildEvidenceFolderPath" name="test_intake" time="0.001" /><testcase classname="tests.test_credit_command_center.TestBuildEvidenceFolderPath" name="test_credit_reports" time="0.001" /><testcase classname="tests.test_credit_command_center.TestBuildEvidenceFolderPath" name="test_output" time="0.001" /><testcase classname="tests.test_credit_command_center.TestRateScorecard" name="test_delegates_to_model" time="0.001" /><testcase classname="tests.test_credit_command_center.TestRateScorecard" name="test_high_risk" time="0.001" /><testcase classname="tests.test_credit_command_center.TestCreateReceipt" name="test_auto_generates_id" time="0.001" /><testcase classname="tests.test_credit_command_center.TestCreateReceipt" name="test_with_explicit_id" time="0.001" /><testcase classname="tests.test_credit_command_center.TestCreateReceipt" name="test_with_details_and_file_path" time="0.001" /><testcase classname="tests.test_credit_command_center.TestClient0001Fixture" name="test_fixture_exists" time="0.001" /><testcase classname="tests.test_credit_command_center.TestClient0001Fixture" name="test_case_loaded" time="0.002" /><testcase classname="tests.test_credit_command_center.TestClient0001Fixture" name="test_credit_accounts_loaded" time="0.002" /><testcase classname="tests.test_credit_command_center.TestClient0001Fixture" name="test_evidence_items_loaded" time="0.001" /><testcase classname="tests.test_credit_command_center.TestClient0001Fixture" name="test_findings_loaded" time="0.001" /><testcase classname="tests.test_credit_command_center.TestClient0001Fixture" name="test_scorecard_loaded" time="0.001" /><testcase classname="tests.test_nova_agent.TestNovaInit" name="test_default_init" time="0.010" /><testcase classname="tests.test_nova_agent.TestNovaInit" name="test_custom_user" time="0.003" /><testcase classname="tests.test_nova_agent.TestNovaInit" name="test_default_actions_registered" time="0.003" /><testcase classname="tests.test_nova_agent.TestNovaInit" name="test_all_eight_actions" time="0.003" /><testcase classname="tests.test_nova_agent.TestExecuteAction" name="test_auto_approve_low_risk" time="0.004" /><testcase classname="tests.test_nova_agent.TestExecuteAction" name="test_human_approval_required" time="0.004" /><testcase classname="tests.test_nova_agent.TestExecuteAction" name="test_missing_params_raises" time="0.003" /><testcase classname="tests.test_nova_agent.TestExecuteAction" name="test_unknown_action_raises" time="0.003" /><testcase classname="tests.test_nova_agent.TestExecuteAction" name="test_force_no_approval" time="0.004" /><testcase classname="tests.test_nova_agent.TestExecuteAction" name="test_schedule_court_date" time="0.005" /><testcase classname="tests.test_nova_agent.TestApprovalFlow" name="test_approve_execution" time="0.005" /><testcase classname="tests.test_nova_agent.TestApprovalFlow" name="test_reject_execution" time="0.005" /><testcase classname="tests.test_nova_agent.TestApprovalFlow" name="test_reject_already_rejected" time="0.004" /><testcase classname="tests.test_nova_agent.TestRollback" name="test_rollback_completed" time="0.005" /><testcase classname="tests.test_nova_agent.TestRollback" name="test_rollback_nonexistent" time="0.003" /><testcase classname="tests.test_nova_agent.TestExecutionHistory" name="test_history_empty" time="0.003" /><testcase classname="tests.test_nova_agent.TestExecutionHistory" name="test_history_filter_by_type" time="0.004" /><testcase classname="tests.test_nova_agent.TestExecutionHistory" name="test_log_execution" time="0.004" /><testcase classname="tests.test_nova_agent.TestRegistryBasics" name="test_register_action" time="0.001" /><testcase classname="tests.test_nova_agent.TestRegistryBasics" name="test_duplicate_raises" time="0.001" /><testcase classname="tests.test_nova_agent.TestRegistryBasics" name="test_overwrite" time="0.001" /><testcase classname="tests.test_nova_agent.TestRegistryBasics" name="test_get_nonexistent_raises" time="0.001" /><testcase classname="tests.test_nova_agent.TestRegistryBasics" name="test_list_actions" time="0.001" /><testcase classname="tests.test_nova_agent.TestRegistryBasics" name="test_list_by_category" time="0.001" /><testcase classname="tests.test_nova_agent.TestRegistryBasics" name="test_unregister" time="0.001" /><testcase classname="tests.test_nova_agent.TestRegistryBasics" name="test_validate_params" time="0.001" /><testcase classname="tests.test_nova_agent.TestRegistryBasics" name="test_enable_disable" time="0.001" /><testcase classname="tests.test_nova_agent.TestRegistryBasics" name="test_stats" time="0.001" /><testcase classname="tests.test_nova_agent.TestRegistryBasics" name="test_export_schema" time="0.001" /><testcase classname="tests.test_nova_agent.TestLedgerBasics" name="test_empty_ledger" time="0.004" /><testcase classname="tests.test_nova_agent.TestLedgerBasics" name="test_append_entry" time="0.006" /><testcase classname="tests.test_nova_agent.TestLedgerBasics" name="test_hash_chain" time="0.011" /><testcase classname="tests.test_nova_agent.TestLedgerBasics" name="test_get_history" time="0.009" /><testcase classname="tests.test_nova_agent.TestLedgerBasics" name="test_get_entry" time="0.006" /><testcase classname="tests.test_nova_agent.TestLedgerBasics" name="test_export_evidence" time="0.011" /><testcase classname="tests.test_nova_agent.TestLedgerBasics" name="test_export_no_entries_raises" time="0.004" /><testcase classname="tests.test_nova_agent.TestLedgerBasics" name="test_stats" time="0.004" /><testcase classname="tests.test_nova_agent.TestLedgerBasics" name="test_persistence" time="0.028" /><testcase classname="tests.test_nova_agent.TestGatewayBasics" name="test_submit_auto_approve" time="0.001" /><testcase classname="tests.test_nova_agent.TestGatewayBasics" name="test_submit_requires_human" time="0.001" /><testcase classname="tests.test_nova_agent.TestGatewayBasics" name="test_approve" time="0.001" /><testcase classname="tests.test_nova_agent.TestGatewayBasics" name="test_reject" time="0.001" /><testcase classname="tests.test_nova_agent.TestGatewayBasics" name="test_reject_already_approved_raises" time="0.001" /><testcase classname="tests.test_nova_agent.TestGatewayBasics" name="test_escalate" time="0.001" /><testcase classname="tests.test_nova_agent.TestGatewayBasics" name="test_pending_requests" time="0.001" /><testcase classname="tests.test_nova_agent.TestGatewayBasics" name="test_legal_tier" time="0.001" /><testcase classname="tests.test_nova_agent.TestGatewayBasics" name="test_history" time="0.001" /><testcase classname="tests.test_nova_agent.TestGatewayBasics" name="test_stats" time="0.001" /><testcase classname="tests.test_nova_agent.TestGatewayBasics" name="test_notification_callback" time="0.002" /><testcase classname="tests.test_nova_agent.TestGatewayBasics" name="test_get_request_status" time="0.001" /><testcase classname="tests.test_nova_agent.TestGatewayBasics" name="test_nonexistent_request_raises" time="0.001" /><testcase classname="tests.test_nova_agent.TestGatewayBasics" name="test_auto_approve_disabled" time="0.001" /><testcase classname="tests.test_scheduler_core.TestSchedulerLifecycle" name="test_init_creates_db_tables" time="0.018" /><testcase classname="tests.test_scheduler_core.TestSchedulerLifecycle" name="test_start_sets_running" time="0.018" /><testcase classname="tests.test_scheduler_core.TestSchedulerLifecycle" name="test_start_idempotent" time="0.016" /><testcase classname="tests.test_scheduler_core.TestSchedulerLifecycle" name="test_stop_clears_running" time="0.016" /><testcase classname="tests.test_scheduler_core.TestSchedulerLifecycle" name="test_stop_cancels_timers" time="0.020" /><testcase classname="tests.test_scheduler_core.TestSchedulingAPI" name="test_schedule_returns_task_id" time="0.018" /><testcase classname="tests.test_scheduler_core.TestSchedulingAPI" name="test_schedule_stores_task" time="0.019" /><testcase classname="tests.test_scheduler_core.TestSchedulingAPI" name="test_schedule_once" time="0.017" /><testcase classname="tests.test_scheduler_core.TestSchedulingAPI" name="test_schedule_recurring_with_interval" time="0.018" /><testcase classname="tests.test_scheduler_core.TestSchedulingAPI" name="test_schedule_recurring_with_cron" time="0.016" /><testcase classname="tests.test_scheduler_core.TestTaskStateTransitions" name="test_cancel" time="0.021" /><testcase classname="tests.test_scheduler_core.TestTaskStateTransitions" name="test_cancel_nonexistent" time="0.013" /><testcase classname="tests.test_scheduler_core.TestTaskStateTransitions" name="test_pause" time="0.022" /><testcase classname="tests.test_scheduler_core.TestTaskStateTransitions" name="test_pause_nonexistent" time="0.014" /><testcase classname="tests.test_scheduler_core.TestTaskStateTransitions" name="test_resume_paused" time="0.028" /><testcase classname="tests.test_scheduler_core.TestTaskStateTransitions" name="test_resume_non_paused_returns_false" time="0.017" /><testcase classname="tests.test_scheduler_core.TestTaskStateTransitions" name="test_resume_nonexistent" time="0.014" /><testcase classname="tests.test_scheduler_core.TestQueryAPI" name="test_list_tasks_empty" time="0.016" /><testcase classname="tests.test_scheduler_core.TestQueryAPI" name="test_list_tasks_returns_all" time="0.033" /><testcase classname="tests.test_scheduler_core.TestQueryAPI" name="test_list_tasks_filter_by_status" time="0.031" /><testcase classname="tests.test_scheduler_core.TestQueryAPI" name="test_get_task_not_found" time="0.013" /><testcase classname="tests.test_scheduler_core.TestQueryAPI" name="test_next_run_time" time="0.017" /><testcase classname="tests.test_scheduler_core.TestQueryAPI" name="test_next_run_time_nonexistent" time="0.015" /><testcase classname="tests.test_scheduler_core.TestTaskExecution" name="test_run_task_success" time="0.034" /><testcase classname="tests.test_scheduler_core.TestTaskExecution" name="test_run_task_recurring_stays_pending" time="0.032" /><testcase classname="tests.test_scheduler_core.TestTaskExecution" name="test_run_task_failure_retries" time="0.039" /><testcase classname="tests.test_scheduler_core.TestTaskExecution" name="test_run_task_failure_exhausts_retries" time="0.046" /><testcase classname="tests.test_scheduler_core.TestTaskExecution" name="test_run_task_no_fn" time="0.020" /><testcase classname="tests.test_scheduler_core.TestTaskExecution" name="test_run_task_nonexistent" time="0.015" /><testcase classname="tests.test_scheduler_core.TestTaskExecution" name="test_run_task_calls_on_success" time="0.035" /><testcase classname="tests.test_scheduler_core.TestTaskExecution" name="test_run_task_calls_on_failure" time="0.034" /><testcase classname="tests.test_scheduler_core.TestTaskExecution" name="test_on_success_exception_doesnt_crash" time="0.032" /><testcase classname="tests.test_scheduler_core.TestTaskExecution" name="test_on_failure_exception_doesnt_crash" time="0.033" /><testcase classname="tests.test_scheduler_core.TestPersistence" name="test_persist_and_reload" time="0.026" /><testcase classname="tests.test_scheduler_core.TestPersistence" name="test_running_task_becomes_pending_on_reload" time="0.031" /><testcase classname="tests.test_scheduler_core.TestPersistence" name="test_result_persisted" time="0.042" /><testcase classname="tests.test_scheduler_core.TestArming" name="test_arm_run_at" time="0.019" /><testcase classname="tests.test_scheduler_core.TestArming" name="test_arm_interval" time="0.019" /><testcase classname="tests.test_scheduler_core.TestArming" name="test_arm_skips_cancelled" time="0.014" /><testcase classname="tests.test_scheduler_core.TestArming" name="test_arm_skips_paused" time="0.015" /><testcase classname="tests.test_scheduler_core.TestArming" name="test_arm_no_schedule" time="0.015" /><testcase classname="tests.test_scheduler_core.TestArming" name="test_disarm_removes_timer" time="0.020" /><testcase classname="tests.test_scheduler_dispatcher.TestParseTime" name="test_parse_9am" time="0.001" /><testcase classname="tests.test_scheduler_dispatcher.TestParseTime" name="test_parse_9pm" time="0.001" /><testcase classname="tests.test_scheduler_dispatcher.TestParseTime" name="test_parse_12am" time="0.001" /><testcase classname="tests.test_scheduler_dispatcher.TestParseTime" name="test_parse_12pm" time="0.001" /><testcase classname="tests.test_scheduler_dispatcher.TestParseTime" name="test_parse_14_30" time="0.001" /><testcase classname="tests.test_scheduler_dispatcher.TestParseTime" name="test_parse_with_minutes" time="0.001" /><testcase classname="tests.test_scheduler_dispatcher.TestParseTime" name="test_parse_no_time" time="0.001" /><testcase classname="tests.test_scheduler_dispatcher.TestScheduleParsing" name="test_every_monday_at_9am" time="0.017" /><testcase classname="tests.test_scheduler_dispatcher.TestScheduleParsing" name="test_every_friday" time="0.018" /><testcase classname="tests.test_scheduler_dispatcher.TestScheduleParsing" name="test_every_day_at_8am" time="0.017" /><testcase classname="tests.test_scheduler_dispatcher.TestScheduleParsing" name="test_daily" time="0.019" /><testcase classname="tests.test_scheduler_dispatcher.TestScheduleParsing" name="test_daily_at_7am" time="0.016" /><testcase classname="tests.test_scheduler_dispatcher.TestScheduleParsing" name="test_every_morning" time="0.017" /><testcase classname="tests.test_scheduler_dispatcher.TestScheduleParsing" name="test_every_morning_at_7am" time="0.017" /><testcase classname="tests.test_scheduler_dispatcher.TestScheduleParsing" name="test_every_evening" time="0.017" /><testcase classname="tests.test_scheduler_dispatcher.TestScheduleParsing" name="test_weekly" time="0.016" /><testcase classname="tests.test_scheduler_dispatcher.TestScheduleParsing" name="test_weekly_at_10am" time="0.015" /><testcase classname="tests.test_scheduler_dispatcher.TestScheduleParsing" name="test_monthly" time="0.015" /><testcase classname="tests.test_scheduler_dispatcher.TestScheduleParsing" name="test_monthly_at_2pm" time="0.015" /><testcase classname="tests.test_scheduler_dispatcher.TestScheduleParsing" name="test_every_month_at_2pm_regression" time="0.016" /><testcase classname="tests.test_scheduler_dispatcher.TestScheduleParsing" name="test_every_30_minutes" time="0.016" /><testcase classname="tests.test_scheduler_dispatcher.TestScheduleParsing" name="test_every_4_hours" time="0.017" /><testcase classname="tests.test_scheduler_dispatcher.TestScheduleParsing" name="test_every_2_days" time="0.017" /><testcase classname="tests.test_scheduler_dispatcher.TestScheduleParsing" name="test_every_1_minute" time="0.022" /><testcase classname="tests.test_scheduler_dispatcher.TestScheduleParsing" name="test_every_minute_no_digit_regression" time="0.016" /><testcase classname="tests.test_scheduler_dispatcher.TestScheduleParsing" name="test_every_1_hour" time="0.015" /><testcase classname="tests.test_scheduler_dispatcher.TestScheduleParsing" name="test_in_2_hours" time="0.019" /><testcase classname="tests.test_scheduler_dispatcher.TestScheduleParsing" name="test_in_30_minutes" time="0.016" /><testcase classname="tests.test_scheduler_dispatcher.TestScheduleParsing" name="test_in_1_day" time="0.017" /><testcase classname="tests.test_scheduler_dispatcher.TestScheduleParsing" name="test_tomorrow_at_3pm" time="0.015" /><testcase classname="tests.test_scheduler_dispatcher.TestScheduleParsing" name="test_tomorrow_default_time" time="0.015" /><testcase classname="tests.test_scheduler_dispatcher.TestScheduleParsing" name="test_fallback_immediate" time="0.015" /><testcase classname="tests.test_scheduler_dispatcher.TestScheduleParsing" name="test_weekday_abbrev_wed" time="0.014" /><testcase classname="tests.test_scheduler_dispatcher.TestScheduleParsing" name="test_weekday_no_time_defaults_9" time="0.017" /><testcase classname="tests.test_scheduler_dispatcher.TestDispatch" name="test_dispatch_returns_id" time="0.025" /><testcase classname="tests.test_scheduler_dispatcher.TestDispatch" name="test_dispatch_stores_task" time="0.022" /><testcase classname="tests.test_scheduler_dispatcher.TestDispatch" name="test_dispatch_with_payload" time="0.035" /><testcase classname="tests.test_scheduler_dispatcher.TestDispatch" name="test_dispatch_with_deadline" time="0.018" /><testcase classname="tests.test_scheduler_dispatcher.TestDispatch" name="test_dispatch_one_time" time="0.019" /><testcase classname="tests.test_scheduler_dispatcher.TestDispatch" name="test_dispatch_recurring" time="0.020" /><testcase classname="tests.test_scheduler_dispatcher.TestAgentRegistry" name="test_register_and_dispatch_to_agent" time="0.024" /><testcase classname="tests.test_scheduler_dispatcher.TestAgentRegistry" name="test_dispatch_to_unknown_agent" time="0.025" /><testcase classname="tests.test_scheduler_dispatcher.TestBulkDispatch" name="test_bulk_dispatch_multiple" time="0.057" /><testcase classname="tests.test_scheduler_dispatcher.TestBulkDispatch" name="test_bulk_dispatch_empty" time="0.028" /><testcase classname="tests.test_scheduler_dispatcher.TestStatusAndInterrupt" name="test_status_report_empty" time="0.026" /><testcase classname="tests.test_scheduler_dispatcher.TestStatusAndInterrupt" name="test_status_report_with_tasks" time="0.026" /><testcase classname="tests.test_scheduler_dispatcher.TestStatusAndInterrupt" name="test_interrupt" time="0.026" /><testcase classname="tests.test_scheduler_executor.TestBasicExecution" name="test_success" time="0.003" /><testcase classname="tests.test_scheduler_executor.TestBasicExecution" name="test_failure" time="0.003" /><testcase classname="tests.test_scheduler_executor.TestBasicExecution" name="test_timeout" time="1.005" /><testcase classname="tests.test_scheduler_executor.TestBasicExecution" name="test_captures_stdout" time="0.001" /><testcase classname="tests.test_scheduler_executor.TestBasicExecution" name="test_captures_stderr_on_failure" time="0.001" /><testcase classname="tests.test_scheduler_executor.TestBasicExecution" name="test_records_duration" time="0.001" /><testcase classname="tests.test_scheduler_executor.TestRetries" name="test_retry_with_backoff" time="0.002" /><testcase classname="tests.test_scheduler_executor.TestRetries" name="test_success_on_second_attempt" time="0.002" /><testcase classname="tests.test_scheduler_executor.TestRetries" name="test_no_retry_on_success" time="0.001" /><testcase classname="tests.test_scheduler_executor.TestSafePython" name="test_basic_expression" time="0.001" /><testcase classname="tests.test_scheduler_executor.TestSafePython" name="test_print_capture" time="0.001" /><testcase classname="tests.test_scheduler_executor.TestSafePython" name="test_blocked_without_env_var" time="0.001" /><testcase classname="tests.test_scheduler_executor.TestSafePython" name="test_blocked_import" time="0.001" /><testcase classname="tests.test_scheduler_executor.TestSafePython" name="test_with_context" time="0.001" /><testcase classname="tests.test_scheduler_executor.TestRestrictedShell" name="test_basic_command" time="0.050" /><testcase classname="tests.test_scheduler_executor.TestRestrictedShell" name="test_blocked_rm_rf" time="0.002" /><testcase classname="tests.test_scheduler_executor.TestRestrictedShell" name="test_blocked_mkfs" time="0.001" /><testcase classname="tests.test_scheduler_executor.TestRestrictedShell" name="test_blocked_sudo_rm" time="0.001" /><testcase classname="tests.test_scheduler_executor.TestRestrictedShell" name="test_unsafe_mode_allows" time="0.036" /><testcase classname="tests.test_scheduler_executor.TestRestrictedShell" name="test_shell_timeout" time="60.024" /><testcase classname="tests.test_scheduler_executor.TestRestrictedShell" name="test_nonzero_exit_code" time="0.032" /><testcase classname="tests.test_scheduler_queue.TestQueueCore" name="test_enqueue_increases_size" time="0.001" /><testcase classname="tests.test_scheduler_queue.TestQueueCore" name="test_enqueue_sets_status_queued" time="0.001" /><testcase classname="tests.test_scheduler_queue.TestQueueCore" name="test_dequeue_returns_task" time="0.001" /><testcase classname="tests.test_scheduler_queue.TestQueueCore" name="test_dequeue_empty_nonblocking_returns_none" time="0.001" /><testcase classname="tests.test_scheduler_queue.TestQueueCore" name="test_dequeue_empty_with_timeout" time="0.115" /><testcase classname="tests.test_scheduler_queue.TestQueueCore" name="test_dequeue_order_by_priority" time="0.001" /><testcase classname="tests.test_scheduler_queue.TestQueueCore" name="test_dequeue_fifo_within_same_priority" time="0.001" /><testcase classname="tests.test_scheduler_queue.TestQueueCore" name="test_size_after_dequeue" time="0.001" /><testcase classname="tests.test_scheduler_queue.TestQueueCore" name="test_priority_clamped_min" time="0.001" /><testcase classname="tests.test_scheduler_queue.TestQueueCore" name="test_priority_clamped_max" time="0.001" /><testcase classname="tests.test_scheduler_queue.TestQueuePeek" name="test_peek_returns_highest_priority" time="0.001" /><testcase classname="tests.test_scheduler_queue.TestQueuePeek" name="test_peek_does_not_remove" time="0.001" /><testcase classname="tests.test_scheduler_queue.TestQueuePeek" name="test_peek_empty" time="0.001" /><testcase classname="tests.test_scheduler_queue.TestListQueued" name="test_list_queued_returns_ordered" time="0.001" /><testcase classname="tests.test_scheduler_queue.TestListQueued" name="test_list_queued_respects_limit" time="0.001" /><testcase classname="tests.test_scheduler_queue.TestQueuePromote" name="test_promote_raises_priority" time="0.001" /><testcase classname="tests.test_scheduler_queue.TestQueuePromote" name="test_promote_noop_if_already_higher" time="0.001" /><testcase classname="tests.test_scheduler_queue.TestQueuePromote" name="test_promote_noop_if_same" time="0.001" /><testcase classname="tests.test_scheduler_queue.TestQueuePromote" name="test_promote_nonexistent" time="0.001" /><testcase classname="tests.test_scheduler_queue.TestQueueDrain" name="test_drain_empties_queue" time="0.001" /><testcase classname="tests.test_scheduler_queue.TestQueueDrain" name="test_drain_sets_status_cancelled" time="0.001" /><testcase classname="tests.test_scheduler_queue.TestQueueDrain" name="test_drain_empty_queue" time="0.001" /><testcase classname="tests.test_scheduler_queue.TestQueueThreadSafety" name="test_concurrent_enqueue_dequeue" time="0.003" /><testcase classname="tests.test_scheduler_queue.TestQueueThreadSafety" name="test_blocking_dequeue_wakes_on_enqueue" time="0.102" /><testcase classname="tests.test_scheduler_queue.TestAsyncBridge" name="test_async_enqueue_dequeue" time="0.005" /><testcase classname="tests.test_scheduler_recurring.TestStandaloneTaskFunctions" name="test_daily_case_law_digest_default" time="0.001" /><testcase classname="tests.test_scheduler_recurring.TestStandaloneTaskFunctions" name="test_daily_case_law_digest_custom_areas" time="0.000" /><testcase classname="tests.test_scheduler_recurring.TestStandaloneTaskFunctions" name="test_weekly_deadline_check_default" time="0.000" /><testcase classname="tests.test_scheduler_recurring.TestStandaloneTaskFunctions" name="test_weekly_deadline_check_custom_days" time="0.000" /><testcase classname="tests.test_scheduler_recurring.TestStandaloneTaskFunctions" name="test_monthly_credit_report" time="0.001" /><testcase classname="tests.test_scheduler_recurring.TestStandaloneTaskFunctions" name="test_court_docket_monitor_empty" time="0.000" /><testcase classname="tests.test_scheduler_recurring.TestStandaloneTaskFunctions" name="test_court_docket_monitor_with_cases" time="0.001" /><testcase classname="tests.test_scheduler_recurring.TestStandaloneTaskFunctions" name="test_regulatory_update_check_default" time="0.000" /><testcase classname="tests.test_scheduler_recurring.TestStandaloneTaskFunctions" name="test_regulatory_update_check_custom_agencies" time="0.000" /><testcase classname="tests.test_scheduler_recurring.TestStandaloneTaskFunctions" name="test_client_followup_reminders" time="0.001" /><testcase classname="tests.test_scheduler_recurring.TestStandaloneTaskFunctions" name="test_system_health_check" time="0.001" /><testcase classname="tests.test_scheduler_recurring.TestRecurringTaskManager" name="test_register_defaults_returns_7_ids" time="0.048" /><testcase classname="tests.test_scheduler_recurring.TestRecurringTaskManager" name="test_registered_tasks_contains_all_keys" time="0.054" /><testcase classname="tests.test_scheduler_recurring.TestRecurringTaskManager" name="test_tasks_are_in_scheduler" time="0.064" /><testcase classname="tests.test_scheduler_recurring.TestRecurringTaskManager" name="test_customize_schedule_before_register" time="0.061" /><testcase classname="tests.test_scheduler_recurring.TestRecurringTaskManager" name="test_customize_payload" time="0.075" /><testcase classname="tests.test_scheduler_recurring.TestRecurringTaskManager" name="test_customize_kwargs" time="0.019" /><testcase classname="tests.test_scheduler_recurring.TestRecurringTaskManager" name="test_mgr_daily_case_law_digest" time="0.022" /><testcase classname="tests.test_scheduler_recurring.TestRecurringTaskManager" name="test_mgr_weekly_deadline_check" time="0.019" /><testcase classname="tests.test_scheduler_recurring.TestRecurringTaskManager" name="test_mgr_monthly_credit_report" time="0.016" /><testcase classname="tests.test_scheduler_recurring.TestRecurringTaskManager" name="test_mgr_court_docket_monitor" time="0.015" /><testcase classname="tests.test_scheduler_recurring.TestRecurringTaskManager" name="test_mgr_court_docket_monitor_default" time="0.012" /><testcase classname="tests.test_scheduler_recurring.TestRecurringTaskManager" name="test_mgr_regulatory_update_check" time="0.013" /><testcase classname="tests.test_scheduler_recurring.TestRecurringTaskManager" name="test_mgr_client_followup_reminders" time="0.015" /><testcase classname="tests.test_scheduler_recurring.TestRecurringTaskManager" name="test_mgr_system_health_check" time="0.015" /><testcase classname="tests.test_scheduler_task_types.TestSchedule" name="test_describe_cron" time="0.001" /><testcase classname="tests.test_scheduler_task_types.TestSchedule" name="test_describe_interval" time="0.001" /><testcase classname="tests.test_scheduler_task_types.TestSchedule" name="test_describe_run_at" time="0.001" /><testcase classname="tests.test_scheduler_task_types.TestSchedule" name="test_describe_trigger_event" time="0.001" /><testcase classname="tests.test_scheduler_task_types.TestSchedule" name="test_describe_empty" time="0.001" /><testcase classname="tests.test_scheduler_task_types.TestScheduledTaskSerialization" name="test_to_dict_basic" time="0.001" /><testcase classname="tests.test_scheduler_task_types.TestScheduledTaskSerialization" name="test_to_dict_with_schedule_cron" time="0.001" /><testcase classname="tests.test_scheduler_task_types.TestScheduledTaskSerialization" name="test_to_dict_with_schedule_run_at" time="0.001" /><testcase classname="tests.test_scheduler_task_types.TestScheduledTaskSerialization" name="test_to_dict_with_last_run_and_next_run" time="0.001" /><testcase classname="tests.test_scheduler_task_types.TestScheduledTaskSerialization" name="test_to_dict_none_dates" time="0.001" /><testcase classname="tests.test_scheduler_task_types.TestScheduledTaskSerialization" name="test_from_dict_minimal" time="0.003" /><testcase classname="tests.test_scheduler_task_types.TestScheduledTaskSerialization" name="test_from_dict_with_schedule" time="0.001" /><testcase classname="tests.test_scheduler_task_types.TestScheduledTaskSerialization" name="test_from_dict_with_run_at" time="0.001" /><testcase classname="tests.test_scheduler_task_types.TestScheduledTaskSerialization" name="test_from_dict_with_last_run_and_next_run" time="0.001" /><testcase classname="tests.test_scheduler_task_types.TestScheduledTaskSerialization" name="test_roundtrip" time="0.001" /><testcase classname="tests.test_scheduler_task_types.TestTaskResult" name="test_to_dict_success" time="0.001" /><testcase classname="tests.test_scheduler_task_types.TestTaskResult" name="test_to_dict_failure" time="0.001" /><testcase classname="tests.test_scheduler_task_types.TestTaskResult" name="test_to_dict_none_output" time="0.001" /><testcase classname="tests.test_scheduler_task_types.TestTaskResult" name="test_to_dict_non_string_output" time="0.001" /><testcase classname="tests.test_scheduler_task_types.TestTaskPipeline" name="test_empty_pipeline" time="0.001" /><testcase classname="tests.test_scheduler_task_types.TestTaskPipeline" name="test_add_returns_self" time="0.001" /><testcase classname="tests.test_scheduler_task_types.TestTaskPipeline" name="test_describe_sequential" time="0.001" /><testcase classname="tests.test_scheduler_task_types.TestTaskPipeline" name="test_describe_parallel" time="0.001" /><testcase classname="tests.test_scheduler_task_types.TestTaskPipeline" name="test_chained_add" time="0.001" /><testcase classname="tests.test_sigma_agent.TestSigmaInit" name="test_default_init" time="0.001" /><testcase classname="tests.test_sigma_agent.TestSigmaInit" name="test_custom_coverage" time="0.005" /><testcase classname="tests.test_sigma_agent.TestSigmaInit" name="test_github_token_from_env" time="0.006" /><testcase classname="tests.test_sigma_agent.TestSigmaInit" name="test_block_on_security" time="0.006" /><testcase classname="tests.test_sigma_agent.TestRunTestSuite" name="test_returns_test_result" time="1.429" /><testcase classname="tests.test_sigma_agent.TestRunTestSuite" name="test_result_has_counts" time="1.263" /><testcase classname="tests.test_sigma_agent.TestRunTestSuite" name="test_module_filter" time="1.226" /><testcase classname="tests.test_sigma_agent.TestParseTestOutput" name="test_parse_passing" time="0.005" /><testcase classname="tests.test_sigma_agent.TestParseTestOutput" name="test_parse_failures" time="0.005" /><testcase classname="tests.test_sigma_agent.TestParseTestOutput" name="test_parse_empty" time="0.004" /><testcase classname="tests.test_sigma_agent.TestCoverageEnforcement" name="test_enforce_no_data" time="1.156" /><testcase classname="tests.test_sigma_agent.TestCoverageEnforcement" name="test_custom_threshold" time="0.005" /><testcase classname="tests.test_sigma_agent.TestSecurityScan" name="test_returns_list" time="0.113" /><testcase classname="tests.test_sigma_agent.TestSecurityScan" name="test_finding_structure" time="0.001" /><testcase classname="tests.test_sigma_agent.TestTypeChecking" name="test_returns_tuple" time="0.099" /><testcase classname="tests.test_sigma_agent.TestGateReport" name="test_generate_passing_report" time="0.006" /><testcase classname="tests.test_sigma_agent.TestGateReport" name="test_generate_blocking_report" time="0.008" /><testcase classname="tests.test_sigma_agent.TestPRGating" name="test_block_merge" time="0.007" /><testcase classname="tests.test_sigma_agent.TestPRGating" name="test_approve_merge" time="0.008" /><testcase classname="tests.test_sigma_agent.TestPRGating" name="test_gate_history" time="0.008" /><testcase classname="tests.test_sigma_agent.TestPRGating" name="test_post_status_no_token" time="0.009" /><testcase classname="tests.test_sigma_agent.TestCIEnforcerInit" name="test_init" time="0.007" /><testcase classname="tests.test_sigma_agent.TestHookInstall" name="test_install_hooks" time="0.018" /><testcase classname="tests.test_sigma_agent.TestHookInstall" name="test_uninstall_hooks" time="0.010" /><testcase classname="tests.test_sigma_agent.TestHookInstall" name="test_install_creates_dir" time="0.012" /><testcase classname="tests.test_sigma_agent.TestWorkflowGeneration" name="test_generate_workflow" time="0.005" /><testcase classname="tests.test_sigma_agent.TestWorkflowGeneration" name="test_write_workflow" time="0.006" /><testcase classname="tests.test_sigma_agent.TestPRChecklist" name="test_valid_checklist" time="0.005" /><testcase classname="tests.test_sigma_agent.TestPRChecklist" name="test_missing_items" time="0.006" /><testcase classname="tests.test_sigma_agent.TestPRChecklist" name="test_empty_body" time="0.006" /><testcase classname="tests.test_sigma_agent.TestEnforcementStatus" name="test_status_dict" time="0.005" /><testcase classname="tests.test_sigma_agent.TestWorkflowContent" name="test_pre_commit_hook_content" time="0.001" /><testcase classname="tests.test_sigma_agent.TestWorkflowContent" name="test_pre_push_hook_content" time="0.001" /><testcase classname="tests.test_sigma_agent.TestWorkflowContent" name="test_workflow_triggers" time="0.001" /><testcase classname="tests.test_zero_agent.TestZeroAgentInit" name="test_init_default" time="0.001" /><testcase classname="tests.test_zero_agent.TestZeroAgentInit" name="test_init_custom_root" time="0.007" /><testcase classname="tests.test_zero_agent.TestZeroAgentInit" name="test_init_with_callback" time="0.007" /><testcase classname="tests.test_zero_agent.TestZeroAgentInit" name="test_init_custom_interval" time="0.009" /><testcase classname="tests.test_zero_agent.TestScanImportErrors" name="test_finds_broken_imports" time="0.031" /><testcase classname="tests.test_zero_agent.TestScanImportErrors" name="test_valid_imports_no_errors" time="0.007" /><testcase classname="tests.test_zero_agent.TestScanImportErrors" name="test_syntax_error_detection" time="0.006" /><testcase classname="tests.test_zero_agent.TestScanImportErrors" name="test_skips_venv" time="0.005" /><testcase classname="tests.test_zero_agent.TestScanImportErrors" name="test_suggested_fix" time="0.042" /><testcase classname="tests.test_zero_agent.TestAutoFixImports" name="test_generates_patches" time="0.009" /><testcase classname="tests.test_zero_agent.TestAutoFixImports" name="test_no_duplicates" time="0.009" /><testcase classname="tests.test_zero_agent.TestAutoFixImports" name="test_no_patches_when_clean" time="0.009" /><testcase classname="tests.test_zero_agent.TestPatchOperations" name="test_apply_patch" time="0.010" /><testcase classname="tests.test_zero_agent.TestPatchOperations" name="test_rollback_patch" time="0.010" /><testcase classname="tests.test_zero_agent.TestPatchOperations" name="test_generate_fix_patch_missing_file" time="0.005" /><testcase classname="tests.test_zero_agent.TestHealthReport" name="test_healthy_report" time="0.005" /><testcase classname="tests.test_zero_agent.TestHealthReport" name="test_degraded_report" time="0.012" /><testcase classname="tests.test_zero_agent.TestHealthReport" name="test_report_json_serializable" time="0.007" /><testcase classname="tests.test_zero_agent.TestMaintenanceCycle" name="test_cycle_returns_report" time="0.770" /><testcase classname="tests.test_zero_agent.TestMaintenanceCycle" name="test_cycle_records_history" time="0.795" /><testcase classname="tests.test_zero_agent.TestMaintenanceCycle" name="test_notification_callback_called" time="0.779" /><testcase classname="tests.test_zero_agent.TestScheduler" name="test_start_without_apscheduler" time="0.005" /><testcase classname="tests.test_zero_agent.TestScheduler" name="test_stop_without_start" time="0.005" /><testcase classname="tests.test_zero_agent.TestHealthMonitorInit" name="test_creates_db" time="0.015" /><testcase classname="tests.test_zero_agent.TestHealthMonitorInit" name="test_custom_db_path" time="0.013" /><testcase classname="tests.test_zero_agent.TestHealthSnapshot" name="test_capture_returns_snapshot" time="10.491" /><testcase classname="tests.test_zero_agent.TestHealthSnapshot" name="test_dashboard_empty" time="0.015" /><testcase classname="tests.test_zero_agent.TestAlerts" name="test_no_alert_when_healthy" time="0.018" /><testcase classname="tests.test_zero_agent.TestAlerts" name="test_acknowledge_nonexistent" time="0.023" /><testcase classname="tests.test_zero_agent.TestAlerts" name="test_alert_callback" time="0.030" /><testcase classname="tests.test_zero_agent.TestDependencyDrift" name="test_returns_list" time="9.033" /><testcase classname="tests.test_zero_agent.TestSecurityVulns" name="test_returns_list" time="0.209" /></testsuite></testsuites>