<?xml version="1.0" encoding="utf-8"?><testsuites name="pytest tests"><testsuite name="pytest" errors="0" failures="0" skipped="2" tests="90" time="22.856" timestamp="2026-09-09T21:40:38.878781-04:00" hostname="DESKTOP-7RJIO6V"><testcase classname="portal.tests.test_auth" name="test_login_success" time="0.039" /><testcase classname="portal.tests.test_auth" name="test_login_invalid_password" time="0.016" /><testcase classname="portal.tests.test_auth" name="test_login_nonexistent_user" time="0.017" /><testcase classname="portal.tests.test_auth" name="test_login_empty_credentials" time="0.015" /><testcase classname="portal.tests.test_auth" name="test_login_sql_injection_attempt" time="0.026" /><testcase classname="portal.tests.test_auth" name="test_login_rate_limit" time="0.016" /><testcase classname="portal.tests.test_auth" name="test_refresh_token_success" time="0.016" /><testcase classname="portal.tests.test_auth" name="test_refresh_token_expired" time="0.014" /><testcase classname="portal.tests.test_auth" name="test_refresh_token_missing" time="0.017" /><testcase classname="portal.tests.test_auth" name="test_logout_success" time="0.024" /><testcase classname="portal.tests.test_auth" name="test_logout_without_auth" time="0.024" /><testcase classname="portal.tests.test_auth" name="test_mfa_enable_success" time="0.018" /><testcase classname="portal.tests.test_auth" name="test_mfa_verify_valid_code" time="0.017" /><testcase classname="portal.tests.test_auth" name="test_mfa_verify_invalid_code" time="0.016" /><testcase classname="portal.tests.test_auth" name="test_mfa_backup_code_login" time="0.018" /><testcase classname="portal.tests.test_auth" name="test_invalid_jwt_returns_401" time="0.014" /><testcase classname="portal.tests.test_auth" name="test_expired_jwt_returns_401" time="0.016" /><testcase classname="portal.tests.test_auth" name="test_missing_authorization_header" time="0.013" /><testcase classname="portal.tests.test_auth" name="test_malformed_authorization_header" time="0.015" /><testcase classname="portal.tests.test_auth" name="test_account_locked_after_failures" time="0.016" /><testcase classname="portal.tests.test_mission_control_run_controls" name="test_run_control_creation_and_valid_transition" time="0.919" /><testcase classname="portal.tests.test_mission_control_run_controls" name="test_run_control_rejects_stale_version" time="0.279" /><testcase classname="portal.tests.test_mission_control_run_controls" name="test_run_control_rejects_invalid_transition" time="0.222" /><testcase classname="portal.tests.test_mission_control_run_controls" name="test_run_control_creation_records_projection_metadata" time="0.204" /><testcase classname="portal.tests.test_mission_control_run_controls" name="test_run_control_superseded_transition_is_supported" time="0.262" /><testcase classname="portal.tests.test_mission_control_run_controls" name="test_run_control_transition_requires_tenant_scope_and_blocks_cross_tenant_access" time="0.316" /><testcase classname="portal.tests.test_mission_control_run_controls" name="test_run_control_transition_update_includes_tenant_predicate" time="0.257" /><testcase classname="portal.tests.test_mission_control_run_controls" name="test_terminal_precedence_over_pause_intent[PAUSE_REQUESTED-CANCELLED]" time="0.240" /><testcase classname="portal.tests.test_mission_control_run_controls" name="test_terminal_precedence_over_pause_intent[PAUSE_REQUESTED-COMPLETED]" time="0.278" /><testcase classname="portal.tests.test_mission_control_run_controls" name="test_terminal_precedence_over_pause_intent[PAUSE_REQUESTED-FAILED]" time="0.262" /><testcase classname="portal.tests.test_mission_control_run_controls" name="test_terminal_precedence_over_pause_intent[PAUSING-CANCELLED]" time="0.316" /><testcase classname="portal.tests.test_mission_control_run_controls" name="test_terminal_precedence_over_pause_intent[PAUSING-COMPLETED]" time="0.298" /><testcase classname="portal.tests.test_mission_control_run_controls" name="test_terminal_precedence_over_pause_intent[PAUSING-FAILED]" time="0.288" /><testcase classname="portal.tests.test_mission_control_run_controls" name="test_terminal_states_reject_follow_up_transitions[COMPLETED]" time="0.224" /><testcase classname="portal.tests.test_mission_control_run_controls" name="test_terminal_states_reject_follow_up_transitions[FAILED]" time="0.216" /><testcase classname="portal.tests.test_mission_control_run_controls" name="test_terminal_states_reject_follow_up_transitions[CANCELLED]" time="0.221" /><testcase classname="portal.tests.test_mission_control_run_controls" name="test_terminal_states_reject_follow_up_transitions[COMPENSATED]" time="0.239" /><testcase classname="portal.tests.test_mission_control_run_controls" name="test_parallel_pg_transition_race_appends_exactly_one_event" time="0.007"><skipped type="pytest.skip" message="PostgreSQL DATABASE_URL not configured">C:\Users\admin\SintraPrime-Unified-w45\portal\tests\test_mission_control_run_controls.py:566: PostgreSQL DATABASE_URL not configured</skipped></testcase><testcase classname="portal.tests.test_mission_control_run_controls" name="test_pg_flushed_transition_rollback_does_not_persist" time="0.007"><skipped type="pytest.skip" message="PostgreSQL DATABASE_URL not configured">C:\Users\admin\SintraPrime-Unified-w45\portal\tests\test_mission_control_run_controls.py:771: PostgreSQL DATABASE_URL not configured</skipped></testcase><testcase classname="portal.tests.test_mission_control_run_controls" name="test_seed_refs_is_idempotent_and_reuses_canonical_role" time="0.406" /><testcase classname="portal.tests.test_mission_control_run_controls" name="test_seed_refs_idempotent_under_ordering" time="0.289" /><testcase classname="portal.tests.test_mission_control_review_corrections" name="test_causation_chain_excludes_cross_tenant_run_control_events" time="0.233" /><testcase classname="portal.tests.test_mission_control_review_corrections" name="test_causation_chain_includes_same_tenant_run_control_events" time="0.188" /><testcase classname="portal.tests.test_mission_control_review_corrections" name="test_detail_command_redacts_payload" time="0.174" /><testcase classname="portal.tests.test_mission_control_review_corrections" name="test_detail_command_redacts_event_payload" time="0.175" /><testcase classname="portal.tests.test_mission_control_review_corrections" name="test_detail_command_redacts_evidence_refs" time="0.167" /><testcase classname="portal.tests.test_mission_control_review_corrections" name="test_detail_run_control_redacts_sensitive_fields" time="0.174" /><testcase classname="portal.tests.test_mission_control_review_corrections" name="test_detail_run_control_redacts_none_sensitive_fields" time="0.176" /><testcase classname="portal.tests.test_mission_control_review_corrections" name="test_list_commands_returns_summaries_not_full_projections" time="0.180" /><testcase classname="portal.tests.test_mission_control_review_corrections" name="test_list_run_controls_returns_summaries_not_full_projections" time="0.164" /><testcase classname="portal.tests.test_mission_control_review_corrections" name="test_list_commands_summary_counts" time="0.176" /><testcase classname="portal.tests.test_mission_control_review_corrections" name="test_list_commands_has_freshness" time="0.145" /><testcase classname="portal.tests.test_mission_control_review_corrections" name="test_list_run_controls_has_freshness" time="0.155" /><testcase classname="portal.tests.test_mission_control_review_corrections" name="test_get_command_has_freshness" time="0.177" /><testcase classname="portal.tests.test_mission_control_review_corrections" name="test_get_run_control_has_freshness" time="0.165" /><testcase classname="portal.tests.test_mission_control_review_corrections" name="test_causation_chain_has_freshness" time="0.176" /><testcase classname="portal.tests.test_mission_control_review_corrections" name="test_freshness_metadata_serialized_in_router" time="0.199" /><testcase classname="portal.tests.test_mission_control_review_corrections" name="test_causation_chain_has_truncation_metadata" time="0.172" /><testcase classname="portal.tests.test_mission_control_review_corrections" name="test_causation_chain_detects_missing_parent" time="0.198" /><testcase classname="portal.tests.test_mission_control_review_corrections" name="test_causation_chain_detects_duplicate_hash" time="0.198" /><testcase classname="portal.tests.test_mission_control_review_corrections" name="test_causation_chain_deterministic_ordering" time="0.184" /><testcase classname="portal.tests.test_mission_control_review_corrections" name="test_causation_chain_truncation_at_max_links" time="0.367" /><testcase classname="portal.tests.test_mission_control_review_corrections.TestRefusalOnlyCommandsRegression" name="test_post_commands_endpoint_exists" time="0.192" /><testcase classname="portal.tests.test_mission_control_review_corrections.TestFreshnessClassification" name="test_live_when_source_within_5_seconds" time="0.003" /><testcase classname="portal.tests.test_mission_control_review_corrections.TestFreshnessClassification" name="test_live_at_exact_5_second_boundary" time="0.002" /><testcase classname="portal.tests.test_mission_control_review_corrections.TestFreshnessClassification" name="test_delayed_when_source_between_5_and_60_seconds" time="0.002" /><testcase classname="portal.tests.test_mission_control_review_corrections.TestFreshnessClassification" name="test_delayed_at_exact_60_second_boundary" time="0.003" /><testcase classname="portal.tests.test_mission_control_review_corrections.TestFreshnessClassification" name="test_stale_when_source_over_60_seconds" time="0.003" /><testcase classname="portal.tests.test_mission_control_review_corrections.TestFreshnessClassification" name="test_unknown_when_source_is_none" time="0.003" /><testcase classname="portal.tests.test_mission_control_review_corrections.TestFreshnessClassification" name="test_naive_datetimes_normalized_to_utc" time="0.003" /><testcase classname="portal.tests.test_mission_control_review_corrections.TestRedaction" name="test_redact_dict_redacts_non_exposed_fields" time="0.003" /><testcase classname="portal.tests.test_mission_control_review_corrections.TestRedaction" name="test_redact_dict_redacts_all_when_none_exposed" time="0.003" /><testcase classname="portal.tests.test_mission_control_review_corrections.TestRedaction" name="test_redact_dict_empty" time="0.002" /><testcase classname="portal.tests.test_mission_control_review_corrections.TestRedaction" name="test_redact_evidence_refs_preserves_count" time="0.003" /><testcase classname="portal.tests.test_mission_control_review_corrections.TestRedaction" name="test_redact_evidence_refs_empty" time="0.002" /><testcase classname="portal.tests.test_mission_control_review_corrections.TestRedaction" name="test_redact_error_redacts_non_empty_text" time="0.002" /><testcase classname="portal.tests.test_mission_control_review_corrections.TestRedaction" name="test_redact_error_preserves_none" time="0.002" /><testcase classname="portal.tests.test_mission_control_review_corrections.TestRedaction" name="test_redact_error_preserves_empty_string" time="0.003" /><testcase classname="portal.tests.test_mission_control_review_corrections.TestRedaction" name="test_redact_ref_redacts_non_none" time="0.002" /><testcase classname="portal.tests.test_mission_control_review_corrections.TestRedaction" name="test_redact_ref_preserves_none" time="0.002" /><testcase classname="portal.tests.test_mission_control_review_corrections.TestRedaction" name="test_redacted_constant_value" time="0.002" /><testcase classname="portal.tests.test_mission_control_review_corrections.TestRedaction" name="test_exposed_payload_fields_contains_expected_fields" time="0.003" /><testcase classname="portal.tests.test_mission_control_review_corrections.TestCausationLinkSchema" name="test_causation_link_source_types" time="0.002" /><testcase classname="portal.tests.test_mission_control_review_corrections.TestCycleDetection" name="test_self_cycle_detected" time="0.003" /><testcase classname="portal.tests.test_mission_control_review_corrections.TestCycleDetection" name="test_two_node_cycle_detected" time="0.002" /><testcase classname="portal.tests.test_mission_control_review_corrections.TestCycleDetection" name="test_longer_cycle_detected" time="0.003" /><testcase classname="portal.tests.test_mission_control_review_corrections.TestCycleDetection" name="test_valid_acyclic_chain_no_cycle_warning" time="0.003" /><testcase classname="portal.tests.test_mission_control_review_corrections.TestCycleDetection" name="test_empty_links_no_cycle_warning" time="0.002" /><testcase classname="portal.tests.test_mission_control_review_corrections.TestCycleDetection" name="test_cycle_warning_contains_source_ids" time="0.002" /><testcase classname="portal.tests.test_mission_control_review_corrections.TestCycleDetection" name="test_cycle_detected_in_full_causation_chain" time="0.194" /></testsuite></testsuites>