<?xml version="1.0" encoding="utf-8"?><testsuites name="pytest tests"><testsuite name="pytest" errors="0" failures="0" skipped="0" tests="563" time="345.981" timestamp="2026-09-09T21:58:28.180563-04:00" hostname="DESKTOP-7RJIO6V"><testcase classname="tests.security.test_no_runtime_exec.TestNovaExecGate" name="test_dynamic_exec_blocked_by_default" time="0.019" /><testcase classname="tests.security.test_no_runtime_exec.TestNovaExecGate" name="test_dynamic_exec_blocked_when_empty" time="0.008" /><testcase classname="tests.security.test_no_runtime_exec.TestNovaExecGate" name="test_dynamic_exec_blocked_when_false" time="0.010" /><testcase classname="tests.security.test_no_runtime_exec.TestNovaExecGate" name="test_dynamic_exec_blocked_when_zero" time="0.009" /><testcase classname="tests.security.test_no_runtime_exec.TestNovaExecGate" name="test_dynamic_exec_gate_case_insensitive_TRUE" time="0.014" /><testcase classname="tests.security.test_no_runtime_exec.TestNovaExecGate" name="test_dynamic_exec_gate_case_insensitive_Title" time="0.013" /><testcase classname="tests.security.test_no_runtime_exec.TestNovaExecGate" name="test_dynamic_exec_permitted_when_true" time="0.012" /><testcase classname="tests.security.test_no_runtime_exec.TestNovaExecGate" name="test_gate_re_evaluated_per_call" time="0.023" /><testcase classname="tests.security.test_no_runtime_exec.TestNovaExecGate" name="test_known_actions_never_hit_exec_gate" time="0.009" /><testcase classname="tests.security.test_no_runtime_exec.TestTaskExecutorExecGate" name="test_execute_python_blocked_by_default" time="0.003" /><testcase classname="tests.security.test_no_runtime_exec.TestTaskExecutorExecGate" name="test_execute_python_blocked_then_permitted" time="0.003" /><testcase classname="tests.security.test_no_runtime_exec.TestTaskExecutorExecGate" name="test_execute_python_blocked_when_empty" time="0.004" /><testcase classname="tests.security.test_no_runtime_exec.TestTaskExecutorExecGate" name="test_execute_python_blocked_when_false" time="0.003" /><testcase classname="tests.security.test_no_runtime_exec.TestTaskExecutorExecGate" name="test_execute_python_blocked_when_zero" time="0.004" /><testcase classname="tests.security.test_no_runtime_exec.TestTaskExecutorExecGate" name="test_execute_python_error_message_mentions_flag" time="0.003" /><testcase classname="tests.security.test_no_runtime_exec.TestTaskExecutorExecGate" name="test_execute_python_output_capture" time="0.004" /><testcase classname="tests.security.test_no_runtime_exec.TestTaskExecutorExecGate" name="test_execute_python_permitted_case_insensitive_TRUE" time="0.004" /><testcase classname="tests.security.test_no_runtime_exec.TestTaskExecutorExecGate" name="test_execute_python_permitted_case_insensitive_Title" time="0.004" /><testcase classname="tests.security.test_no_runtime_exec.TestTaskExecutorExecGate" name="test_execute_python_permitted_when_true" time="0.003" /><testcase classname="tests.security.test_no_runtime_exec.TestTaskExecutorExecGate" name="test_execute_python_safe_builtins_still_enforced" time="0.004" /><testcase classname="tests.security.test_no_runtime_exec.TestTaskExecutorShellSafety" name="test_execute_shell_blocks_mkfs" time="0.005" /><testcase classname="tests.security.test_no_runtime_exec.TestTaskExecutorShellSafety" name="test_execute_shell_blocks_rm_rf" time="0.004" /><testcase classname="tests.security.test_no_runtime_exec.TestTaskExecutorShellSafety" name="test_execute_shell_blocks_shutdown" time="0.003" /><testcase classname="tests.security.test_no_runtime_exec.TestTaskExecutorShellSafety" name="test_execute_shell_blocks_sudo_rm" time="0.004" /><testcase classname="tests.security.test_no_runtime_exec.TestTaskExecutorShellSafety" name="test_execute_shell_no_shell_true_kwarg" time="0.006" /><testcase classname="tests.security.test_no_runtime_exec.TestTaskExecutorShellSafety" name="test_execute_shell_safe_mode_false_bypasses_pattern_check" time="0.005" /><testcase classname="tests.security.test_no_runtime_exec.TestTaskExecutorShellSafety" name="test_execute_shell_timeout_raises" time="0.005" /><testcase classname="tests.security.test_no_runtime_exec.TestTaskExecutorShellSafety" name="test_execute_shell_uses_list_args" time="0.005" /><testcase classname="tests.smoke.test_governed_inference_smoke" name="test_mock_provider_invokes_locally" time="0.003" /><testcase classname="tests.smoke.test_governed_inference_smoke" name="test_router_selects_local_provider_by_default" time="0.004" /><testcase classname="tests.smoke.test_governed_inference_smoke" name="test_router_produces_receipt" time="0.005" /><testcase classname="tests.test_chat_agent_governed.TestChatAgentGovernedRouting" name="test_fallback_when_no_openai_key" time="0.004" /><testcase classname="tests.test_chat_agent_governed.TestChatAgentGovernedRouting" name="test_governed_router_error_returns_error_message" time="0.017" /><testcase classname="tests.test_chat_agent_governed.TestChatAgentGovernedRouting" name="test_governed_router_request_metadata_model_override" time="0.005" /><testcase classname="tests.test_chat_agent_governed.TestChatAgentGovernedRouting" name="test_governed_router_returns_content" time="0.005" /><testcase classname="tests.test_chat_agent_governed.TestChatAgentGovernedRouting" name="test_governed_router_uses_lazy_build" time="0.005" /><testcase classname="tests.test_chat_agent_governed.TestChatAgentGovernedRouting" name="test_public_mode_system_prompt_preserved_in_messages" time="0.006" /><testcase classname="tests.test_credit_command_center.TestClientCase" name="test_create_minimal" time="0.003" /><testcase classname="tests.test_credit_command_center.TestClientCase" name="test_create_full" time="0.003" /><testcase classname="tests.test_credit_command_center.TestClientCase" name="test_invalid_case_id" time="0.004" /><testcase classname="tests.test_credit_command_center.TestClientCase" name="test_invalid_scorecard_total_too_high" time="0.003" /><testcase classname="tests.test_credit_command_center.TestClientCase" name="test_invalid_scorecard_total_negative" time="0.006" /><testcase classname="tests.test_credit_command_center.TestCreditAccount" name="test_create_minimal" time="0.004" /><testcase classname="tests.test_credit_command_center.TestCreditAccount" name="test_create_full" time="0.007" /><testcase classname="tests.test_credit_command_center.TestEvidenceItem" name="test_create_minimal" time="0.005" /><testcase classname="tests.test_credit_command_center.TestEvidenceItem" name="test_create_with_ocr" time="0.012" /><testcase classname="tests.test_credit_command_center.TestFinding" name="test_create_valid" time="0.006" /><testcase classname="tests.test_credit_command_center.TestFinding" name="test_invalid_finding_number_zero" time="0.005" /><testcase classname="tests.test_credit_command_center.TestActionReceipt" name="test_create_minimal" time="0.006" /><testcase classname="tests.test_credit_command_center.TestActionReceipt" name="test_create_with_details" time="0.004" /><testcase classname="tests.test_credit_command_center.TestScorecard" name="test_total_calculation" time="0.003" /><testcase classname="tests.test_credit_command_center.TestScorecard" name="test_rating_strong" time="0.003" /><testcase classname="tests.test_credit_command_center.TestScorecard" name="test_rating_moderate" time="0.002" /><testcase classname="tests.test_credit_command_center.TestScorecard" name="test_rating_weak" time="0.003" /><testcase classname="tests.test_credit_command_center.TestScorecard" name="test_rating_high_risk" time="0.003" /><testcase classname="tests.test_credit_command_center.TestScorecard" name="test_all_zero" time="0.003" /><testcase classname="tests.test_credit_command_center.TestScorecard" name="test_all_max" time="0.003" /><testcase classname="tests.test_credit_command_center.TestScorecard" name="test_category_scores" time="0.003" /><testcase classname="tests.test_credit_command_center.TestScorecard" name="test_invalid_score_too_low" time="0.004" /><testcase classname="tests.test_credit_command_center.TestScorecard" name="test_invalid_score_too_high" time="0.003" /><testcase classname="tests.test_credit_command_center.TestNormalizeClientName" name="test_simple" time="0.003" /><testcase classname="tests.test_credit_command_center.TestNormalizeClientName" name="test_extra_spaces" time="0.003" /><testcase classname="tests.test_credit_command_center.TestNormalizeClientName" name="test_hyphenated" time="0.002" /><testcase classname="tests.test_credit_command_center.TestNormalizeClientName" name="test_special_chars" time="0.003" /><testcase classname="tests.test_credit_command_center.TestNormalizeClientName" name="test_already_slug" time="0.002" /><testcase classname="tests.test_credit_command_center.TestBuildCaseFolderPath" name="test_simple" time="0.003" /><testcase classname="tests.test_credit_command_center.TestBuildCaseFolderPath" name="test_custom_base" time="0.003" /><testcase classname="tests.test_credit_command_center.TestBuildEvidenceFolderPath" name="test_intake" time="0.003" /><testcase classname="tests.test_credit_command_center.TestBuildEvidenceFolderPath" name="test_credit_reports" time="0.004" /><testcase classname="tests.test_credit_command_center.TestBuildEvidenceFolderPath" name="test_output" time="0.003" /><testcase classname="tests.test_credit_command_center.TestRateScorecard" name="test_delegates_to_model" time="0.003" /><testcase classname="tests.test_credit_command_center.TestRateScorecard" name="test_high_risk" time="0.003" /><testcase classname="tests.test_credit_command_center.TestCreateReceipt" name="test_auto_generates_id" time="0.004" /><testcase classname="tests.test_credit_command_center.TestCreateReceipt" name="test_with_explicit_id" time="0.003" /><testcase classname="tests.test_credit_command_center.TestCreateReceipt" name="test_with_details_and_file_path" time="0.003" /><testcase classname="tests.test_credit_command_center.TestClient0001Fixture" name="test_fixture_exists" time="0.003" /><testcase classname="tests.test_credit_command_center.TestClient0001Fixture" name="test_case_loaded" time="0.029" /><testcase classname="tests.test_credit_command_center.TestClient0001Fixture" name="test_credit_accounts_loaded" time="0.004" /><testcase classname="tests.test_credit_command_center.TestClient0001Fixture" name="test_evidence_items_loaded" time="0.004" /><testcase classname="tests.test_credit_command_center.TestClient0001Fixture" name="test_findings_loaded" time="0.006" /><testcase classname="tests.test_credit_command_center.TestClient0001Fixture" name="test_scorecard_loaded" time="0.005" /><testcase classname="tests.test_deadline_evidence_phase_two_c_three" name="test_deadline_and_evidence_models_are_tenant_scoped" time="0.006" /><testcase classname="tests.test_deadline_evidence_phase_two_c_three" name="test_calendar_deadline_is_timezone_safe" time="0.041" /><testcase classname="tests.test_deadline_evidence_phase_two_c_three" name="test_business_deadline_skips_weekends_and_holidays" time="0.003" /><testcase classname="tests.test_deadline_evidence_phase_two_c_three" name="test_naive_or_unknown_timezone_requires_reviewable_error" time="0.005" /><testcase classname="tests.test_deadline_evidence_phase_two_c_three" name="test_evidence_link_schema_rejects_invalid_relationship" time="0.003" /><testcase classname="tests.test_deadline_evidence_phase_two_c_three" name="test_evidence_approval_requires_attorney" time="0.013" /><testcase classname="tests.test_deadline_evidence_phase_two_c_three" name="test_routes_require_authentication_and_register_scope" time="0.303" /><testcase classname="tests.test_deadline_evidence_phase_two_c_three" name="test_deadline_evidence_migration_has_rollback_and_scope_contract" time="0.005" /><testcase classname="tests.test_fcra_reinvestigation.TestReinvestigationWindowConstants" name="test_standard_window_is_30_days" time="0.003" /><testcase classname="tests.test_fcra_reinvestigation.TestReinvestigationWindowConstants" name="test_extension_is_15_days" time="0.003" /><testcase classname="tests.test_fcra_reinvestigation.TestReinvestigationDeadline" name="test_standard_deadline_adds_30_days" time="0.016" /><testcase classname="tests.test_fcra_reinvestigation.TestReinvestigationDeadline" name="test_authorized_extension_adds_45_days" time="0.003" /><testcase classname="tests.test_fcra_reinvestigation.TestReinvestigationDeadline" name="test_extension_defaults_to_false" time="0.003" /><testcase classname="tests.test_fcra_reinvestigation.TestReinvestigationOverdue" name="test_not_overdue_within_standard_window" time="0.003" /><testcase classname="tests.test_fcra_reinvestigation.TestReinvestigationOverdue" name="test_overdue_after_standard_window_no_extension" time="0.003" /><testcase classname="tests.test_fcra_reinvestigation.TestReinvestigationOverdue" name="test_not_overdue_inside_extension_period" time="0.003" /><testcase classname="tests.test_fcra_reinvestigation.TestReinvestigationOverdue" name="test_overdue_after_extension_period" time="0.003" /><testcase classname="tests.test_fcra_reinvestigation.TestReinvestigationOverdue" name="test_extension_defaults_to_false" time="0.003" /><testcase classname="tests.test_fcra_reinvestigation.TestReinvestigationModel" name="test_default_status_is_not_started" time="0.003" /><testcase classname="tests.test_fcra_reinvestigation.TestInvalidDateInput" name="test_invalid_date_raises_value_error" time="0.003" /><testcase classname="tests.test_fcra_reinvestigation.TestInvalidDateInput" name="test_invalid_overdue_date_raises_value_error" time="0.003" /><testcase classname="tests.test_governed_inference" name="test_sensitive_request_uses_local_and_blocks_cloud_by_default" time="0.006" /><testcase classname="tests.test_governed_inference" name="test_paid_route_denied_when_global_switch_false_even_with_request_approval" time="0.004" /><testcase classname="tests.test_governed_inference" name="test_unknown_cloud_cost_fails_closed_not_zero" time="0.005" /><testcase classname="tests.test_governed_inference" name="test_omniroute_and_openrouter_are_ineligible_until_cost_is_known" time="0.004" /><testcase classname="tests.test_governed_inference" name="test_configured_free_gateway_can_handle_public_non_sensitive_work" time="0.004" /><testcase classname="tests.test_governed_inference" name="test_strict_policy_merge_cannot_weaken_parent" time="0.003" /><testcase classname="tests.test_governed_inference" name="test_local_inference_remains_available_when_cloud_disabled_or_unconfigured" time="0.005" /><testcase classname="tests.test_governed_inference" name="test_stream_failure_retries_same_adapter_non_stream_without_partial_concat" time="0.009" /><testcase classname="tests.test_governed_inference" name="test_transient_retry_is_bounded_and_recorded" time="0.017" /><testcase classname="tests.test_governed_inference" name="test_exact_cache_hit_is_auditable_and_skips_provider_call" time="0.009" /><testcase classname="tests.test_governed_inference" name="test_deterministic_replay_provider_for_ci_without_external_calls" time="0.004" /><testcase classname="tests.test_governed_inference" name="test_reliability_floor_blocks_bad_free_provider" time="0.004" /><testcase classname="tests.test_governed_inference" name="test_reliability_score_prefers_healthier_free_provider" time="0.004" /><testcase classname="tests.test_governed_inference" name="test_complex_work_can_be_decomposed_for_smaller_local_models" time="0.002" /><testcase classname="tests.test_governed_inference" name="test_quality_floor_blocks_small_model_for_premium_reasoning" time="0.004" /><testcase classname="tests.test_governed_inference" name="test_escalation_queue_records_why_no_route_can_run" time="0.007" /><testcase classname="tests.test_governed_inference_adapters.TestOpenAIProvider" name="test_unconfigured_provider_raises_on_invoke" time="0.004" /><testcase classname="tests.test_governed_inference_adapters.TestOpenAIProvider" name="test_unconfigured_provider_health_reports_not_configured" time="0.003" /><testcase classname="tests.test_governed_inference_adapters.TestOpenAIProvider" name="test_successful_invocation_returns_correct_result" time="0.005" /><testcase classname="tests.test_governed_inference_adapters.TestOpenAIProvider" name="test_error_translation_rate_limit" time="0.006" /><testcase classname="tests.test_governed_inference_adapters.TestOpenAIProvider" name="test_error_translation_auth_error" time="0.004" /><testcase classname="tests.test_governed_inference_adapters.TestOpenAIProvider" name="test_error_translation_bad_request" time="0.005" /><testcase classname="tests.test_governed_inference_adapters.TestOpenAIProvider" name="test_streaming_invocation_accumulates_content" time="0.010" /><testcase classname="tests.test_governed_inference_adapters.TestOpenAIProvider" name="test_structured_logging_on_success" time="0.008" /><testcase classname="tests.test_governed_inference_adapters.TestOpenAIProvider" name="test_structured_logging_on_error" time="0.010" /><testcase classname="tests.test_governed_inference_adapters.TestOpenAIProvider" name="test_capabilities_report_correct_metadata" time="0.003" /><testcase classname="tests.test_governed_inference_adapters.TestAnthropicProvider" name="test_unconfigured_provider_raises_on_invoke" time="0.006" /><testcase classname="tests.test_governed_inference_adapters.TestAnthropicProvider" name="test_successful_invocation_returns_correct_result" time="0.015" /><testcase classname="tests.test_governed_inference_adapters.TestAnthropicProvider" name="test_system_message_extraction" time="0.005" /><testcase classname="tests.test_governed_inference_adapters.TestAnthropicProvider" name="test_error_translation_rate_limit" time="0.004" /><testcase classname="tests.test_governed_inference_adapters.TestAnthropicProvider" name="test_capabilities_report_correct_metadata" time="0.002" /><testcase classname="tests.test_governed_inference_adapters.TestAnthropicProvider" name="test_structured_logging_on_success" time="0.007" /><testcase classname="tests.test_governed_inference_adapters.TestTimeoutEnforcement" name="test_timeout_policy_value_is_read_from_config" time="0.004" /><testcase classname="tests.test_governed_inference_adapters.TestTimeoutEnforcement" name="test_router_emits_timeout_on_slow_provider" time="0.019" /><testcase classname="tests.test_governed_inference_adapters.TestTimeoutEnforcement" name="test_router_completes_within_timeout" time="0.005" /><testcase classname="tests.test_governed_inference_adapters.TestStructuredLogging" name="test_router_logs_request_lifecycle" time="0.011" /><testcase classname="tests.test_governed_inference_adapters.TestStructuredLogging" name="test_router_logs_denied_request" time="0.009" /><testcase classname="tests.test_governed_inference_adapters.TestStructuredLogging" name="test_router_logs_attempt_failure" time="0.018" /><testcase classname="tests.test_governed_inference_adapters.TestStructuredLogging" name="test_no_prompt_content_in_logs" time="0.008" /><testcase classname="tests.test_governed_inference_adapters.TestTraceIntegration" name="test_tracer_creates_span_on_invoke" time="0.005" /><testcase classname="tests.test_governed_inference_adapters.TestTraceIntegration" name="test_tracer_records_error_on_denied_request" time="0.006" /><testcase classname="tests.test_governed_inference_adapters.TestTraceIntegration" name="test_tracer_records_cache_hit" time="0.005" /><testcase classname="tests.test_governed_inference_adapters.TestTraceIntegration" name="test_no_tracer_backward_compatible" time="0.004" /><testcase classname="tests.test_governed_inference_adapters.TestTraceIntegration" name="test_tracer_span_has_latency_tag" time="0.004" /><testcase classname="tests.test_governed_inference_adapters.TestOllamaProvider" name="test_provider_is_configured_and_local" time="0.003" /><testcase classname="tests.test_governed_inference_adapters.TestOllamaProvider" name="test_health_reflects_client_availability" time="0.006" /><testcase classname="tests.test_governed_inference_adapters.TestOllamaProvider" name="test_successful_invocation_returns_correct_result" time="0.004" /><testcase classname="tests.test_governed_inference_adapters.TestOllamaProvider" name="test_model_override_is_used" time="0.004" /><testcase classname="tests.test_governed_inference_adapters.TestOllamaProvider" name="test_error_translation_for_connection_error" time="0.005" /><testcase classname="tests.test_governed_inference_adapters.TestOllamaProvider" name="test_structured_logging_on_success" time="0.006" /><testcase classname="tests.test_governed_inference_adapters.TestDeepSeekProvider" name="test_unconfigured_provider_raises_on_invoke" time="0.003" /><testcase classname="tests.test_governed_inference_adapters.TestDeepSeekProvider" name="test_successful_invocation_returns_correct_result" time="0.005" /><testcase classname="tests.test_governed_inference_adapters.TestDeepSeekProvider" name="test_reasoning_task_selects_reasoner_model" time="0.004" /><testcase classname="tests.test_governed_inference_adapters.TestDeepSeekProvider" name="test_reasoning_content_preserved_in_metadata" time="0.005" /><testcase classname="tests.test_governed_inference_adapters.TestDeepSeekProvider" name="test_error_translation_rate_limit" time="0.004" /><testcase classname="tests.test_governed_inference_adapters.TestDeepSeekProvider" name="test_structured_logging_on_success" time="0.006" /><testcase classname="tests.test_legal_authority_phase_one" name="test_valid_authority_model" time="0.002" /><testcase classname="tests.test_legal_authority_phase_one" name="test_invalid_authority_fields[source_classification-BLOG]" time="0.004" /><testcase classname="tests.test_legal_authority_phase_one" name="test_invalid_authority_fields[jurisdiction-XX]" time="0.004" /><testcase classname="tests.test_legal_authority_phase_one" name="test_invalid_authority_fields[verification_status-LEGAL_APPROVED]" time="0.004" /><testcase classname="tests.test_legal_authority_phase_one" name="test_invalid_authority_fields[citation-]" time="0.003" /><testcase classname="tests.test_legal_authority_phase_one" name="test_unsupported_private_claim_cannot_be_verified" time="0.003" /><testcase classname="tests.test_legal_authority_phase_one" name="test_rule_schema_validation_errors" time="0.003" /><testcase classname="tests.test_legal_authority_phase_one" name="test_repository_has_no_orphan_rules" time="0.397" /><testcase classname="tests.test_legal_authority_phase_one" name="test_current_rule_selection_requires_human_review_with_provenance" time="0.118" /><testcase classname="tests.test_legal_authority_phase_one" name="test_future_rule_is_not_applied_early" time="0.074" /><testcase classname="tests.test_legal_authority_phase_one" name="test_repealed_historical_rule_available_only_historically" time="0.063" /><testcase classname="tests.test_legal_authority_phase_one" name="test_superseded_rule_does_not_apply_currently" time="0.057" /><testcase classname="tests.test_legal_authority_phase_one" name="test_missing_effective_date_requires_review" time="0.058" /><testcase classname="tests.test_legal_authority_phase_one" name="test_overlapping_rules_trigger_conflict" time="0.080" /><testcase classname="tests.test_legal_authority_phase_one" name="test_new_jersey_representative_rules_select_with_authorities[revocable trust exposure-NJ-TRUST-REVOCABLE-CREDITOR-EXPOSURE-NJ-UTC-CREDITORS-3B31-35-41]" time="0.061" /><testcase classname="tests.test_legal_authority_phase_one" name="test_new_jersey_representative_rules_select_with_authorities[irrevocable trust settlor benefit-NJ-TRUST-IRREVOCABLE-SETTLOR-BENEFIT-NJ-UTC-CREDITORS-3B31-35-41]" time="0.050" /><testcase classname="tests.test_legal_authority_phase_one" name="test_new_jersey_representative_rules_select_with_authorities[spendthrift provisions-NJ-TRUST-SPENDTHRIFT-DISCRETIONARY-MANDATORY-NJ-UTC-CREDITORS-3B31-35-41]" time="0.053" /><testcase classname="tests.test_legal_authority_phase_one" name="test_new_jersey_representative_rules_select_with_authorities[discretionary trusts-NJ-TRUST-SPENDTHRIFT-DISCRETIONARY-MANDATORY-NJ-UTC-CREDITORS-3B31-35-41]" time="0.069" /><testcase classname="tests.test_legal_authority_phase_one" name="test_new_jersey_representative_rules_select_with_authorities[overdue distributions-NJ-TRUST-SPENDTHRIFT-DISCRETIONARY-MANDATORY-NJ-UTC-CREDITORS-3B31-35-41]" time="0.050" /><testcase classname="tests.test_legal_authority_phase_one" name="test_new_jersey_representative_rules_select_with_authorities[trustee powers duties-NJ-TRUST-TRUSTEE-DUTIES-NJ-UTC-DUTIES-3B31-54-69]" time="0.049" /><testcase classname="tests.test_legal_authority_phase_one" name="test_new_jersey_representative_rules_select_with_authorities[modification reformation-NJ-TRUST-MODIFICATION-TERMINATION-NJ-UTC-NJSA-3B31-11-26-34]" time="0.051" /><testcase classname="tests.test_legal_authority_phase_one" name="test_new_jersey_representative_rules_select_with_authorities[uniform voidable transactions act-NJ-CREDITOR-UVTA-ACTUAL-CONSTRUCTIVE-NJ-UVTA-2021-92]" time="0.054" /><testcase classname="tests.test_legal_authority_phase_one" name="test_new_jersey_representative_rules_select_with_authorities[financing statements amendments-NJ-UCC-FINANCING-STATEMENTS-AMENDMENTS-NJ-UCC9-2001-117]" time="0.067" /><testcase classname="tests.test_legal_authority_phase_one" name="test_new_jersey_representative_rules_select_with_authorities[debtor naming organization-NJ-UCC-DEBTOR-NAMING-TRUSTS-NJ-UCC9-2013-65-DEBTOR-NAME]" time="0.053" /><testcase classname="tests.test_legal_authority_phase_one" name="test_new_jersey_representative_rules_select_with_authorities[filing office rejection-NJ-UCC-FILING-REJECTION-SEARCH-NJ-NJAC-17-33-UCC-RULES]" time="0.053" /><testcase classname="tests.test_legal_authority_phase_one" name="test_unsupported_private_claim_is_quarantined_and_not_active" time="0.045" /><testcase classname="tests.test_legal_authority_phase_two_a" name="test_phase_2a_rule_categories_and_new_jersey_depth_rules_load" time="0.062" /><testcase classname="tests.test_legal_authority_phase_two_a" name="test_new_jersey_depth_authorities_preserve_locator_limitations" time="0.026" /><testcase classname="tests.test_legal_authority_phase_two_a" name="test_new_jersey_depth_rules_keep_required_provenance[NJ-CREDITOR-WAGE-EXECUTION-LIMITS-NJ-EXEC-WAGE-2A17-56]" time="0.117" /><testcase classname="tests.test_legal_authority_phase_two_a" name="test_new_jersey_depth_rules_keep_required_provenance[NJ-CREDITOR-BANK-LEVY-TURNOVER-NJ-COURTS-JUDGMENT-COLLECTION]" time="0.143" /><testcase classname="tests.test_legal_authority_phase_two_a" name="test_new_jersey_depth_rules_keep_required_provenance[NJ-CREDITOR-RETIREMENT-PENSION-PROTECTION-NJ-PENSION-EXEMPTIONS-43-8A-20-43-19-17]" time="0.086" /><testcase classname="tests.test_legal_authority_phase_two_a" name="test_new_jersey_depth_rules_keep_required_provenance[NJ-TRUST-DECANTING-UNSUPPORTED-NJ-UTC-NJSA-3B31-11-26-34]" time="0.047" /><testcase classname="tests.test_legal_authority_phase_two_a" name="test_new_jersey_depth_rules_keep_required_provenance[NJ-TRUST-VIRTUAL-REPRESENTATION-NJSA-NJ-UTC-LIABILITY-3B31-70-81]" time="0.076" /><testcase classname="tests.test_legal_authority_phase_two_a" name="test_new_jersey_depth_rules_keep_required_provenance[NJ-UCC-NJAC-17-33-OFFICIAL-SOURCE-LIMITATION-NJ-TREASURY-UCC-RULE-ADOPTION-2023]" time="0.046" /><testcase classname="tests.test_legal_authority_phase_two_a" name="test_professional_review_submission_creates_audit_event" time="0.500" /><testcase classname="tests.test_legal_authority_phase_two_a" name="test_non_attorney_cannot_approve_legal_rule" time="2.957" /><testcase classname="tests.test_legal_authority_phase_two_a" name="test_attorney_approval_gate_and_expiration" time="1.680" /><testcase classname="tests.test_legal_authority_phase_two_a" name="test_conditional_rejected_conflict_and_source_gates_deny_production" time="2.407" /><testcase classname="tests.test_legal_authority_phase_two_a" name="test_review_model_rejects_non_attorney_approval" time="0.003" /><testcase classname="tests.test_legal_authority_phase_two_a" name="test_challenge_preserves_original_and_challenged_versions" time="1.062" /><testcase classname="tests.test_legal_authority_phase_two_a" name="test_challenge_model_rejects_invalid_state" time="0.041" /><testcase classname="tests.test_legal_authority_phase_two_a" name="test_stale_source_hash_change_and_unavailable_source_create_review_queue" time="1.611" /><testcase classname="tests.test_legal_authority_phase_two_a" name="test_containment_blocks_private_claim_approval" time="1.766" /><testcase classname="tests.test_legal_authority_phase_two_a" name="test_rule_model_rejects_invalid_rule_category" time="0.038" /><testcase classname="tests.test_legal_authority_phase_two_b" name="test_governed_jurisdiction_packages_validate" time="0.117" /><testcase classname="tests.test_legal_authority_phase_two_b" name="test_new_york_rules_select_with_primary_authorities" time="0.045" /><testcase classname="tests.test_legal_authority_phase_two_b" name="test_pennsylvania_rules_select_with_primary_authorities" time="0.046" /><testcase classname="tests.test_legal_authority_phase_two_b" name="test_comparison_across_three_states_includes_warning_and_missing_data" time="0.044" /><testcase classname="tests.test_legal_authority_phase_two_b" name="test_ucc_filing_assessment_redacts_and_separates_acceptance_from_attachment" time="0.004" /><testcase classname="tests.test_legal_authority_phase_two_b" name="test_ucc_continuation_window_edge_cases" time="0.005" /><testcase classname="tests.test_legal_authority_phase_two_b" name="test_phase_2b_api_new_states_comparison_and_ucc_endpoints" time="0.966" /><testcase classname="tests.test_legal_authority_phase_two_b" name="test_phase_2b_frontend_routes_and_warnings_are_present" time="0.176" /><testcase classname="tests.test_legal_authority_phase_two_b" name="test_phase_2b_containment_no_unsupported_private_claims_in_active_state_rules" time="0.040" /><testcase classname="tests.test_legal_authority_phase_two_c_one" name="test_federal_package_validates_and_preserves_provenance" time="0.087" /><testcase classname="tests.test_legal_authority_phase_two_c_one" name="test_federal_authority_hierarchy_preserves_statute_and_regulation_types" time="0.022" /><testcase classname="tests.test_legal_authority_phase_two_c_one" name="test_federal_rules_cover_required_overlay_domains_without_production_gate_bypass" time="0.349" /><testcase classname="tests.test_legal_authority_phase_two_c_one" name="test_federal_coverage_is_partial_and_other_jurisdictions_remain_unchanged" time="0.005" /><testcase classname="tests.test_legal_authority_phase_two_c_one" name="test_federal_benefit_rules_include_social_security_va_and_railroad_retirement" time="0.042" /><testcase classname="tests.test_legal_authority_phase_two_c_one" name="test_federal_rules_keep_explicit_non_advice_limitations" time="0.039" /><testcase classname="tests.test_legal_authority_phase_two_c_one" name="test_federal_read_only_api_endpoints" time="0.395" /><testcase classname="tests.test_matter_export_phase_two_c_five" name="test_packet_contains_required_redacted_sections_hashes_and_pdf" time="0.020" /><testcase classname="tests.test_matter_export_phase_two_c_five" name="test_export_permission_is_limited_to_internal_review_roles" time="0.006" /><testcase classname="tests.test_matter_export_phase_two_c_five" name="test_packet_redaction_defense_in_depth" time="0.006" /><testcase classname="tests.test_matter_export_phase_two_c_five" name="test_export_route_requires_auth_and_registers_scope" time="0.383" /><testcase classname="tests.test_matter_export_phase_two_c_five" name="test_export_route_rejects_client_without_export_permission" time="0.273" /><testcase classname="tests.test_matter_export_phase_two_c_five" name="test_export_route_returns_hash_headers" time="0.295" /><testcase classname="tests.test_matter_export_phase_two_c_five" name="test_export_migration_not_needed_and_scope_is_documented" time="0.004" /><testcase classname="tests.test_matter_intelligence_phase_two_c_two" name="test_matter_intelligence_models_are_persistent_and_tenant_scoped" time="0.002" /><testcase classname="tests.test_matter_intelligence_phase_two_c_two" name="test_audit_chain_validation_detects_tampering" time="0.003" /><testcase classname="tests.test_matter_intelligence_phase_two_c_two" name="test_matter_intelligence_roles_are_explicitly_gated" time="0.002" /><testcase classname="tests.test_matter_intelligence_phase_two_c_two" name="test_redaction_removes_sensitive_identifiers_recursively" time="0.003" /><testcase classname="tests.test_matter_intelligence_phase_two_c_two" name="test_assessment_version_schema_rejects_extra_fields" time="0.002" /><testcase classname="tests.test_matter_intelligence_phase_two_c_two" name="test_communication_schema_restricts_direction" time="0.003" /><testcase classname="tests.test_matter_intelligence_phase_two_c_two" name="test_party_reference_validation_is_tenant_and_matter_scoped" time="0.011" /><testcase classname="tests.test_matter_intelligence_phase_two_c_two" name="test_party_reference_validation_rejects_cross_matter_reference" time="0.012" /><testcase classname="tests.test_matter_intelligence_phase_two_c_two" name="test_matter_routes_require_authenticated_rbac_context" time="0.292" /><testcase classname="tests.test_matter_intelligence_phase_two_c_two" name="test_matter_routes_are_registered_without_frontend_surface" time="0.006" /><testcase classname="tests.test_matter_intelligence_phase_two_c_two" name="test_matter_migration_contains_down_contract_and_no_deadline_engine" time="0.005" /><testcase classname="tests.test_model_router_migration.TestModelRouterDelegation" name="test_complete_delegates_to_ollama" time="0.006" /><testcase classname="tests.test_model_router_migration.TestModelRouterDelegation" name="test_complete_delegates_to_deepseek_when_ollama_unavailable" time="0.006" /><testcase classname="tests.test_model_router_migration.TestModelRouterDelegation" name="test_air_gap_mode_uses_only_ollama" time="0.005" /><testcase classname="tests.test_model_router_migration.TestModelRouterDelegation" name="test_timeout_enforcement_preserved" time="0.018" /><testcase classname="tests.test_model_router_migration.TestModelRouterDelegation" name="test_structured_logging_active" time="0.007" /><testcase classname="tests.test_model_router_migration.TestModelRouterDelegation" name="test_trace_propagation_active" time="0.005" /><testcase classname="tests.test_model_router_migration.TestModelRouterDelegation" name="test_model_router_api_backward_compatible" time="0.005" /><testcase classname="tests.test_model_router_migration.TestModelRouterDelegation" name="test_routing_plan_shape_unchanged" time="0.004" /><testcase classname="tests.test_model_router_migration.TestModelRouterDelegation" name="test_status_shape_unchanged" time="0.005" /><testcase classname="tests.test_model_router_migration.TestModelRouterDelegation" name="test_no_provider_returns_error_result" time="0.003" /><testcase classname="tests.test_model_router_migration.TestModelRouterDelegation" name="test_unknown_task_defaults_to_general_and_succeeds" time="0.005" /><testcase classname="tests.test_model_router_migration.TestModelRouterReasoning" name="test_legal_research_task_uses_deepseek_reasoner" time="0.005" /><testcase classname="tests.test_model_router_migration.TestModelRouterReasoning" name="test_model_override_passthrough" time="0.006" /><testcase classname="tests.test_model_router_migration.TestModelRouterErrorHandling" name="test_transient_error_returns_error_result" time="0.007" /><testcase classname="tests.test_model_router_migration.TestModelRouterErrorHandling" name="test_inference_error_returns_error_result" time="0.005" /><testcase classname="tests.test_nova_agent.TestNovaInit" name="test_default_init" time="0.008" /><testcase classname="tests.test_nova_agent.TestNovaInit" name="test_custom_user" time="0.008" /><testcase classname="tests.test_nova_agent.TestNovaInit" name="test_default_actions_registered" time="0.008" /><testcase classname="tests.test_nova_agent.TestNovaInit" name="test_all_eight_actions" time="0.008" /><testcase classname="tests.test_nova_agent.TestExecuteAction" name="test_auto_approve_low_risk" time="0.010" /><testcase classname="tests.test_nova_agent.TestExecuteAction" name="test_human_approval_required" time="0.010" /><testcase classname="tests.test_nova_agent.TestExecuteAction" name="test_missing_params_raises" time="0.009" /><testcase classname="tests.test_nova_agent.TestExecuteAction" name="test_unknown_action_raises" time="0.008" /><testcase classname="tests.test_nova_agent.TestExecuteAction" name="test_force_no_approval" time="0.244" /><testcase classname="tests.test_nova_agent.TestExecuteAction" name="test_schedule_court_date" time="0.012" /><testcase classname="tests.test_nova_agent.TestApprovalFlow" name="test_approve_execution" time="0.012" /><testcase classname="tests.test_nova_agent.TestApprovalFlow" name="test_reject_execution" time="0.011" /><testcase classname="tests.test_nova_agent.TestApprovalFlow" name="test_reject_already_rejected" time="0.011" /><testcase classname="tests.test_nova_agent.TestRollback" name="test_rollback_completed" time="0.011" /><testcase classname="tests.test_nova_agent.TestRollback" name="test_rollback_nonexistent" time="0.008" /><testcase classname="tests.test_nova_agent.TestExecutionHistory" name="test_history_empty" time="0.009" /><testcase classname="tests.test_nova_agent.TestExecutionHistory" name="test_history_filter_by_type" time="0.128" /><testcase classname="tests.test_nova_agent.TestExecutionHistory" name="test_log_execution" time="0.012" /><testcase classname="tests.test_nova_agent.TestRegistryBasics" name="test_register_action" time="0.003" /><testcase classname="tests.test_nova_agent.TestRegistryBasics" name="test_duplicate_raises" time="0.003" /><testcase classname="tests.test_nova_agent.TestRegistryBasics" name="test_overwrite" time="0.003" /><testcase classname="tests.test_nova_agent.TestRegistryBasics" name="test_get_nonexistent_raises" time="0.002" /><testcase classname="tests.test_nova_agent.TestRegistryBasics" name="test_list_actions" time="0.004" /><testcase classname="tests.test_nova_agent.TestRegistryBasics" name="test_list_by_category" time="0.004" /><testcase classname="tests.test_nova_agent.TestRegistryBasics" name="test_unregister" time="0.003" /><testcase classname="tests.test_nova_agent.TestRegistryBasics" name="test_validate_params" time="0.003" /><testcase classname="tests.test_nova_agent.TestRegistryBasics" name="test_enable_disable" time="0.003" /><testcase classname="tests.test_nova_agent.TestRegistryBasics" name="test_stats" time="0.002" /><testcase classname="tests.test_nova_agent.TestRegistryBasics" name="test_export_schema" time="0.002" /><testcase classname="tests.test_nova_agent.TestLedgerBasics" name="test_empty_ledger" time="0.371" /><testcase classname="tests.test_nova_agent.TestLedgerBasics" name="test_append_entry" time="0.010" /><testcase classname="tests.test_nova_agent.TestLedgerBasics" name="test_hash_chain" time="0.092" /><testcase classname="tests.test_nova_agent.TestLedgerBasics" name="test_get_history" time="0.198" /><testcase classname="tests.test_nova_agent.TestLedgerBasics" name="test_get_entry" time="0.013" /><testcase classname="tests.test_nova_agent.TestLedgerBasics" name="test_export_evidence" time="0.925" /><testcase classname="tests.test_nova_agent.TestLedgerBasics" name="test_export_no_entries_raises" time="0.012" /><testcase classname="tests.test_nova_agent.TestLedgerBasics" name="test_stats" time="0.012" /><testcase classname="tests.test_nova_agent.TestLedgerBasics" name="test_persistence" time="0.044" /><testcase classname="tests.test_nova_agent.TestGatewayBasics" name="test_submit_auto_approve" time="0.004" /><testcase classname="tests.test_nova_agent.TestGatewayBasics" name="test_submit_requires_human" time="0.005" /><testcase classname="tests.test_nova_agent.TestGatewayBasics" name="test_approve" time="0.005" /><testcase classname="tests.test_nova_agent.TestGatewayBasics" name="test_reject" time="0.005" /><testcase classname="tests.test_nova_agent.TestGatewayBasics" name="test_reject_already_approved_raises" time="0.005" /><testcase classname="tests.test_nova_agent.TestGatewayBasics" name="test_escalate" time="0.005" /><testcase classname="tests.test_nova_agent.TestGatewayBasics" name="test_pending_requests" time="0.005" /><testcase classname="tests.test_nova_agent.TestGatewayBasics" name="test_legal_tier" time="0.003" /><testcase classname="tests.test_nova_agent.TestGatewayBasics" name="test_history" time="0.004" /><testcase classname="tests.test_nova_agent.TestGatewayBasics" name="test_stats" time="0.003" /><testcase classname="tests.test_nova_agent.TestGatewayBasics" name="test_notification_callback" time="0.006" /><testcase classname="tests.test_nova_agent.TestGatewayBasics" name="test_get_request_status" time="0.005" /><testcase classname="tests.test_nova_agent.TestGatewayBasics" name="test_nonexistent_request_raises" time="0.004" /><testcase classname="tests.test_nova_agent.TestGatewayBasics" name="test_auto_approve_disabled" time="0.004" /><testcase classname="tests.test_scheduler_core.TestSchedulerLifecycle" name="test_init_creates_db_tables" time="4.111" /><testcase classname="tests.test_scheduler_core.TestSchedulerLifecycle" name="test_start_sets_running" time="6.971" /><testcase classname="tests.test_scheduler_core.TestSchedulerLifecycle" name="test_start_idempotent" time="3.599" /><testcase classname="tests.test_scheduler_core.TestSchedulerLifecycle" name="test_stop_clears_running" time="3.509" /><testcase classname="tests.test_scheduler_core.TestSchedulerLifecycle" name="test_stop_cancels_timers" time="2.634" /><testcase classname="tests.test_scheduler_core.TestSchedulingAPI" name="test_schedule_returns_task_id" time="0.044" /><testcase classname="tests.test_scheduler_core.TestSchedulingAPI" name="test_schedule_stores_task" time="0.041" /><testcase classname="tests.test_scheduler_core.TestSchedulingAPI" name="test_schedule_once" time="0.042" /><testcase classname="tests.test_scheduler_core.TestSchedulingAPI" name="test_schedule_recurring_with_interval" time="0.044" /><testcase classname="tests.test_scheduler_core.TestSchedulingAPI" name="test_schedule_recurring_with_cron" time="0.041" /><testcase classname="tests.test_scheduler_core.TestTaskStateTransitions" name="test_cancel" time="0.060" /><testcase classname="tests.test_scheduler_core.TestTaskStateTransitions" name="test_cancel_nonexistent" time="0.033" /><testcase classname="tests.test_scheduler_core.TestTaskStateTransitions" name="test_pause" time="0.080" /><testcase classname="tests.test_scheduler_core.TestTaskStateTransitions" name="test_pause_nonexistent" time="0.043" /><testcase classname="tests.test_scheduler_core.TestTaskStateTransitions" name="test_resume_paused" time="0.075" /><testcase classname="tests.test_scheduler_core.TestTaskStateTransitions" name="test_resume_non_paused_returns_false" time="0.047" /><testcase classname="tests.test_scheduler_core.TestTaskStateTransitions" name="test_resume_nonexistent" time="0.062" /><testcase classname="tests.test_scheduler_core.TestQueryAPI" name="test_list_tasks_empty" time="0.062" /><testcase classname="tests.test_scheduler_core.TestQueryAPI" name="test_list_tasks_returns_all" time="0.068" /><testcase classname="tests.test_scheduler_core.TestQueryAPI" name="test_list_tasks_filter_by_status" time="0.067" /><testcase classname="tests.test_scheduler_core.TestQueryAPI" name="test_get_task_not_found" time="0.036" /><testcase classname="tests.test_scheduler_core.TestQueryAPI" name="test_next_run_time" time="0.044" /><testcase classname="tests.test_scheduler_core.TestQueryAPI" name="test_next_run_time_nonexistent" time="0.030" /><testcase classname="tests.test_scheduler_core.TestTaskExecution" name="test_run_task_success" time="0.070" /><testcase classname="tests.test_scheduler_core.TestTaskExecution" name="test_run_task_recurring_stays_pending" time="0.073" /><testcase classname="tests.test_scheduler_core.TestTaskExecution" name="test_run_task_failure_retries" time="0.096" /><testcase classname="tests.test_scheduler_core.TestTaskExecution" name="test_run_task_failure_exhausts_retries" time="0.075" /><testcase classname="tests.test_scheduler_core.TestTaskExecution" name="test_run_task_no_fn" time="0.039" /><testcase classname="tests.test_scheduler_core.TestTaskExecution" name="test_run_task_nonexistent" time="0.033" /><testcase classname="tests.test_scheduler_core.TestTaskExecution" name="test_run_task_calls_on_success" time="0.085" /><testcase classname="tests.test_scheduler_core.TestTaskExecution" name="test_run_task_calls_on_failure" time="0.081" /><testcase classname="tests.test_scheduler_core.TestTaskExecution" name="test_on_success_exception_doesnt_crash" time="0.078" /><testcase classname="tests.test_scheduler_core.TestTaskExecution" name="test_on_failure_exception_doesnt_crash" time="0.121" /><testcase classname="tests.test_scheduler_core.TestPersistence" name="test_persist_and_reload" time="0.056" /><testcase classname="tests.test_scheduler_core.TestPersistence" name="test_running_task_becomes_pending_on_reload" time="0.062" /><testcase classname="tests.test_scheduler_core.TestPersistence" name="test_result_persisted" time="0.130" /><testcase classname="tests.test_scheduler_core.TestArming" name="test_arm_run_at" time="0.043" /><testcase classname="tests.test_scheduler_core.TestArming" name="test_arm_interval" time="0.043" /><testcase classname="tests.test_scheduler_core.TestArming" name="test_arm_skips_cancelled" time="0.032" /><testcase classname="tests.test_scheduler_core.TestArming" name="test_arm_skips_paused" time="0.034" /><testcase classname="tests.test_scheduler_core.TestArming" name="test_arm_no_schedule" time="0.032" /><testcase classname="tests.test_scheduler_core.TestArming" name="test_disarm_removes_timer" time="0.047" /><testcase classname="tests.test_scheduler_dispatcher.TestParseTime" name="test_parse_9am" time="0.003" /><testcase classname="tests.test_scheduler_dispatcher.TestParseTime" name="test_parse_9pm" time="0.002" /><testcase classname="tests.test_scheduler_dispatcher.TestParseTime" name="test_parse_12am" time="0.002" /><testcase classname="tests.test_scheduler_dispatcher.TestParseTime" name="test_parse_12pm" time="0.003" /><testcase classname="tests.test_scheduler_dispatcher.TestParseTime" name="test_parse_14_30" time="0.002" /><testcase classname="tests.test_scheduler_dispatcher.TestParseTime" name="test_parse_with_minutes" time="0.002" /><testcase classname="tests.test_scheduler_dispatcher.TestParseTime" name="test_parse_no_time" time="0.003" /><testcase classname="tests.test_scheduler_dispatcher.TestScheduleParsing" name="test_every_monday_at_9am" time="0.031" /><testcase classname="tests.test_scheduler_dispatcher.TestScheduleParsing" name="test_every_friday" time="0.034" /><testcase classname="tests.test_scheduler_dispatcher.TestScheduleParsing" name="test_every_day_at_8am" time="0.032" /><testcase classname="tests.test_scheduler_dispatcher.TestScheduleParsing" name="test_daily" time="0.038" /><testcase classname="tests.test_scheduler_dispatcher.TestScheduleParsing" name="test_daily_at_7am" time="0.037" /><testcase classname="tests.test_scheduler_dispatcher.TestScheduleParsing" name="test_every_morning" time="0.033" /><testcase classname="tests.test_scheduler_dispatcher.TestScheduleParsing" name="test_every_morning_at_7am" time="0.031" /><testcase classname="tests.test_scheduler_dispatcher.TestScheduleParsing" name="test_every_evening" time="0.034" /><testcase classname="tests.test_scheduler_dispatcher.TestScheduleParsing" name="test_weekly" time="0.036" /><testcase classname="tests.test_scheduler_dispatcher.TestScheduleParsing" name="test_weekly_at_10am" time="0.033" /><testcase classname="tests.test_scheduler_dispatcher.TestScheduleParsing" name="test_monthly" time="0.037" /><testcase classname="tests.test_scheduler_dispatcher.TestScheduleParsing" name="test_monthly_at_2pm" time="0.042" /><testcase classname="tests.test_scheduler_dispatcher.TestScheduleParsing" name="test_every_month_at_2pm_regression" time="0.043" /><testcase classname="tests.test_scheduler_dispatcher.TestScheduleParsing" name="test_every_30_minutes" time="0.045" /><testcase classname="tests.test_scheduler_dispatcher.TestScheduleParsing" name="test_every_4_hours" time="0.044" /><testcase classname="tests.test_scheduler_dispatcher.TestScheduleParsing" name="test_every_2_days" time="0.040" /><testcase classname="tests.test_scheduler_dispatcher.TestScheduleParsing" name="test_every_1_minute" time="0.046" /><testcase classname="tests.test_scheduler_dispatcher.TestScheduleParsing" name="test_every_minute_no_digit_regression" time="0.036" /><testcase classname="tests.test_scheduler_dispatcher.TestScheduleParsing" name="test_every_1_hour" time="0.031" /><testcase classname="tests.test_scheduler_dispatcher.TestScheduleParsing" name="test_in_2_hours" time="0.045" /><testcase classname="tests.test_scheduler_dispatcher.TestScheduleParsing" name="test_in_30_minutes" time="0.034" /><testcase classname="tests.test_scheduler_dispatcher.TestScheduleParsing" name="test_in_1_day" time="0.030" /><testcase classname="tests.test_scheduler_dispatcher.TestScheduleParsing" name="test_tomorrow_at_3pm" time="0.034" /><testcase classname="tests.test_scheduler_dispatcher.TestScheduleParsing" name="test_tomorrow_default_time" time="0.039" /><testcase classname="tests.test_scheduler_dispatcher.TestScheduleParsing" name="test_fallback_immediate" time="0.034" /><testcase classname="tests.test_scheduler_dispatcher.TestScheduleParsing" name="test_weekday_abbrev_wed" time="0.067" /><testcase classname="tests.test_scheduler_dispatcher.TestScheduleParsing" name="test_weekday_no_time_defaults_9" time="0.038" /><testcase classname="tests.test_scheduler_dispatcher.TestDispatch" name="test_dispatch_returns_id" time="0.058" /><testcase classname="tests.test_scheduler_dispatcher.TestDispatch" name="test_dispatch_stores_task" time="0.061" /><testcase classname="tests.test_scheduler_dispatcher.TestDispatch" name="test_dispatch_with_payload" time="0.050" /><testcase classname="tests.test_scheduler_dispatcher.TestDispatch" name="test_dispatch_with_deadline" time="0.045" /><testcase classname="tests.test_scheduler_dispatcher.TestDispatch" name="test_dispatch_one_time" time="0.047" /><testcase classname="tests.test_scheduler_dispatcher.TestDispatch" name="test_dispatch_recurring" time="0.055" /><testcase classname="tests.test_scheduler_dispatcher.TestAgentRegistry" name="test_register_and_dispatch_to_agent" time="0.053" /><testcase classname="tests.test_scheduler_dispatcher.TestAgentRegistry" name="test_dispatch_to_unknown_agent" time="0.049" /><testcase classname="tests.test_scheduler_dispatcher.TestBulkDispatch" name="test_bulk_dispatch_multiple" time="0.077" /><testcase classname="tests.test_scheduler_dispatcher.TestBulkDispatch" name="test_bulk_dispatch_empty" time="0.044" /><testcase classname="tests.test_scheduler_dispatcher.TestStatusAndInterrupt" name="test_status_report_empty" time="0.046" /><testcase classname="tests.test_scheduler_dispatcher.TestStatusAndInterrupt" name="test_status_report_with_tasks" time="0.050" /><testcase classname="tests.test_scheduler_dispatcher.TestStatusAndInterrupt" name="test_interrupt" time="0.057" /><testcase classname="tests.test_scheduler_executor.TestBasicExecution" name="test_success" time="0.004" /><testcase classname="tests.test_scheduler_executor.TestBasicExecution" name="test_failure" time="0.008" /><testcase classname="tests.test_scheduler_executor.TestBasicExecution" name="test_timeout" time="1.014" /><testcase classname="tests.test_scheduler_executor.TestBasicExecution" name="test_captures_stdout" time="0.005" /><testcase classname="tests.test_scheduler_executor.TestBasicExecution" name="test_captures_stderr_on_failure" time="0.006" /><testcase classname="tests.test_scheduler_executor.TestBasicExecution" name="test_records_duration" time="0.004" /><testcase classname="tests.test_scheduler_executor.TestRetries" name="test_retry_with_backoff" time="0.011" /><testcase classname="tests.test_scheduler_executor.TestRetries" name="test_success_on_second_attempt" time="0.008" /><testcase classname="tests.test_scheduler_executor.TestRetries" name="test_no_retry_on_success" time="0.004" /><testcase classname="tests.test_scheduler_executor.TestSafePython" name="test_basic_expression" time="0.003" /><testcase classname="tests.test_scheduler_executor.TestSafePython" name="test_print_capture" time="0.004" /><testcase classname="tests.test_scheduler_executor.TestSafePython" name="test_blocked_without_env_var" time="0.003" /><testcase classname="tests.test_scheduler_executor.TestSafePython" name="test_blocked_import" time="0.004" /><testcase classname="tests.test_scheduler_executor.TestSafePython" name="test_with_context" time="0.004" /><testcase classname="tests.test_scheduler_executor.TestRestrictedShell" name="test_basic_command" time="0.129" /><testcase classname="tests.test_scheduler_executor.TestRestrictedShell" name="test_blocked_rm_rf" time="0.003" /><testcase classname="tests.test_scheduler_executor.TestRestrictedShell" name="test_blocked_mkfs" time="0.003" /><testcase classname="tests.test_scheduler_executor.TestRestrictedShell" name="test_blocked_sudo_rm" time="0.003" /><testcase classname="tests.test_scheduler_executor.TestRestrictedShell" name="test_unsafe_mode_allows" time="0.155" /><testcase classname="tests.test_scheduler_executor.TestRestrictedShell" name="test_shell_timeout" time="60.036" /><testcase classname="tests.test_scheduler_executor.TestRestrictedShell" name="test_nonzero_exit_code" time="0.132" /><testcase classname="tests.test_scheduler_queue.TestQueueCore" name="test_enqueue_increases_size" time="0.002" /><testcase classname="tests.test_scheduler_queue.TestQueueCore" name="test_enqueue_sets_status_queued" time="0.002" /><testcase classname="tests.test_scheduler_queue.TestQueueCore" name="test_dequeue_returns_task" time="0.002" /><testcase classname="tests.test_scheduler_queue.TestQueueCore" name="test_dequeue_empty_nonblocking_returns_none" time="0.001" /><testcase classname="tests.test_scheduler_queue.TestQueueCore" name="test_dequeue_empty_with_timeout" time="0.103" /><testcase classname="tests.test_scheduler_queue.TestQueueCore" name="test_dequeue_order_by_priority" time="0.002" /><testcase classname="tests.test_scheduler_queue.TestQueueCore" name="test_dequeue_fifo_within_same_priority" time="0.001" /><testcase classname="tests.test_scheduler_queue.TestQueueCore" name="test_size_after_dequeue" time="0.001" /><testcase classname="tests.test_scheduler_queue.TestQueueCore" name="test_priority_clamped_min" time="0.001" /><testcase classname="tests.test_scheduler_queue.TestQueueCore" name="test_priority_clamped_max" time="0.001" /><testcase classname="tests.test_scheduler_queue.TestQueuePeek" name="test_peek_returns_highest_priority" time="0.001" /><testcase classname="tests.test_scheduler_queue.TestQueuePeek" name="test_peek_does_not_remove" time="0.003" /><testcase classname="tests.test_scheduler_queue.TestQueuePeek" name="test_peek_empty" time="0.001" /><testcase classname="tests.test_scheduler_queue.TestListQueued" name="test_list_queued_returns_ordered" time="0.001" /><testcase classname="tests.test_scheduler_queue.TestListQueued" name="test_list_queued_respects_limit" time="0.011" /><testcase classname="tests.test_scheduler_queue.TestQueuePromote" name="test_promote_raises_priority" time="0.001" /><testcase classname="tests.test_scheduler_queue.TestQueuePromote" name="test_promote_noop_if_already_higher" time="0.001" /><testcase classname="tests.test_scheduler_queue.TestQueuePromote" name="test_promote_noop_if_same" time="0.001" /><testcase classname="tests.test_scheduler_queue.TestQueuePromote" name="test_promote_nonexistent" time="0.001" /><testcase classname="tests.test_scheduler_queue.TestQueueDrain" name="test_drain_empties_queue" time="0.003" /><testcase classname="tests.test_scheduler_queue.TestQueueDrain" name="test_drain_sets_status_cancelled" time="0.003" /><testcase classname="tests.test_scheduler_queue.TestQueueDrain" name="test_drain_empty_queue" time="0.002" /><testcase classname="tests.test_scheduler_queue.TestQueueThreadSafety" name="test_concurrent_enqueue_dequeue" time="0.006" /><testcase classname="tests.test_scheduler_queue.TestQueueThreadSafety" name="test_blocking_dequeue_wakes_on_enqueue" time="0.104" /><testcase classname="tests.test_scheduler_queue.TestAsyncBridge" name="test_async_enqueue_dequeue" time="0.007" /><testcase classname="tests.test_scheduler_recurring.TestStandaloneTaskFunctions" name="test_daily_case_law_digest_default" time="0.003" /><testcase classname="tests.test_scheduler_recurring.TestStandaloneTaskFunctions" name="test_daily_case_law_digest_custom_areas" time="0.002" /><testcase classname="tests.test_scheduler_recurring.TestStandaloneTaskFunctions" name="test_weekly_deadline_check_default" time="0.002" /><testcase classname="tests.test_scheduler_recurring.TestStandaloneTaskFunctions" name="test_weekly_deadline_check_custom_days" time="0.002" /><testcase classname="tests.test_scheduler_recurring.TestStandaloneTaskFunctions" name="test_monthly_credit_report" time="0.002" /><testcase classname="tests.test_scheduler_recurring.TestStandaloneTaskFunctions" name="test_court_docket_monitor_empty" time="0.002" /><testcase classname="tests.test_scheduler_recurring.TestStandaloneTaskFunctions" name="test_court_docket_monitor_with_cases" time="0.002" /><testcase classname="tests.test_scheduler_recurring.TestStandaloneTaskFunctions" name="test_regulatory_update_check_default" time="0.001" /><testcase classname="tests.test_scheduler_recurring.TestStandaloneTaskFunctions" name="test_regulatory_update_check_custom_agencies" time="0.001" /><testcase classname="tests.test_scheduler_recurring.TestStandaloneTaskFunctions" name="test_client_followup_reminders" time="0.001" /><testcase classname="tests.test_scheduler_recurring.TestStandaloneTaskFunctions" name="test_system_health_check" time="0.001" /><testcase classname="tests.test_scheduler_recurring.TestRecurringTaskManager" name="test_register_defaults_returns_7_ids" time="8.262" /><testcase classname="tests.test_scheduler_recurring.TestRecurringTaskManager" name="test_registered_tasks_contains_all_keys" time="0.146" /><testcase classname="tests.test_scheduler_recurring.TestRecurringTaskManager" name="test_tasks_are_in_scheduler" time="0.179" /><testcase classname="tests.test_scheduler_recurring.TestRecurringTaskManager" name="test_customize_schedule_before_register" time="0.152" /><testcase classname="tests.test_scheduler_recurring.TestRecurringTaskManager" name="test_customize_payload" time="0.172" /><testcase classname="tests.test_scheduler_recurring.TestRecurringTaskManager" name="test_customize_kwargs" time="0.044" /><testcase classname="tests.test_scheduler_recurring.TestRecurringTaskManager" name="test_mgr_daily_case_law_digest" time="0.054" /><testcase classname="tests.test_scheduler_recurring.TestRecurringTaskManager" name="test_mgr_weekly_deadline_check" time="0.057" /><testcase classname="tests.test_scheduler_recurring.TestRecurringTaskManager" name="test_mgr_monthly_credit_report" time="0.052" /><testcase classname="tests.test_scheduler_recurring.TestRecurringTaskManager" name="test_mgr_court_docket_monitor" time="0.046" /><testcase classname="tests.test_scheduler_recurring.TestRecurringTaskManager" name="test_mgr_court_docket_monitor_default" time="0.095" /><testcase classname="tests.test_scheduler_recurring.TestRecurringTaskManager" name="test_mgr_regulatory_update_check" time="0.052" /><testcase classname="tests.test_scheduler_recurring.TestRecurringTaskManager" name="test_mgr_client_followup_reminders" time="0.052" /><testcase classname="tests.test_scheduler_recurring.TestRecurringTaskManager" name="test_mgr_system_health_check" time="0.054" /><testcase classname="tests.test_scheduler_task_types.TestSchedule" name="test_describe_cron" time="0.004" /><testcase classname="tests.test_scheduler_task_types.TestSchedule" name="test_describe_interval" time="0.003" /><testcase classname="tests.test_scheduler_task_types.TestSchedule" name="test_describe_run_at" time="0.003" /><testcase classname="tests.test_scheduler_task_types.TestSchedule" name="test_describe_trigger_event" time="0.004" /><testcase classname="tests.test_scheduler_task_types.TestSchedule" name="test_describe_empty" time="0.003" /><testcase classname="tests.test_scheduler_task_types.TestScheduledTaskSerialization" name="test_to_dict_basic" time="0.004" /><testcase classname="tests.test_scheduler_task_types.TestScheduledTaskSerialization" name="test_to_dict_with_schedule_cron" time="0.003" /><testcase classname="tests.test_scheduler_task_types.TestScheduledTaskSerialization" name="test_to_dict_with_schedule_run_at" time="0.003" /><testcase classname="tests.test_scheduler_task_types.TestScheduledTaskSerialization" name="test_to_dict_with_last_run_and_next_run" time="0.005" /><testcase classname="tests.test_scheduler_task_types.TestScheduledTaskSerialization" name="test_to_dict_none_dates" time="0.003" /><testcase classname="tests.test_scheduler_task_types.TestScheduledTaskSerialization" name="test_from_dict_minimal" time="0.004" /><testcase classname="tests.test_scheduler_task_types.TestScheduledTaskSerialization" name="test_from_dict_with_schedule" time="0.005" /><testcase classname="tests.test_scheduler_task_types.TestScheduledTaskSerialization" name="test_from_dict_with_run_at" time="0.004" /><testcase classname="tests.test_scheduler_task_types.TestScheduledTaskSerialization" name="test_from_dict_with_last_run_and_next_run" time="0.004" /><testcase classname="tests.test_scheduler_task_types.TestScheduledTaskSerialization" name="test_roundtrip" time="0.003" /><testcase classname="tests.test_scheduler_task_types.TestTaskResult" name="test_to_dict_success" time="0.002" /><testcase classname="tests.test_scheduler_task_types.TestTaskResult" name="test_to_dict_failure" time="0.017" /><testcase classname="tests.test_scheduler_task_types.TestTaskResult" name="test_to_dict_none_output" time="0.003" /><testcase classname="tests.test_scheduler_task_types.TestTaskResult" name="test_to_dict_non_string_output" time="0.003" /><testcase classname="tests.test_scheduler_task_types.TestTaskPipeline" name="test_empty_pipeline" time="0.006" /><testcase classname="tests.test_scheduler_task_types.TestTaskPipeline" name="test_add_returns_self" time="0.004" /><testcase classname="tests.test_scheduler_task_types.TestTaskPipeline" name="test_describe_sequential" time="0.007" /><testcase classname="tests.test_scheduler_task_types.TestTaskPipeline" name="test_describe_parallel" time="0.004" /><testcase classname="tests.test_scheduler_task_types.TestTaskPipeline" name="test_chained_add" time="0.005" /><testcase classname="tests.test_sigma_agent.TestSigmaInit" name="test_default_init" time="0.004" /><testcase classname="tests.test_sigma_agent.TestSigmaInit" name="test_custom_coverage" time="0.035" /><testcase classname="tests.test_sigma_agent.TestSigmaInit" name="test_github_token_from_env" time="0.035" /><testcase classname="tests.test_sigma_agent.TestSigmaInit" name="test_block_on_security" time="0.029" /><testcase classname="tests.test_sigma_agent.TestRunTestSuite" name="test_returns_test_result" time="8.920" /><testcase classname="tests.test_sigma_agent.TestRunTestSuite" name="test_result_has_counts" time="7.425" /><testcase classname="tests.test_sigma_agent.TestRunTestSuite" name="test_module_filter" time="6.767" /><testcase classname="tests.test_sigma_agent.TestParseTestOutput" name="test_parse_passing" time="0.015" /><testcase classname="tests.test_sigma_agent.TestParseTestOutput" name="test_parse_failures" time="0.017" /><testcase classname="tests.test_sigma_agent.TestParseTestOutput" name="test_parse_empty" time="0.016" /><testcase classname="tests.test_sigma_agent.TestCoverageEnforcement" name="test_enforce_no_data" time="6.765" /><testcase classname="tests.test_sigma_agent.TestCoverageEnforcement" name="test_custom_threshold" time="6.884" /><testcase classname="tests.test_sigma_agent.TestSecurityScan" name="test_returns_list" time="1.709" /><testcase classname="tests.test_sigma_agent.TestSecurityScan" name="test_finding_structure" time="0.001" /><testcase classname="tests.test_sigma_agent.TestTypeChecking" name="test_returns_tuple" time="0.152" /><testcase classname="tests.test_sigma_agent.TestGateReport" name="test_generate_passing_report" time="0.019" /><testcase classname="tests.test_sigma_agent.TestGateReport" name="test_generate_blocking_report" time="0.016" /><testcase classname="tests.test_sigma_agent.TestPRGating" name="test_block_merge" time="0.020" /><testcase classname="tests.test_sigma_agent.TestPRGating" name="test_approve_merge" time="0.022" /><testcase classname="tests.test_sigma_agent.TestPRGating" name="test_gate_history" time="0.022" /><testcase classname="tests.test_sigma_agent.TestPRGating" name="test_post_status_no_token" time="0.029" /><testcase classname="tests.test_sigma_agent.TestCIEnforcerInit" name="test_init" time="0.026" /><testcase classname="tests.test_sigma_agent.TestHookInstall" name="test_install_hooks" time="0.055" /><testcase classname="tests.test_sigma_agent.TestHookInstall" name="test_uninstall_hooks" time="0.045" /><testcase classname="tests.test_sigma_agent.TestHookInstall" name="test_install_creates_dir" time="0.039" /><testcase classname="tests.test_sigma_agent.TestWorkflowGeneration" name="test_generate_workflow" time="0.031" /><testcase classname="tests.test_sigma_agent.TestWorkflowGeneration" name="test_write_workflow" time="0.038" /><testcase classname="tests.test_sigma_agent.TestPRChecklist" name="test_valid_checklist" time="0.031" /><testcase classname="tests.test_sigma_agent.TestPRChecklist" name="test_missing_items" time="0.031" /><testcase classname="tests.test_sigma_agent.TestPRChecklist" name="test_empty_body" time="0.020" /><testcase classname="tests.test_sigma_agent.TestEnforcementStatus" name="test_status_dict" time="0.032" /><testcase classname="tests.test_sigma_agent.TestWorkflowContent" name="test_pre_commit_hook_content" time="0.003" /><testcase classname="tests.test_sigma_agent.TestWorkflowContent" name="test_pre_push_hook_content" time="0.002" /><testcase classname="tests.test_sigma_agent.TestWorkflowContent" name="test_workflow_triggers" time="0.002" /><testcase classname="tests.test_sigma_agent_governed.TestSigmaAgentGovernedRouting" name="test_governed_router_error_omits_ai_review_section" time="0.020" /><testcase classname="tests.test_sigma_agent_governed.TestSigmaAgentGovernedRouting" name="test_governed_router_generates_ai_review" time="0.008" /><testcase classname="tests.test_sigma_agent_governed.TestSigmaAgentGovernedRouting" name="test_lazy_router_build" time="0.007" /><testcase classname="tests.test_sigma_agent_governed.TestSigmaAgentGovernedRouting" name="test_no_pr_diff_skips_ai_review" time="0.005" /><testcase classname="tests.test_sigma_agent_governed.TestSigmaAgentGovernedRouting" name="test_report_shape_preserved" time="0.007" /><testcase classname="tests.test_zero_agent.TestZeroAgentInit" name="test_init_default" time="0.004" /><testcase classname="tests.test_zero_agent.TestZeroAgentInit" name="test_init_custom_root" time="0.030" /><testcase classname="tests.test_zero_agent.TestZeroAgentInit" name="test_init_with_callback" time="0.036" /><testcase classname="tests.test_zero_agent.TestZeroAgentInit" name="test_init_custom_interval" time="0.029" /><testcase classname="tests.test_zero_agent.TestScanImportErrors" name="test_finds_broken_imports" time="0.103" /><testcase classname="tests.test_zero_agent.TestScanImportErrors" name="test_valid_imports_no_errors" time="0.049" /><testcase classname="tests.test_zero_agent.TestScanImportErrors" name="test_syntax_error_detection" time="0.041" /><testcase classname="tests.test_zero_agent.TestScanImportErrors" name="test_skips_venv" time="0.021" /><testcase classname="tests.test_zero_agent.TestScanImportErrors" name="test_suggested_fix" time="0.139" /><testcase classname="tests.test_zero_agent.TestAutoFixImports" name="test_generates_patches" time="0.022" /><testcase classname="tests.test_zero_agent.TestAutoFixImports" name="test_no_duplicates" time="0.027" /><testcase classname="tests.test_zero_agent.TestAutoFixImports" name="test_no_patches_when_clean" time="0.052" /><testcase classname="tests.test_zero_agent.TestPatchOperations" name="test_apply_patch" time="0.070" /><testcase classname="tests.test_zero_agent.TestPatchOperations" name="test_rollback_patch" time="0.066" /><testcase classname="tests.test_zero_agent.TestPatchOperations" name="test_generate_fix_patch_missing_file" time="0.024" /><testcase classname="tests.test_zero_agent.TestHealthReport" name="test_healthy_report" time="0.022" /><testcase classname="tests.test_zero_agent.TestHealthReport" name="test_degraded_report" time="0.047" /><testcase classname="tests.test_zero_agent.TestHealthReport" name="test_report_json_serializable" time="0.030" /><testcase classname="tests.test_zero_agent.TestMaintenanceCycle" name="test_cycle_returns_report" time="5.004" /><testcase classname="tests.test_zero_agent.TestMaintenanceCycle" name="test_cycle_records_history" time="3.715" /><testcase classname="tests.test_zero_agent.TestMaintenanceCycle" name="test_notification_callback_called" time="4.424" /><testcase classname="tests.test_zero_agent.TestScheduler" name="test_start_without_apscheduler" time="0.014" /><testcase classname="tests.test_zero_agent.TestScheduler" name="test_stop_without_start" time="0.011" /><testcase classname="tests.test_zero_agent.TestHealthMonitorInit" name="test_creates_db" time="0.030" /><testcase classname="tests.test_zero_agent.TestHealthMonitorInit" name="test_custom_db_path" time="0.036" /><testcase classname="tests.test_zero_agent.TestHealthSnapshot" name="test_capture_returns_snapshot" time="96.130" /><testcase classname="tests.test_zero_agent.TestHealthSnapshot" name="test_dashboard_empty" time="0.074" /><testcase classname="tests.test_zero_agent.TestAlerts" name="test_no_alert_when_healthy" time="0.055" /><testcase classname="tests.test_zero_agent.TestAlerts" name="test_acknowledge_nonexistent" time="0.049" /><testcase classname="tests.test_zero_agent.TestAlerts" name="test_alert_callback" time="0.078" /><testcase classname="tests.test_zero_agent.TestDependencyDrift" name="test_returns_list" time="34.902" /><testcase classname="tests.test_zero_agent.TestSecurityVulns" name="test_returns_list" time="20.306" /><testcase classname="tests.test_zero_agent_governed.TestZeroAgentGovernedRouting" name="test_governed_router_error_falls_back_to_rule_based" time="0.030" /><testcase classname="tests.test_zero_agent_governed.TestZeroAgentGovernedRouting" name="test_governed_router_generates_patch" time="0.014" /><testcase classname="tests.test_zero_agent_governed.TestZeroAgentGovernedRouting" name="test_lazy_router_build" time="0.014" /><testcase classname="tests.test_zero_agent_governed.TestZeroAgentGovernedRouting" name="test_missing_file_returns_none" time="0.002" /><testcase classname="tests.test_zero_agent_governed.TestZeroAgentGovernedRouting" name="test_no_key_returns_none_for_clean_file" time="0.013" /></testsuite></testsuites>