<?xml version="1.0" encoding="utf-8"?><testsuites name="pytest tests"><testsuite name="pytest" errors="0" failures="0" skipped="0" tests="177" time="307.154" timestamp="2026-09-09T21:53:04.811764-04:00" hostname="DESKTOP-7RJIO6V"><testcase classname="swarm_runtime.tests.test_acceptance_001" name="test_run" time="21.139" /><testcase classname="swarm_runtime.tests.test_acceptance_002" name="test_run" time="5.647" /><testcase classname="swarm_runtime.tests.test_acceptance_003" name="test_run" time="5.480" /><testcase classname="swarm_runtime.tests.test_acceptance_003_real" name="test_run" time="7.880" /><testcase classname="swarm_runtime.tests.test_acceptance_004" name="test_run" time="2.628" /><testcase classname="swarm_runtime.tests.test_acceptance_004_real" name="test_run" time="106.838" /><testcase classname="swarm_runtime.tests.test_acceptance_004b" name="test_run" time="0.004" /><testcase classname="swarm_runtime.tests.test_acceptance_005" name="test_run" time="9.730" /><testcase classname="swarm_runtime.tests.test_acceptance_005b" name="test_run" time="8.637" /><testcase classname="swarm_runtime.tests.test_acceptance_006_hermes" name="test_run" time="4.018" /><testcase classname="swarm_runtime.tests.test_artifact_store_concurrency" name="test_concurrent_status_writes_are_atomic" time="11.334" /><testcase classname="swarm_runtime.tests.test_artifact_store_multiprocess" name="test_independent_process_contention_timeout_and_reacquisition" time="2.218" /><testcase classname="swarm_runtime.tests.test_artifact_store_multiprocess" name="test_independent_process_contention_repeatable[0]" time="2.448" /><testcase classname="swarm_runtime.tests.test_artifact_store_multiprocess" name="test_independent_process_contention_repeatable[1]" time="2.186" /><testcase classname="swarm_runtime.tests.test_artifact_store_multiprocess" name="test_independent_process_contention_repeatable[2]" time="2.110" /><testcase classname="swarm_runtime.tests.test_artifact_store_multiprocess" name="test_independent_process_contention_repeatable[3]" time="2.089" /><testcase classname="swarm_runtime.tests.test_artifact_store_multiprocess" name="test_independent_process_contention_repeatable[4]" time="1.849" /><testcase classname="swarm_runtime.tests.test_artifact_store_multiprocess" name="test_lock_acquisition_failure_closes_handle" time="0.012" /><testcase classname="swarm_runtime.tests.test_artifact_store_multiprocess" name="test_lock_timeout_closes_handle_and_allows_reacquisition" time="0.141" /><testcase classname="swarm_runtime.tests.test_artifact_store_multiprocess" name="test_multiprocess_status_writes_are_atomic_and_error_free" time="2.782" /><testcase classname="swarm_runtime.tests.test_artifact_store_multiprocess" name="test_terminal_timeout_rejects_stale_running[0]" time="1.742" /><testcase classname="swarm_runtime.tests.test_artifact_store_multiprocess" name="test_terminal_timeout_rejects_stale_running[1]" time="1.431" /><testcase classname="swarm_runtime.tests.test_artifact_store_multiprocess" name="test_terminal_timeout_rejects_stale_running[2]" time="1.581" /><testcase classname="swarm_runtime.tests.test_artifact_store_multiprocess" name="test_terminal_timeout_rejects_stale_running[3]" time="1.227" /><testcase classname="swarm_runtime.tests.test_artifact_store_multiprocess" name="test_terminal_timeout_rejects_stale_running[4]" time="1.186" /><testcase classname="swarm_runtime.tests.test_artifact_store_multiprocess" name="test_terminal_timeout_rejects_stale_running[5]" time="0.672" /><testcase classname="swarm_runtime.tests.test_artifact_store_multiprocess" name="test_terminal_timeout_rejects_stale_running[6]" time="1.067" /><testcase classname="swarm_runtime.tests.test_artifact_store_multiprocess" name="test_terminal_timeout_rejects_stale_running[7]" time="0.794" /><testcase classname="swarm_runtime.tests.test_artifact_store_multiprocess" name="test_terminal_timeout_rejects_stale_running[8]" time="0.654" /><testcase classname="swarm_runtime.tests.test_artifact_store_multiprocess" name="test_terminal_timeout_rejects_stale_running[9]" time="0.961" /><testcase classname="swarm_runtime.tests.test_artifact_store_multiprocess" name="test_terminal_timeout_rejects_stale_running[10]" time="0.642" /><testcase classname="swarm_runtime.tests.test_artifact_store_multiprocess" name="test_terminal_timeout_rejects_stale_running[11]" time="0.617" /><testcase classname="swarm_runtime.tests.test_artifact_store_multiprocess" name="test_terminal_timeout_rejects_stale_running[12]" time="1.560" /><testcase classname="swarm_runtime.tests.test_artifact_store_multiprocess" name="test_terminal_timeout_rejects_stale_running[13]" time="1.106" /><testcase classname="swarm_runtime.tests.test_artifact_store_multiprocess" name="test_terminal_timeout_rejects_stale_running[14]" time="0.642" /><testcase classname="swarm_runtime.tests.test_artifact_store_multiprocess" name="test_terminal_timeout_rejects_stale_running[15]" time="1.345" /><testcase classname="swarm_runtime.tests.test_artifact_store_multiprocess" name="test_terminal_timeout_rejects_stale_running[16]" time="1.047" /><testcase classname="swarm_runtime.tests.test_artifact_store_multiprocess" name="test_terminal_timeout_rejects_stale_running[17]" time="1.170" /><testcase classname="swarm_runtime.tests.test_artifact_store_multiprocess" name="test_terminal_timeout_rejects_stale_running[18]" time="0.928" /><testcase classname="swarm_runtime.tests.test_artifact_store_multiprocess" name="test_terminal_timeout_rejects_stale_running[19]" time="0.029" /><testcase classname="swarm_runtime.tests.test_artifact_store_multiprocess" name="test_completed_rejects_stale_running[0]" time="0.024" /><testcase classname="swarm_runtime.tests.test_artifact_store_multiprocess" name="test_completed_rejects_stale_running[1]" time="0.028" /><testcase classname="swarm_runtime.tests.test_artifact_store_multiprocess" name="test_completed_rejects_stale_running[2]" time="0.031" /><testcase classname="swarm_runtime.tests.test_artifact_store_multiprocess" name="test_completed_rejects_stale_running[3]" time="0.031" /><testcase classname="swarm_runtime.tests.test_artifact_store_multiprocess" name="test_completed_rejects_stale_running[4]" time="0.035" /><testcase classname="swarm_runtime.tests.test_artifact_store_multiprocess" name="test_completed_rejects_stale_running[5]" time="0.038" /><testcase classname="swarm_runtime.tests.test_artifact_store_multiprocess" name="test_completed_rejects_stale_running[6]" time="0.033" /><testcase classname="swarm_runtime.tests.test_artifact_store_multiprocess" name="test_completed_rejects_stale_running[7]" time="0.030" /><testcase classname="swarm_runtime.tests.test_artifact_store_multiprocess" name="test_completed_rejects_stale_running[8]" time="0.029" /><testcase classname="swarm_runtime.tests.test_artifact_store_multiprocess" name="test_completed_rejects_stale_running[9]" time="0.029" /><testcase classname="swarm_runtime.tests.test_artifact_store_multiprocess" name="test_completed_rejects_stale_running[10]" time="0.028" /><testcase classname="swarm_runtime.tests.test_artifact_store_multiprocess" name="test_completed_rejects_stale_running[11]" time="0.034" /><testcase classname="swarm_runtime.tests.test_artifact_store_multiprocess" name="test_completed_rejects_stale_running[12]" time="0.030" /><testcase classname="swarm_runtime.tests.test_artifact_store_multiprocess" name="test_completed_rejects_stale_running[13]" time="0.027" /><testcase classname="swarm_runtime.tests.test_artifact_store_multiprocess" name="test_completed_rejects_stale_running[14]" time="0.028" /><testcase classname="swarm_runtime.tests.test_artifact_store_multiprocess" name="test_completed_rejects_stale_running[15]" time="0.026" /><testcase classname="swarm_runtime.tests.test_artifact_store_multiprocess" name="test_completed_rejects_stale_running[16]" time="0.026" /><testcase classname="swarm_runtime.tests.test_artifact_store_multiprocess" name="test_completed_rejects_stale_running[17]" time="0.027" /><testcase classname="swarm_runtime.tests.test_artifact_store_multiprocess" name="test_completed_rejects_stale_running[18]" time="0.031" /><testcase classname="swarm_runtime.tests.test_artifact_store_multiprocess" name="test_completed_rejects_stale_running[19]" time="0.055" /><testcase classname="swarm_runtime.tests.test_artifact_store_multiprocess" name="test_multiprocess_status_writer_processes_complete" time="1.753" /><testcase classname="swarm_runtime.tests.test_artifact_store_multiprocess" name="test_terminal_status_rejects_late_stale_process_write[0]" time="1.207" /><testcase classname="swarm_runtime.tests.test_artifact_store_multiprocess" name="test_terminal_status_rejects_late_stale_process_write[1]" time="1.139" /><testcase classname="swarm_runtime.tests.test_artifact_store_multiprocess" name="test_terminal_status_rejects_late_stale_process_write[2]" time="0.942" /><testcase classname="swarm_runtime.tests.test_artifact_store_multiprocess" name="test_terminal_status_rejects_late_stale_process_write[3]" time="1.150" /><testcase classname="swarm_runtime.tests.test_artifact_store_multiprocess" name="test_terminal_status_rejects_late_stale_process_write[4]" time="1.311" /><testcase classname="swarm_runtime.tests.test_artifact_store_multiprocess" name="test_terminal_status_rejects_late_stale_process_write[5]" time="1.073" /><testcase classname="swarm_runtime.tests.test_artifact_store_multiprocess" name="test_terminal_status_rejects_late_stale_process_write[6]" time="0.935" /><testcase classname="swarm_runtime.tests.test_artifact_store_multiprocess" name="test_terminal_status_rejects_late_stale_process_write[7]" time="1.055" /><testcase classname="swarm_runtime.tests.test_artifact_store_multiprocess" name="test_terminal_status_rejects_late_stale_process_write[8]" time="0.997" /><testcase classname="swarm_runtime.tests.test_artifact_store_multiprocess" name="test_terminal_status_rejects_late_stale_process_write[9]" time="1.495" /><testcase classname="swarm_runtime.tests.test_artifact_store_multiprocess" name="test_terminal_status_rejects_late_stale_process_write[10]" time="1.256" /><testcase classname="swarm_runtime.tests.test_artifact_store_multiprocess" name="test_terminal_status_rejects_late_stale_process_write[11]" time="0.909" /><testcase classname="swarm_runtime.tests.test_artifact_store_multiprocess" name="test_terminal_status_rejects_late_stale_process_write[12]" time="1.045" /><testcase classname="swarm_runtime.tests.test_artifact_store_multiprocess" name="test_terminal_status_rejects_late_stale_process_write[13]" time="1.023" /><testcase classname="swarm_runtime.tests.test_artifact_store_multiprocess" name="test_terminal_status_rejects_late_stale_process_write[14]" time="1.006" /><testcase classname="swarm_runtime.tests.test_artifact_store_multiprocess" name="test_terminal_status_rejects_late_stale_process_write[15]" time="1.040" /><testcase classname="swarm_runtime.tests.test_artifact_store_multiprocess" name="test_terminal_status_rejects_late_stale_process_write[16]" time="1.342" /><testcase classname="swarm_runtime.tests.test_artifact_store_multiprocess" name="test_terminal_status_rejects_late_stale_process_write[17]" time="1.608" /><testcase classname="swarm_runtime.tests.test_artifact_store_multiprocess" name="test_terminal_status_rejects_late_stale_process_write[18]" time="1.662" /><testcase classname="swarm_runtime.tests.test_artifact_store_multiprocess" name="test_terminal_status_rejects_late_stale_process_write[19]" time="1.025" /><testcase classname="swarm_runtime.tests.test_artifact_store_multiprocess" name="test_completed_status_rejects_late_stale_process_write[0]" time="1.336" /><testcase classname="swarm_runtime.tests.test_artifact_store_multiprocess" name="test_completed_status_rejects_late_stale_process_write[1]" time="1.237" /><testcase classname="swarm_runtime.tests.test_artifact_store_multiprocess" name="test_completed_status_rejects_late_stale_process_write[2]" time="1.028" /><testcase classname="swarm_runtime.tests.test_artifact_store_multiprocess" name="test_completed_status_rejects_late_stale_process_write[3]" time="1.039" /><testcase classname="swarm_runtime.tests.test_artifact_store_multiprocess" name="test_completed_status_rejects_late_stale_process_write[4]" time="1.210" /><testcase classname="swarm_runtime.tests.test_artifact_store_multiprocess" name="test_completed_status_rejects_late_stale_process_write[5]" time="1.411" /><testcase classname="swarm_runtime.tests.test_artifact_store_multiprocess" name="test_completed_status_rejects_late_stale_process_write[6]" time="1.303" /><testcase classname="swarm_runtime.tests.test_artifact_store_multiprocess" name="test_completed_status_rejects_late_stale_process_write[7]" time="1.151" /><testcase classname="swarm_runtime.tests.test_artifact_store_multiprocess" name="test_completed_status_rejects_late_stale_process_write[8]" time="1.022" /><testcase classname="swarm_runtime.tests.test_artifact_store_multiprocess" name="test_completed_status_rejects_late_stale_process_write[9]" time="0.959" /><testcase classname="swarm_runtime.tests.test_artifact_store_multiprocess" name="test_completed_status_rejects_late_stale_process_write[10]" time="1.317" /><testcase classname="swarm_runtime.tests.test_artifact_store_multiprocess" name="test_completed_status_rejects_late_stale_process_write[11]" time="1.024" /><testcase classname="swarm_runtime.tests.test_artifact_store_multiprocess" name="test_completed_status_rejects_late_stale_process_write[12]" time="1.073" /><testcase classname="swarm_runtime.tests.test_artifact_store_multiprocess" name="test_completed_status_rejects_late_stale_process_write[13]" time="0.978" /><testcase classname="swarm_runtime.tests.test_artifact_store_multiprocess" name="test_completed_status_rejects_late_stale_process_write[14]" time="1.024" /><testcase classname="swarm_runtime.tests.test_artifact_store_multiprocess" name="test_completed_status_rejects_late_stale_process_write[15]" time="1.309" /><testcase classname="swarm_runtime.tests.test_artifact_store_multiprocess" name="test_completed_status_rejects_late_stale_process_write[16]" time="1.121" /><testcase classname="swarm_runtime.tests.test_artifact_store_multiprocess" name="test_completed_status_rejects_late_stale_process_write[17]" time="0.963" /><testcase classname="swarm_runtime.tests.test_artifact_store_multiprocess" name="test_completed_status_rejects_late_stale_process_write[18]" time="1.059" /><testcase classname="swarm_runtime.tests.test_artifact_store_multiprocess" name="test_completed_status_rejects_late_stale_process_write[19]" time="0.941" /><testcase classname="swarm_runtime.tests.test_artifact_store_multiprocess" name="test_terminal_state_wins_over_later_stale_worker_write" time="1.026" /><testcase classname="swarm_runtime.tests.test_artifact_store_multiprocess" name="test_completed_state_wins_over_later_stale_controller_write" time="1.271" /><testcase classname="swarm_runtime.tests.test_artifact_store_multiprocess" name="test_multiprocess_event_log_is_serialized" time="29.020" /><testcase classname="swarm_runtime.tests.test_artifact_store_multiprocess" name="test_lock_body_exception_releases_handle" time="0.032" /><testcase classname="swarm_runtime.tests.test_conflicting_findings" name="test_run" time="0.010" /><testcase classname="swarm_runtime.tests.test_governed_router_failover" name="test_run" time="0.004" /><testcase classname="swarm_runtime.tests.test_legacy_path_prohibition" name="test_run" time="0.008" /><testcase classname="swarm_runtime.tests.test_provider_health_persistence" name="test_run" time="0.051" /><testcase classname="swarm_runtime.tests.test_secret_inheritance" name="test_run" time="0.007" /><testcase classname="swarm_runtime.tests.test_semantic_worker_inference" name="test_semantic_worker_calls_governed_router_and_writes_one_artifact" time="2.241" /><testcase classname="swarm_runtime.tests.test_semantic_worker_inference" name="test_semantic_worker_fails_over_to_second_governed_provider" time="2.232" /><testcase classname="swarm_runtime.tests.test_terminal_artifact_matrix" name="test_exactly_one_terminal_artifact[success]" time="0.043" /><testcase classname="swarm_runtime.tests.test_terminal_artifact_matrix" name="test_exactly_one_terminal_artifact[timeout_first_byte]" time="0.040" /><testcase classname="swarm_runtime.tests.test_terminal_artifact_matrix" name="test_exactly_one_terminal_artifact[timeout_progress]" time="0.058" /><testcase classname="swarm_runtime.tests.test_terminal_artifact_matrix" name="test_exactly_one_terminal_artifact[rate_limited]" time="0.037" /><testcase classname="swarm_runtime.tests.test_terminal_artifact_matrix" name="test_exactly_one_terminal_artifact[provider_5xx]" time="0.042" /><testcase classname="swarm_runtime.tests.test_terminal_artifact_matrix" name="test_exactly_one_terminal_artifact[malformed_response]" time="0.041" /><testcase classname="swarm_runtime.tests.test_terminal_artifact_matrix" name="test_exactly_one_terminal_artifact[schema_invalid]" time="0.039" /><testcase classname="swarm_runtime.tests.test_terminal_artifact_matrix" name="test_exactly_one_terminal_artifact[auth_failure]" time="0.043" /><testcase classname="swarm_runtime.tests.test_terminal_artifact_matrix" name="test_exactly_one_terminal_artifact[provider_unavailable]" time="0.052" /><testcase classname="swarm_runtime.tests.test_terminal_artifact_matrix" name="test_exactly_one_terminal_artifact[policy_denied]" time="0.043" /><testcase classname="swarm_runtime.tests.test_terminal_artifact_matrix" name="test_exactly_one_terminal_artifact[cancelled]" time="0.040" /><testcase classname="swarm_runtime.tests.test_terminal_artifact_matrix" name="test_exactly_one_terminal_artifact[provider_exhaustion]" time="0.043" /><testcase classname="swarm_runtime.tests.test_terminal_artifact_matrix" name="test_exactly_one_terminal_artifact[successful_failover]" time="1.081" /><testcase classname="tests.test_nova_agent.TestNovaInit" name="test_default_init" time="0.014" /><testcase classname="tests.test_nova_agent.TestNovaInit" name="test_custom_user" time="0.013" /><testcase classname="tests.test_nova_agent.TestNovaInit" name="test_default_actions_registered" time="0.014" /><testcase classname="tests.test_nova_agent.TestNovaInit" name="test_all_eight_actions" time="0.011" /><testcase classname="tests.test_nova_agent.TestExecuteAction" name="test_auto_approve_low_risk" time="0.014" /><testcase classname="tests.test_nova_agent.TestExecuteAction" name="test_human_approval_required" time="0.015" /><testcase classname="tests.test_nova_agent.TestExecuteAction" name="test_missing_params_raises" time="0.014" /><testcase classname="tests.test_nova_agent.TestExecuteAction" name="test_unknown_action_raises" time="0.014" /><testcase classname="tests.test_nova_agent.TestExecuteAction" name="test_force_no_approval" time="0.016" /><testcase classname="tests.test_nova_agent.TestExecuteAction" name="test_schedule_court_date" time="0.019" /><testcase classname="tests.test_nova_agent.TestApprovalFlow" name="test_approve_execution" time="0.018" /><testcase classname="tests.test_nova_agent.TestApprovalFlow" name="test_reject_execution" time="0.016" /><testcase classname="tests.test_nova_agent.TestApprovalFlow" name="test_reject_already_rejected" time="0.016" /><testcase classname="tests.test_nova_agent.TestRollback" name="test_rollback_completed" time="0.029" /><testcase classname="tests.test_nova_agent.TestRollback" name="test_rollback_nonexistent" time="0.022" /><testcase classname="tests.test_nova_agent.TestExecutionHistory" name="test_history_empty" time="0.017" /><testcase classname="tests.test_nova_agent.TestExecutionHistory" name="test_history_filter_by_type" time="0.019" /><testcase classname="tests.test_nova_agent.TestExecutionHistory" name="test_log_execution" time="0.016" /><testcase classname="tests.test_nova_agent.TestRegistryBasics" name="test_register_action" time="0.003" /><testcase classname="tests.test_nova_agent.TestRegistryBasics" name="test_duplicate_raises" time="0.005" /><testcase classname="tests.test_nova_agent.TestRegistryBasics" name="test_overwrite" time="0.004" /><testcase classname="tests.test_nova_agent.TestRegistryBasics" name="test_get_nonexistent_raises" time="0.003" /><testcase classname="tests.test_nova_agent.TestRegistryBasics" name="test_list_actions" time="0.003" /><testcase classname="tests.test_nova_agent.TestRegistryBasics" name="test_list_by_category" time="0.004" /><testcase classname="tests.test_nova_agent.TestRegistryBasics" name="test_unregister" time="0.003" /><testcase classname="tests.test_nova_agent.TestRegistryBasics" name="test_validate_params" time="0.004" /><testcase classname="tests.test_nova_agent.TestRegistryBasics" name="test_enable_disable" time="0.004" /><testcase classname="tests.test_nova_agent.TestRegistryBasics" name="test_stats" time="0.003" /><testcase classname="tests.test_nova_agent.TestRegistryBasics" name="test_export_schema" time="0.004" /><testcase classname="tests.test_nova_agent.TestLedgerBasics" name="test_empty_ledger" time="0.019" /><testcase classname="tests.test_nova_agent.TestLedgerBasics" name="test_append_entry" time="0.019" /><testcase classname="tests.test_nova_agent.TestLedgerBasics" name="test_hash_chain" time="0.030" /><testcase classname="tests.test_nova_agent.TestLedgerBasics" name="test_get_history" time="0.032" /><testcase classname="tests.test_nova_agent.TestLedgerBasics" name="test_get_entry" time="0.024" /><testcase classname="tests.test_nova_agent.TestLedgerBasics" name="test_export_evidence" time="0.031" /><testcase classname="tests.test_nova_agent.TestLedgerBasics" name="test_export_no_entries_raises" time="0.015" /><testcase classname="tests.test_nova_agent.TestLedgerBasics" name="test_stats" time="0.014" /><testcase classname="tests.test_nova_agent.TestLedgerBasics" name="test_persistence" time="0.036" /><testcase classname="tests.test_nova_agent.TestGatewayBasics" name="test_submit_auto_approve" time="0.003" /><testcase classname="tests.test_nova_agent.TestGatewayBasics" name="test_submit_requires_human" time="0.006" /><testcase classname="tests.test_nova_agent.TestGatewayBasics" name="test_approve" time="0.003" /><testcase classname="tests.test_nova_agent.TestGatewayBasics" name="test_reject" time="0.003" /><testcase classname="tests.test_nova_agent.TestGatewayBasics" name="test_reject_already_approved_raises" time="0.004" /><testcase classname="tests.test_nova_agent.TestGatewayBasics" name="test_escalate" time="0.003" /><testcase classname="tests.test_nova_agent.TestGatewayBasics" name="test_pending_requests" time="0.003" /><testcase classname="tests.test_nova_agent.TestGatewayBasics" name="test_legal_tier" time="0.003" /><testcase classname="tests.test_nova_agent.TestGatewayBasics" name="test_history" time="0.003" /><testcase classname="tests.test_nova_agent.TestGatewayBasics" name="test_stats" time="0.003" /><testcase classname="tests.test_nova_agent.TestGatewayBasics" name="test_notification_callback" time="0.004" /><testcase classname="tests.test_nova_agent.TestGatewayBasics" name="test_get_request_status" time="0.004" /><testcase classname="tests.test_nova_agent.TestGatewayBasics" name="test_nonexistent_request_raises" time="0.003" /><testcase classname="tests.test_nova_agent.TestGatewayBasics" name="test_auto_approve_disabled" time="0.004" /></testsuite></testsuites>