<?xml version="1.0" encoding="utf-8"?><testsuites name="pytest tests"><testsuite name="pytest" errors="0" failures="0" skipped="0" tests="317" time="14.993" timestamp="2026-09-09T21:40:08.231014-04:00" hostname="DESKTOP-7RJIO6V"><testcase classname="mission_wiring.tests.test_approval_adversarial_boundary" name="test_envelope_approval_state_only_refused" time="0.022" /><testcase classname="mission_wiring.tests.test_approval_adversarial_boundary" name="test_forged_approval_id_refused" time="0.007" /><testcase classname="mission_wiring.tests.test_approval_adversarial_boundary" name="test_wrong_mission_approval_refused" time="0.008" /><testcase classname="mission_wiring.tests.test_approval_adversarial_boundary" name="test_wrong_actor_approval_refused" time="0.007" /><testcase classname="mission_wiring.tests.test_approval_adversarial_boundary" name="test_wrong_tenant_approval_refused" time="0.010" /><testcase classname="mission_wiring.tests.test_approval_adversarial_boundary" name="test_wrong_capability_approval_refused" time="0.013" /><testcase classname="mission_wiring.tests.test_approval_adversarial_boundary" name="test_wrong_resource_approval_refused" time="0.015" /><testcase classname="mission_wiring.tests.test_approval_adversarial_boundary" name="test_expired_approval_refused" time="0.011" /><testcase classname="mission_wiring.tests.test_approval_adversarial_boundary" name="test_replayed_approval_refused" time="0.109" /><testcase classname="mission_wiring.tests.test_approval_adversarial_boundary" name="test_authority_service_issued_approval_accepted" time="0.011" /><testcase classname="mission_wiring.tests.test_approval_adversarial_boundary" name="test_valid_approval_consumed_once" time="0.109" /><testcase classname="mission_wiring.tests.test_approval_service" name="test_issuance_and_validation_happy_path" time="0.006" /><testcase classname="mission_wiring.tests.test_approval_service" name="test_unknown_approval_refused" time="0.005" /><testcase classname="mission_wiring.tests.test_approval_service" name="test_mission_mismatch_refused" time="0.004" /><testcase classname="mission_wiring.tests.test_approval_service" name="test_actor_mismatch_refused" time="0.007" /><testcase classname="mission_wiring.tests.test_approval_service" name="test_tenant_mismatch_refused" time="0.003" /><testcase classname="mission_wiring.tests.test_approval_service" name="test_capability_not_approved_refused" time="0.009" /><testcase classname="mission_wiring.tests.test_approval_service" name="test_resource_not_approved_refused" time="0.010" /><testcase classname="mission_wiring.tests.test_approval_service" name="test_expired_approval_refused" time="0.008" /><testcase classname="mission_wiring.tests.test_approval_service" name="test_invalid_ttl_refused" time="0.004" /><testcase classname="mission_wiring.tests.test_approval_service" name="test_duplicate_approval_id_refused" time="0.003" /><testcase classname="mission_wiring.tests.test_approval_service" name="test_consume_exactly_once" time="0.004" /><testcase classname="mission_wiring.tests.test_approval_service" name="test_consume_after_expiry_refused" time="0.005" /><testcase classname="mission_wiring.tests.test_approval_service" name="test_concurrent_double_consume_exactly_one_wins" time="0.010" /><testcase classname="mission_wiring.tests.test_approval_service" name="test_envelope_pending_posture_representable" time="0.006" /><testcase classname="mission_wiring.tests.test_approval_service" name="test_envelope_never_self_declares_not_required" time="0.004" /><testcase classname="mission_wiring.tests.test_browser_executor" name="test_capability_surface_matches_directive" time="0.002" /><testcase classname="mission_wiring.tests.test_browser_executor" name="test_side_effect_ladder_mapping" time="0.002" /><testcase classname="mission_wiring.tests.test_browser_executor" name="test_unknown_capability_refused" time="0.004" /><testcase classname="mission_wiring.tests.test_browser_executor" name="test_capability_not_delegated_refused" time="0.007" /><testcase classname="mission_wiring.tests.test_browser_executor" name="test_url_out_of_scope_refused" time="0.008" /><testcase classname="mission_wiring.tests.test_browser_executor" name="test_approval_required_refused" time="0.007" /><testcase classname="mission_wiring.tests.test_browser_executor" name="test_budget_exhausted_refused" time="0.006" /><testcase classname="mission_wiring.tests.test_browser_executor" name="test_read_actions_allowed_in_scope" time="0.008" /><testcase classname="mission_wiring.tests.test_browser_executor" name="test_evidence_contract_complete" time="0.006" /><testcase classname="mission_wiring.tests.test_browser_executor" name="test_form_input_values_never_stored_only_hashed" time="0.009" /><testcase classname="mission_wiring.tests.test_browser_executor" name="test_submit_without_consequential_mission_refused" time="0.007" /><testcase classname="mission_wiring.tests.test_browser_executor" name="test_submit_allowed_only_with_full_consequential_posture" time="0.012" /><testcase classname="mission_wiring.tests.test_browser_executor" name="test_envelope_cannot_express_unapproved_submit_at_all" time="0.004" /><testcase classname="mission_wiring.tests.test_browser_executor" name="test_refusal_leaves_no_evidence_gap_in_mechanism" time="0.023" /><testcase classname="mission_wiring.tests.test_envelope" name="test_valid_envelope_constructs" time="0.008" /><testcase classname="mission_wiring.tests.test_envelope" name="test_invalid_identity_refused" time="0.006" /><testcase classname="mission_wiring.tests.test_envelope" name="test_unknown_origin_refused" time="0.004" /><testcase classname="mission_wiring.tests.test_envelope" name="test_invalid_capability_grammar_refused" time="0.003" /><testcase classname="mission_wiring.tests.test_envelope" name="test_consequential_without_approval_posture_refused" time="0.003" /><testcase classname="mission_wiring.tests.test_envelope" name="test_consequential_with_explicit_pending_allowed" time="0.004" /><testcase classname="mission_wiring.tests.test_envelope" name="test_financial_never_not_required" time="0.007" /><testcase classname="mission_wiring.tests.test_envelope" name="test_worker_needs_delegation_for_capabilities" time="0.005" /><testcase classname="mission_wiring.tests.test_envelope" name="test_worker_with_delegation_accepted" time="0.003" /><testcase classname="mission_wiring.tests.test_envelope" name="test_principal_actor_needs_no_delegation" time="0.005" /><testcase classname="mission_wiring.tests.test_envelope" name="test_negative_budget_refused" time="0.006" /><testcase classname="mission_wiring.tests.test_envelope" name="test_resource_scope_allowlist_enforced" time="0.003" /><testcase classname="mission_wiring.tests.test_envelope" name="test_envelope_hash_deterministic" time="0.015" /><testcase classname="mission_wiring.tests.test_envelope" name="test_fresh_correlation_ids_differ_by_design" time="0.011" /><testcase classname="mission_wiring.tests.test_envelope" name="test_envelope_hash_detects_mutation" time="0.021" /><testcase classname="mission_wiring.tests.test_envelope" name="test_legacy_origin_normalizes_to_canonical" time="0.010" /><testcase classname="mission_wiring.tests.test_executor_binding" name="test_canonical_capability_bound_to_browser_executor" time="0.012" /><testcase classname="mission_wiring.tests.test_executor_binding" name="test_valid_governed_browser_action_executes" time="0.011" /><testcase classname="mission_wiring.tests.test_executor_binding" name="test_all_browser_capabilities_bound_no_unbound" time="0.008" /><testcase classname="mission_wiring.tests.test_executor_binding" name="test_alias_and_canonical_use_same_executor_binding" time="0.008" /><testcase classname="mission_wiring.tests.test_executor_binding" name="test_capability_with_no_executor_binding_refuses" time="0.006" /><testcase classname="mission_wiring.tests.test_executor_binding" name="test_wrong_executor_binding_refuses" time="0.006" /><testcase classname="mission_wiring.tests.test_executor_binding" name="test_registry_generation_mismatch_refuses" time="0.011" /><testcase classname="mission_wiring.tests.test_executor_binding" name="test_gate_refuses_wrong_binding_before_mechanism_contact" time="0.011" /><testcase classname="mission_wiring.tests.test_executor_binding" name="test_pre_governance_no_external_contact" time="0.016" /><testcase classname="mission_wiring.tests.test_executor_binding" name="test_executor_binding_generation_is_stable_and_derived" time="0.005" /><testcase classname="mission_wiring.tests.test_executor_binding" name="test_executor_binding_generation_changes_with_bindings" time="0.006" /><testcase classname="mission_wiring.tests.test_failure_injection" name="test_crash_before_action_bounded_failed_receipt" time="0.060" /><testcase classname="mission_wiring.tests.test_failure_injection" name="test_crash_during_action_bounded_and_no_completion_claim" time="0.102" /><testcase classname="mission_wiring.tests.test_failure_injection" name="test_crash_after_action_before_receipt_yields_failed_not_completed" time="0.280" /><testcase classname="mission_wiring.tests.test_failure_injection" name="test_no_infinite_retry_on_crash" time="0.167" /><testcase classname="mission_wiring.tests.test_failure_injection" name="test_provider_timeout_bounded" time="0.063" /><testcase classname="mission_wiring.tests.test_failure_injection" name="test_tool_timeout_budget_exhaustion_bounded" time="0.159" /><testcase classname="mission_wiring.tests.test_failure_injection" name="test_malformed_envelope_refused" time="0.004" /><testcase classname="mission_wiring.tests.test_failure_injection" name="test_approval_replay_refused" time="0.004" /><testcase classname="mission_wiring.tests.test_failure_injection" name="test_expired_delegation_refused" time="0.053" /><testcase classname="mission_wiring.tests.test_failure_injection" name="test_unknown_external_state_no_auto_retry_rule" time="0.081" /><testcase classname="mission_wiring.tests.test_mission_runner" name="test_local_mission_end_to_end_completes_with_receipt" time="0.071" /><testcase classname="mission_wiring.tests.test_mission_runner" name="test_refusal_unknown_agent" time="0.063" /><testcase classname="mission_wiring.tests.test_mission_runner" name="test_refusal_uncertified_agent" time="0.047" /><testcase classname="mission_wiring.tests.test_mission_runner" name="test_refusal_capability_not_in_manifest" time="0.096" /><testcase classname="mission_wiring.tests.test_mission_runner" name="test_refusal_worker_not_delegatable_by_hermes" time="0.057" /><testcase classname="mission_wiring.tests.test_mission_runner" name="test_refusal_executor_not_wired_for_nonbrowser_caps" time="0.059" /><testcase classname="mission_wiring.tests.test_mission_runner" name="test_refusal_receipts_carry_zero_execution_and_events" time="0.067" /><testcase classname="mission_wiring.tests.test_receipt" name="test_observability_taxonomy_matches_directive" time="0.003" /><testcase classname="mission_wiring.tests.test_receipt" name="test_completed_receipt_hash_stable_and_mutation_detecting" time="0.022" /><testcase classname="mission_wiring.tests.test_receipt" name="test_receipt_bound_to_authorizing_envelope" time="0.021" /><testcase classname="mission_wiring.tests.test_receipt" name="test_refused_receipt_requires_failure_class" time="0.006" /><testcase classname="mission_wiring.tests.test_receipt" name="test_failed_receipt_requires_failure_class" time="0.005" /><testcase classname="mission_wiring.tests.test_receipt" name="test_completed_receipt_may_omit_failure_class" time="0.006" /><testcase classname="mission_wiring.tests.test_receipt" name="test_refusal_factory_caps_zero_execution" time="0.014" /><testcase classname="mission_wiring.tests.test_receipt" name="test_terminal_event_taxonomy" time="0.023" /><testcase classname="mission_wiring.tests.test_receipt" name="test_receipt_dict_includes_hash" time="0.020" /><testcase classname="mission_wiring.tests.test_receipt" name="test_no_private_cot_fields_in_receipt_payload" time="0.009" /><testcase classname="mission_wiring.tests.test_receipt" name="test_time_ordering_enforced" time="0.006" /><testcase classname="mission_wiring.tests.test_zd3_security_attacks" name="test_credential_handle_never_discloses_secret_in_issuance" time="0.002" /><testcase classname="mission_wiring.tests.test_zd3_security_attacks" name="test_credential_handle_replay_refused" time="0.007" /><testcase classname="mission_wiring.tests.test_zd3_security_attacks" name="test_credential_handle_expiry_refused" time="0.003" /><testcase classname="mission_wiring.tests.test_zd3_security_attacks" name="test_credential_handle_scope_pivot_refused" time="0.003" /><testcase classname="mission_wiring.tests.test_zd3_security_attacks" name="test_credential_handle_enumeration_impossible" time="0.003" /><testcase classname="mission_wiring.tests.test_zd3_security_attacks" name="test_provider_output_claiming_authority_is_inert_data" time="0.003" /><testcase classname="mission_wiring.tests.test_zd3_security_attacks" name="test_forged_governance_provenance_chain_refused" time="0.173" /><testcase classname="mission_wiring.tests.test_zd3_security_attacks" name="test_evidence_dag_cycle_refused" time="0.005" /><testcase classname="mission_wiring.tests.test_zd3_security_attacks" name="test_evidence_dag_nonexistent_parent_refused" time="0.004" /><testcase classname="mission_wiring.tests.test_zd3_security_attacks" name="test_evidence_dag_external_anchor_allowed" time="0.004" /><testcase classname="mission_wiring.tests.test_zd3_security_attacks" name="test_evidence_dag_mutation_refused" time="0.004" /><testcase classname="mission_wiring.tests.test_zd3_security_attacks" name="test_unknown_external_state_never_auto_retries" time="0.069" /><testcase classname="agent_runtime.tests.test_budget_loop_cp2.TestNoProgressDetector" name="test_first_repeat_permits_retry" time="0.009" /><testcase classname="agent_runtime.tests.test_budget_loop_cp2.TestNoProgressDetector" name="test_persistent_repeat_demands_strategy_change" time="0.006" /><testcase classname="agent_runtime.tests.test_budget_loop_cp2.TestNoProgressDetector" name="test_stagnation_escalates_to_stop" time="0.004" /><testcase classname="agent_runtime.tests.test_budget_loop_cp2.TestNoProgressDetector" name="test_error_signature_loop_detected" time="0.006" /><testcase classname="agent_runtime.tests.test_budget_loop_cp2.TestNoProgressDetector" name="test_varied_progress_never_flags" time="0.005" /><testcase classname="agent_runtime.tests.test_budget_loop_cp2.TestNoProgressDetector" name="test_infinite_loop_impossible" time="0.004" /><testcase classname="agent_runtime.tests.test_budget_loop_cp2.TestBudgetExhaustionSemantics" name="test_budget_exhausted_is_distinct_outcome" time="0.003" /><testcase classname="agent_runtime.tests.test_budget_loop_cp2.TestBudgetExhaustionSemantics" name="test_timeout_distinct_from_budget" time="0.003" /><testcase classname="agent_runtime.tests.test_budget_loop_cp2.TestSwarmRoleManifests" name="test_each_role_has_distinct_envelope" time="0.034" /><testcase classname="agent_runtime.tests.test_budget_loop_cp2.TestSwarmRoleManifests" name="test_auditor_cannot_self_repair_product" time="0.016" /><testcase classname="agent_runtime.tests.test_budget_loop_cp2.TestSwarmRoleManifests" name="test_builder_cannot_push_merge_deploy" time="0.019" /><testcase classname="agent_runtime.tests.test_budget_loop_cp2.TestSwarmRoleManifests" name="test_research_content_cannot_grant_swarm_authority" time="0.005" /><testcase classname="agent_runtime.tests.test_capability_resolver" name="test_registry_load_valid" time="0.006" /><testcase classname="agent_runtime.tests.test_capability_resolver" name="test_all_42_canonical_ids_resolve" time="0.003" /><testcase classname="agent_runtime.tests.test_capability_resolver" name="test_all_23_aliases_resolve" time="0.003" /><testcase classname="agent_runtime.tests.test_capability_resolver" name="test_alias_canonical_equivalence" time="0.003" /><testcase classname="agent_runtime.tests.test_capability_resolver" name="test_generation_hash_binding" time="0.004" /><testcase classname="agent_runtime.tests.test_capability_resolver" name="test_unknown_capability_refused" time="0.003" /><testcase classname="agent_runtime.tests.test_capability_resolver" name="test_alias_shaped_unknown_refused" time="0.003" /><testcase classname="agent_runtime.tests.test_capability_resolver" name="test_invalid_format_refused" time="0.004" /><testcase classname="agent_runtime.tests.test_capability_resolver" name="test_generation_mismatch_refused" time="0.005" /><testcase classname="agent_runtime.tests.test_capability_resolver" name="test_dormant_capability_refused_by_status_gate" time="0.004" /><testcase classname="agent_runtime.tests.test_capability_resolver" name="test_disabled_refused_by_status_gate" time="0.129" /><testcase classname="agent_runtime.tests.test_capability_resolver" name="test_corrupted_registry_variants_fail_closed[duplicate canonical]" time="0.068" /><testcase classname="agent_runtime.tests.test_capability_resolver" name="test_corrupted_registry_variants_fail_closed[alias collision]" time="0.066" /><testcase classname="agent_runtime.tests.test_capability_resolver" name="test_corrupted_registry_variants_fail_closed[alias to unknown]" time="0.077" /><testcase classname="agent_runtime.tests.test_capability_resolver" name="test_corrupted_registry_variants_fail_closed[missing field]" time="0.076" /><testcase classname="agent_runtime.tests.test_capability_resolver" name="test_corrupted_registry_variants_fail_closed[bad class]" time="0.059" /><testcase classname="agent_runtime.tests.test_capability_resolver" name="test_corrupted_registry_variants_fail_closed[EC without approval]" time="0.074" /><testcase classname="agent_runtime.tests.test_capability_resolver" name="test_corrupted_registry_variants_fail_closed[missing generation]" time="0.092" /><testcase classname="agent_runtime.tests.test_capability_resolver" name="test_corrupted_registry_variants_fail_closed[ACTIVE executor-origin no bindings]" time="0.068" /><testcase classname="agent_runtime.tests.test_capability_resolver" name="test_registry_missing_file_fail_closed" time="0.010" /><testcase classname="agent_runtime.tests.test_capability_resolver" name="test_registry_not_json_fail_closed" time="0.022" /><testcase classname="agent_runtime.tests.test_capability_resolver" name="test_canonical_capability_is_immutable_data_not_authority" time="0.004" /><testcase classname="agent_runtime.tests.test_capability_resolver" name="test_alias_and_canonical_hash_equivalence_property" time="0.004" /><testcase classname="agent_runtime.tests.test_capability_resolver" name="test_no_production_consumers_changed" time="1.033" /><testcase classname="agent_runtime.tests.test_capability_resolver" name="test_no_fallback_to_known_capabilities" time="0.036" /><testcase classname="agent_runtime.tests.test_certify_health_graph.TestCertificationEntrypoint" name="test_certify_single_agent_machine_readable" time="0.537" /><testcase classname="agent_runtime.tests.test_certify_health_graph.TestCertificationEntrypoint" name="test_certification_binds_to_repo_revision" time="0.512" /><testcase classname="agent_runtime.tests.test_certify_health_graph.TestCertificationEntrypoint" name="test_unrooted_agent_fails_certification" time="0.247" /><testcase classname="agent_runtime.tests.test_certify_health_graph.TestCertificationEntrypoint" name="test_stale_certification_detected_on_manifest_change" time="0.305" /><testcase classname="agent_runtime.tests.test_certify_health_graph.TestReceiptHash" name="test_receipt_hash_deterministic_and_mutation_detectable" time="0.008" /><testcase classname="agent_runtime.tests.test_certify_health_graph.TestHealthState" name="test_process_up_does_not_imply_ready" time="0.028" /><testcase classname="agent_runtime.tests.test_certify_health_graph.TestHealthState" name="test_quarantine_prevents_new_missions_preserves_evidence" time="0.026" /><testcase classname="agent_runtime.tests.test_certify_health_graph.TestDependencyGraph" name="test_graph_generated_from_registry" time="0.031" /><testcase classname="agent_runtime.tests.test_certify_health_graph.TestDependencyGraph" name="test_graph_detects_unknown_capability" time="0.029" /><testcase classname="agent_runtime.tests.test_checkpoint2_hardening.TestCanonicalHashPrimitive" name="test_dict_order_irrelevant" time="0.007" /><testcase classname="agent_runtime.tests.test_checkpoint2_hardening.TestCanonicalHashPrimitive" name="test_enums_stable_by_value" time="0.008" /><testcase classname="agent_runtime.tests.test_checkpoint2_hardening.TestCanonicalHashPrimitive" name="test_semantically_identical_pydantic_models" time="0.011" /><testcase classname="agent_runtime.tests.test_checkpoint2_hardening.TestCanonicalHashPrimitive" name="test_unserializable_fails_explicitly" time="0.004" /><testcase classname="agent_runtime.tests.test_checkpoint2_hardening.TestCanonicalHashPrimitive" name="test_datetime_stable" time="0.004" /><testcase classname="agent_runtime.tests.test_checkpoint2_hardening.TestManifestHashContract" name="test_authority_semantics_change_hash" time="0.012" /><testcase classname="agent_runtime.tests.test_checkpoint2_hardening.TestManifestHashContract" name="test_display_metadata_excluded_documented" time="0.005" /><testcase classname="agent_runtime.tests.test_checkpoint2_hardening.TestManifestHashContract" name="test_manifest_mutation_after_receipt_detected" time="0.008" /><testcase classname="agent_runtime.tests.test_checkpoint2_hardening.TestContextHashContract" name="test_context_hash_identifies_execution_context" time="0.005" /><testcase classname="agent_runtime.tests.test_checkpoint2_hardening.TestDelegationPayloadFullBinding" name="test_every_authority_field_participates" time="0.014" /><testcase classname="agent_runtime.tests.test_checkpoint2_hardening.TestProvenanceChainHardening" name="test_three_node_cycle_refused" time="0.012" /><testcase classname="agent_runtime.tests.test_checkpoint2_hardening.TestProvenanceChainHardening" name="test_missing_ancestor_refused" time="0.006" /><testcase classname="agent_runtime.tests.test_checkpoint2_hardening.TestProvenanceChainHardening" name="test_fake_governance_named_actor_refused" time="0.005" /><testcase classname="agent_runtime.tests.test_checkpoint2_hardening.TestProvenanceChainHardening" name="test_depth_bomb_refused" time="0.042" /><testcase classname="agent_runtime.tests.test_checkpoint2_hardening.TestProvenanceChainHardening" name="test_rooted_chain_still_works" time="0.006" /><testcase classname="agent_runtime.tests.test_checkpoint2_hardening.TestConcurrentApprovalExactlyOnce" name="test_concurrent_double_consume_impossible" time="0.009" /><testcase classname="agent_runtime.tests.test_checkpoint2_hardening.TestConcurrentApprovalExactlyOnce" name="test_sequential_replay_still_refused" time="0.006" /><testcase classname="agent_runtime.tests.test_cross_layer_runtime" name="test_full_bounded_runtime_mission" time="0.036" /><testcase classname="agent_runtime.tests.test_cross_layer_runtime.TestRefusalVsFailure" name="test_refused_is_not_failed_in_outcomes" time="0.005" /><testcase classname="agent_runtime.tests.test_cross_layer_runtime.TestRefusalVsFailure" name="test_refusal_semantics_distinct" time="0.004" /><testcase classname="agent_runtime.tests.test_delegation.TestSubsetInvariant" name="test_subset_invariant_holds" time="0.013" /><testcase classname="agent_runtime.tests.test_delegation.TestSubsetInvariant" name="test_child_undelegated_capability_refused" time="0.014" /><testcase classname="agent_runtime.tests.test_delegation.TestSubsetInvariant" name="test_parent_forbidden_capability_never_delegated" time="0.010" /><testcase classname="agent_runtime.tests.test_delegation.TestSubsetInvariant" name="test_child_forbidden_capability_refused" time="0.014" /><testcase classname="agent_runtime.tests.test_delegation.TestSelfGrant" name="test_agent_cannot_extend_own_authority" time="0.010" /><testcase classname="agent_runtime.tests.test_delegation.TestSelfGrant" name="test_governance_actor_may_extend" time="0.014" /><testcase classname="agent_runtime.tests.test_delegation.TestSelfGrant" name="test_self_delegation_refused" time="0.013" /><testcase classname="agent_runtime.tests.test_delegation.TestUseChecks" name="test_valid_use_passes" time="0.011" /><testcase classname="agent_runtime.tests.test_delegation.TestUseChecks" name="test_expired_delegation_refused" time="0.010" /><testcase classname="agent_runtime.tests.test_delegation.TestUseChecks" name="test_wrong_mission_refused" time="0.010" /><testcase classname="agent_runtime.tests.test_delegation.TestUseChecks" name="test_wrong_tenant_refused" time="0.010" /><testcase classname="agent_runtime.tests.test_delegation.TestUseChecks" name="test_wrong_capability_refused" time="0.010" /><testcase classname="agent_runtime.tests.test_delegation.TestUseChecks" name="test_resource_outside_scope_refused" time="0.009" /><testcase classname="agent_runtime.tests.test_delegation.TestUseChecks" name="test_zero_ttl_refused" time="0.009" /><testcase classname="agent_runtime.tests.test_hermes_delegation_certification.TestHermesSubsetInvariant" name="test_child_subset_of_hermes_delegatable" time="0.014" /><testcase classname="agent_runtime.tests.test_hermes_delegation_certification.TestHermesSubsetInvariant" name="test_undeclared_child_capability_refused" time="0.015" /><testcase classname="agent_runtime.tests.test_hermes_delegation_certification.TestHermesSubsetInvariant" name="test_hermes_forbidden_capability_refused" time="0.017" /><testcase classname="agent_runtime.tests.test_hermes_delegation_certification.TestHermesBindingNegatives" name="test_expired_refused" time="0.028" /><testcase classname="agent_runtime.tests.test_hermes_delegation_certification.TestHermesBindingNegatives" name="test_wrong_mission_refused" time="0.022" /><testcase classname="agent_runtime.tests.test_hermes_delegation_certification.TestHermesBindingNegatives" name="test_wrong_tenant_refused" time="0.016" /><testcase classname="agent_runtime.tests.test_hermes_delegation_certification.TestHermesBindingNegatives" name="test_wrong_resource_refused" time="0.016" /><testcase classname="agent_runtime.tests.test_hermes_delegation_certification.TestHermesBindingNegatives" name="test_mutated_delegation_payload_detected" time="0.018" /><testcase classname="agent_runtime.tests.test_hermes_delegation_certification.TestHermesBindingNegatives" name="test_missing_approval_refused_for_consequential_delegation" time="0.021" /><testcase classname="agent_runtime.tests.test_hermes_delegation_certification.TestHermesBindingNegatives" name="test_present_approval_issued" time="0.028" /><testcase classname="agent_runtime.tests.test_hermes_delegation_certification.TestApprovalReplay" name="test_replayed_approval_one_delegation_only" time="0.021" /><testcase classname="agent_runtime.tests.test_hermes_delegation_certification.TestApprovalReplay" name="test_fresh_approval_succeeds_after_replay_attempt" time="0.017" /><testcase classname="agent_runtime.tests.test_manifest.TestManifestSchema" name="test_valid_manifest_defaults" time="0.015" /><testcase classname="agent_runtime.tests.test_manifest.TestManifestSchema" name="test_identity_must_be_namespaced" time="0.048" /><testcase classname="agent_runtime.tests.test_manifest.TestManifestSchema" name="test_agent_version_semver_distinct_from_schema" time="0.013" /><testcase classname="agent_runtime.tests.test_manifest.TestManifestSchema" name="test_required_forbidden_overlap_rejected" time="0.009" /><testcase classname="agent_runtime.tests.test_manifest.TestManifestSchema" name="test_unknown_capability_rejected" time="0.010" /><testcase classname="agent_runtime.tests.test_manifest.TestManifestSchema" name="test_explicit_deny_list_allowed" time="0.015" /><testcase classname="agent_runtime.tests.test_manifest.TestManifestSchema" name="test_governance_readonly_scope_forbids_write" time="0.010" /><testcase classname="agent_runtime.tests.test_manifest.TestManifestSchema" name="test_bounded_execution_defaults" time="0.013" /><testcase classname="agent_runtime.tests.test_manifest.TestManifestSchema" name="test_manifest_frozen" time="0.010" /><testcase classname="agent_runtime.tests.test_manifest.TestManifestSchema" name="test_extra_fields_forbidden" time="0.010" /><testcase classname="agent_runtime.tests.test_manifest.TestManifestSchema" name="test_owner_required" time="0.003" /><testcase classname="agent_runtime.tests.test_memory_context_receipts.TestMemoryScopeContract" name="test_write_request_requires_manifest_permission" time="0.004" /><testcase classname="agent_runtime.tests.test_memory_context_receipts.TestMemoryScopeContract" name="test_governance_memory_never_writable" time="0.004" /><testcase classname="agent_runtime.tests.test_memory_context_receipts.TestMemoryScopeContract" name="test_anonymous_write_refused" time="0.004" /><testcase classname="agent_runtime.tests.test_memory_context_receipts.TestMemoryScopeContract" name="test_provenance_complete_on_success" time="0.004" /><testcase classname="agent_runtime.tests.test_memory_context_receipts.TestRuntimeReceipts" name="test_receipt_roundtrip_all_outcomes" time="0.004" /><testcase classname="agent_runtime.tests.test_memory_context_receipts.TestRuntimeReceipts" name="test_refused_is_explicit_not_failed" time="0.003" /><testcase classname="agent_runtime.tests.test_memory_context_receipts.TestRuntimeReceipts" name="test_receipt_has_no_reasoning_field" time="0.004" /><testcase classname="agent_runtime.tests.test_memory_context_receipts.TestContextAndBudget" name="test_context_minimization" time="0.004" /><testcase classname="agent_runtime.tests.test_memory_context_receipts.TestContextAndBudget" name="test_oversized_context_rejected" time="0.011" /><testcase classname="agent_runtime.tests.test_memory_context_receipts.TestContextAndBudget" name="test_iteration_exhaustion_bounded" time="0.003" /><testcase classname="agent_runtime.tests.test_memory_context_receipts.TestContextAndBudget" name="test_provider_and_tool_budgets" time="0.010" /><testcase classname="agent_runtime.tests.test_memory_context_receipts.TestContextAndBudget" name="test_identical_request_loop_detected" time="0.009" /><testcase classname="agent_runtime.tests.test_memory_context_receipts.TestContextAndBudget" name="test_varied_requests_no_loop_flag" time="0.008" /><testcase classname="agent_runtime.tests.test_memory_negatives_cp2.TestMemoryNegativesComplete" name="test_no_actor_refused" time="0.005" /><testcase classname="agent_runtime.tests.test_memory_negatives_cp2.TestMemoryNegativesComplete" name="test_no_mission_refused_for_mission_scope" time="0.005" /><testcase classname="agent_runtime.tests.test_memory_negatives_cp2.TestMemoryNegativesComplete" name="test_cross_tenant_write_refused_at_delegation_layer" time="0.013" /><testcase classname="agent_runtime.tests.test_memory_negatives_cp2.TestMemoryNegativesComplete" name="test_worker_direct_protected_write_refused" time="0.006" /><testcase classname="agent_runtime.tests.test_memory_negatives_cp2.TestMemoryNegativesComplete" name="test_prompt_injection_memory_escalation_refused" time="0.006" /><testcase classname="agent_runtime.tests.test_memory_negatives_cp2.TestMemoryNegativesComplete" name="test_read_scope_does_not_imply_write_scope" time="0.004" /><testcase classname="agent_runtime.tests.test_memory_negatives_cp2.TestTrustLevelNonEscalation" name="test_agent_cannot_self_assert_governance_trust" time="0.011" /><testcase classname="agent_runtime.tests.test_memory_scope_context" name="test_memory_access_matrix[agent.worker-MISSION-True-True-PASS]" time="0.010" /><testcase classname="agent_runtime.tests.test_memory_scope_context" name="test_memory_access_matrix[agent.worker-GOVERNANCE_READONLY-False-False-REFUSED]" time="0.008" /><testcase classname="agent_runtime.tests.test_memory_scope_context" name="test_memory_access_matrix[agent.howard-MISSION-True-True-ok]" time="0.023" /><testcase classname="agent_runtime.tests.test_memory_scope_context" name="test_memory_access_matrix[agent.hermes-GOVERNANCE_READONLY-True-False-REFUSED]" time="0.011" /><testcase classname="agent_runtime.tests.test_memory_scope_context" name="test_governance_readonly_manifest_forbids_write_requests" time="0.009" /><testcase classname="agent_runtime.tests.test_memory_scope_context.TestGovernanceMemoryEscape" name="test_governance_write_without_governance_authority_refused" time="0.010" /><testcase classname="agent_runtime.tests.test_memory_scope_context.TestGovernanceMemoryEscape" name="test_cross_tenant_write_refused" time="0.015" /><testcase classname="agent_runtime.tests.test_memory_scope_context.TestGovernanceMemoryEscape" name="test_worker_direct_protected_write_refused" time="0.008" /><testcase classname="agent_runtime.tests.test_memory_scope_context.TestContextHash" name="test_context_hash_stable_and_recorded" time="0.014" /><testcase classname="agent_runtime.tests.test_memory_scope_context.TestManifestVersionBinding" name="test_manifest_hash_binds_mission" time="0.015" /><testcase classname="agent_runtime.tests.test_negative_matrix_failure_injection.TestNegativeMatrixRegistry" name="test_no_manifest_refused" time="0.006" /><testcase classname="agent_runtime.tests.test_negative_matrix_failure_injection.TestNegativeMatrixRegistry" name="test_unknown_agent_refused" time="0.010" /><testcase classname="agent_runtime.tests.test_negative_matrix_failure_injection.TestNegativeMatrixRegistry" name="test_disabled_agent_refused_missions" time="0.007" /><testcase classname="agent_runtime.tests.test_negative_matrix_failure_injection.TestNegativeMatrixRegistry" name="test_quarantined_agent_refused_missions" time="0.013" /><testcase classname="agent_runtime.tests.test_negative_matrix_failure_injection.TestNegativeMatrixRegistry" name="test_duplicate_agent_refused" time="0.012" /><testcase classname="agent_runtime.tests.test_negative_matrix_failure_injection.TestNegativeMatrixRegistry" name="test_unsupported_manifest_refused" time="0.007" /><testcase classname="agent_runtime.tests.test_negative_matrix_failure_injection.TestNegativeMatrixRegistry" name="test_unknown_capability_refused" time="0.014" /><testcase classname="agent_runtime.tests.test_negative_matrix_failure_injection.TestNegativeMatrixDelegation" name="test_forbidden_capability_refused" time="0.043" /><testcase classname="agent_runtime.tests.test_negative_matrix_failure_injection.TestNegativeMatrixDelegation" name="test_expired_delegation_refused" time="0.020" /><testcase classname="agent_runtime.tests.test_negative_matrix_failure_injection.TestNegativeMatrixDelegation" name="test_mutated_delegation_refused" time="0.020" /><testcase classname="agent_runtime.tests.test_negative_matrix_failure_injection.TestNegativeMatrixDelegation" name="test_unrooted_delegation_refused" time="0.013" /><testcase classname="agent_runtime.tests.test_negative_matrix_failure_injection.TestNegativeMatrixDelegation" name="test_cyclic_delegation_refused" time="0.011" /><testcase classname="agent_runtime.tests.test_negative_matrix_failure_injection.TestNegativeMatrixDelegation" name="test_wrong_mission_tenant_resource_refused" time="0.016" /><testcase classname="agent_runtime.tests.test_negative_matrix_failure_injection.TestNegativeMatrixDelegation" name="test_missing_approval_refused" time="0.024" /><testcase classname="agent_runtime.tests.test_negative_matrix_failure_injection.TestNegativeMatrixDelegation" name="test_replayed_approval_refused" time="0.019" /><testcase classname="agent_runtime.tests.test_negative_matrix_failure_injection.TestNegativeMatrixDelegation" name="test_concurrent_approval_replay_refused" time="0.026" /><testcase classname="agent_runtime.tests.test_negative_matrix_failure_injection.TestNegativeMatrixDelegation" name="test_prompt_injection_authority_refused" time="0.018" /><testcase classname="agent_runtime.tests.test_negative_matrix_failure_injection.TestNegativeMatrixDelegation" name="test_self_grant_refused" time="0.005" /><testcase classname="agent_runtime.tests.test_negative_matrix_failure_injection.TestNegativeMatrixMemoryToolBudget" name="test_memory_escape_refused" time="0.004" /><testcase classname="agent_runtime.tests.test_negative_matrix_failure_injection.TestNegativeMatrixMemoryToolBudget" name="test_tool_escape_refused" time="0.007" /><testcase classname="agent_runtime.tests.test_negative_matrix_failure_injection.TestNegativeMatrixMemoryToolBudget" name="test_side_effect_escalation_refused" time="0.009" /><testcase classname="agent_runtime.tests.test_negative_matrix_failure_injection.TestNegativeMatrixMemoryToolBudget" name="test_budget_exhaustion_refused_bounded" time="0.003" /><testcase classname="agent_runtime.tests.test_negative_matrix_failure_injection.TestFailureInjection" name="test_provider_timeout_is_bounded" time="0.004" /><testcase classname="agent_runtime.tests.test_negative_matrix_failure_injection.TestFailureInjection" name="test_provider_malformed_output_fails_safely" time="0.004" /><testcase classname="agent_runtime.tests.test_negative_matrix_failure_injection.TestFailureInjection" name="test_worker_crash_leaves_valid_state" time="0.005" /><testcase classname="agent_runtime.tests.test_negative_matrix_failure_injection.TestFailureInjection" name="test_delegation_expiry_during_execution" time="0.011" /><testcase classname="agent_runtime.tests.test_negative_matrix_failure_injection.TestFailureInjection" name="test_context_serialization_failure_fails_closed" time="0.004" /><testcase classname="agent_runtime.tests.test_negative_matrix_failure_injection.TestFailureInjection" name="test_receipt_persistence_failure_detectable" time="0.005" /><testcase classname="agent_runtime.tests.test_provider_tool_policy.TestProviderPolicy" name="test_disallowed_provider_refused" time="0.009" /><testcase classname="agent_runtime.tests.test_provider_tool_policy.TestProviderPolicy" name="test_disallowed_model_refused" time="0.006" /><testcase classname="agent_runtime.tests.test_provider_tool_policy.TestProviderPolicy" name="test_fallback_outside_policy_refused" time="0.005" /><testcase classname="agent_runtime.tests.test_provider_tool_policy.TestProviderPolicy" name="test_cost_limit_exceeded_refused" time="0.004" /><testcase classname="agent_runtime.tests.test_provider_tool_policy.TestProviderPolicy" name="test_malformed_structured_output_refused" time="0.003" /><testcase classname="agent_runtime.tests.test_provider_tool_policy.TestModelOutputCannotGrantAuthority" name="test_provider_output_claiming_authority_mutates_nothing" time="0.004" /><testcase classname="agent_runtime.tests.test_provider_tool_policy.TestToolPolicy" name="test_tool_present_capability_absent_refused" time="0.011" /><testcase classname="agent_runtime.tests.test_provider_tool_policy.TestToolPolicy" name="test_authorized_tool_passes" time="0.011" /><testcase classname="agent_runtime.tests.test_provider_tool_policy.TestToolPolicy" name="test_tool_scope_escape_refused" time="0.009" /><testcase classname="agent_runtime.tests.test_provider_tool_policy.TestToolPolicy" name="test_tool_tenant_escape_refused" time="0.010" /><testcase classname="agent_runtime.tests.test_provider_tool_policy.TestToolPolicy" name="test_approval_required_without_approval_refused" time="0.011" /><testcase classname="agent_runtime.tests.test_provider_tool_policy.TestToolPolicy" name="test_side_effect_escalation_refused" time="0.009" /><testcase classname="agent_runtime.tests.test_provider_tool_policy.TestToolPolicy" name="test_side_effect_ladder_ordering" time="0.010" /><testcase classname="agent_runtime.tests.test_registry.TestRegistration" name="test_register_resolve_list" time="0.009" /><testcase classname="agent_runtime.tests.test_registry.TestRegistration" name="test_duplicate_agent_id_rejected" time="0.017" /><testcase classname="agent_runtime.tests.test_registry.TestRegistration" name="test_unknown_agent_rejected" time="0.003" /><testcase classname="agent_runtime.tests.test_registry.TestRegistration" name="test_registration_fails_on_unknown_capability" time="0.006" /><testcase classname="agent_runtime.tests.test_registry.TestRegistration" name="test_registration_rejects_contradiction" time="0.007" /><testcase classname="agent_runtime.tests.test_registry.TestCertificationLadder" name="test_importable_is_not_certified" time="0.011" /><testcase classname="agent_runtime.tests.test_registry.TestCertificationLadder" name="test_ladder_register_validate_certify" time="0.014" /><testcase classname="agent_runtime.tests.test_registry.TestCertificationLadder" name="test_certify_from_registered_refused" time="0.009" /><testcase classname="agent_runtime.tests.test_registry.TestCertificationLadder" name="test_disable_and_quarantine" time="0.012" /><testcase classname="agent_runtime.tests.test_registry.TestCertificationLadder" name="test_unknown_agent_set_status_refused" time="0.002" /><testcase classname="agent_runtime.tests.test_registry.TestCertificationLadder" name="test_validate_registered_records_validated" time="0.015" /><testcase classname="agent_runtime.tests.test_registry.TestStartupValidation" name="test_startup_passes_clean_registry" time="0.023" /><testcase classname="agent_runtime.tests.test_registry.TestStartupValidation" name="test_startup_collects_problems" time="0.021" /><testcase classname="agent_runtime.tests.test_w43_consumer_migration" name="test_alias_forms_accepted_by_manifest_validation" time="0.014" /><testcase classname="agent_runtime.tests.test_w43_consumer_migration" name="test_alias_canonical_equivalence_in_delegation" time="0.010" /><testcase classname="agent_runtime.tests.test_w43_consumer_migration" name="test_registry_validation_accepts_both_spellings" time="0.024" /><testcase classname="agent_runtime.tests.test_w43_consumer_migration" name="test_unknown_still_refused_everywhere" time="0.019" /><testcase classname="agent_runtime.tests.test_w43_consumer_migration" name="test_resolved_is_not_delegated_or_approved" time="0.009" /><testcase classname="agent_runtime.tests.test_w43_consumer_migration" name="test_registry_missing_refusal_no_legacy_fallback" time="0.007" /><testcase classname="agent_runtime.tests.test_w43_consumer_migration" name="test_registry_corrupt_refusal" time="0.028" /><testcase classname="agent_runtime.tests.test_w43_consumer_migration" name="test_registry_generation_mismatch_refusal" time="0.076" /><testcase classname="agent_runtime.tests.test_w44_hash_boundary" name="test_alias_canonical_envelope_hash_equivalence" time="0.013" /><testcase classname="agent_runtime.tests.test_w44_hash_boundary" name="test_alias_canonical_receipt_hash_equivalence" time="0.012" /><testcase classname="agent_runtime.tests.test_w44_hash_boundary" name="test_canonical_id_and_registry_provenance_preserved" time="0.009" /><testcase classname="agent_runtime.tests.test_w44_hash_boundary" name="test_unknown_or_invalid_before_hash_refusal[computer.desktop.app_launch]" time="0.011" /><testcase classname="agent_runtime.tests.test_w44_hash_boundary" name="test_unknown_or_invalid_before_hash_refusal[CREATE_DOCUMENT/]" time="0.008" /><testcase classname="agent_runtime.tests.test_w44_hash_boundary" name="test_unknown_or_invalid_before_hash_refusal[]" time="0.008" /><testcase classname="agent_runtime.tests.test_w44_hash_boundary" name="test_hashable_unknown_capability_is_false" time="0.007" /><testcase classname="agent_runtime.tests.test_w44_hash_boundary" name="test_hashable_ambiguous_capability_is_false" time="0.008" /><testcase classname="agent_runtime.tests.test_w44_hash_boundary" name="test_disabled_and_dormant_before_hash_refusal" time="0.007" /><testcase classname="agent_runtime.tests.test_w44_hash_boundary" name="test_untrusted_registry_before_hash_refusal" time="0.025" /><testcase classname="agent_runtime.tests.test_w44_hash_boundary" name="test_generation_mismatch_before_hash_refusal" time="0.009" /><testcase classname="agent_runtime.tests.test_w44_hash_boundary" name="test_canonicalization_does_not_authorize" time="0.007" /><testcase classname="agent_runtime.tests.test_w44_hash_boundary" name="test_generation_provenance_changes_dependency_hash" time="0.008" /><testcase classname="agent_runtime.tests.test_w44_hash_boundary" name="test_resolved_capability_survives_status_gate" time="0.006" /><testcase classname="agent_runtime.tests.test_w44_hash_boundary" name="test_status_gate_does_not_replace_canonical_identity" time="0.007" /></testsuite></testsuites>