<?xml version="1.0" encoding="utf-8"?><testsuites name="pytest tests"><testsuite name="pytest" errors="0" failures="0" skipped="0" tests="26" time="2.814" timestamp="2026-09-09T22:04:35.910521-04:00" hostname="DESKTOP-7RJIO6V"><testcase classname="agent_runtime.tests.test_w44_hash_boundary" name="test_alias_canonical_envelope_hash_equivalence" time="0.020" /><testcase classname="agent_runtime.tests.test_w44_hash_boundary" name="test_alias_canonical_receipt_hash_equivalence" time="0.008" /><testcase classname="agent_runtime.tests.test_w44_hash_boundary" name="test_canonical_id_and_registry_provenance_preserved" time="0.006" /><testcase classname="agent_runtime.tests.test_w44_hash_boundary" name="test_unknown_or_invalid_before_hash_refusal[computer.desktop.app_launch]" time="0.007" /><testcase classname="agent_runtime.tests.test_w44_hash_boundary" name="test_unknown_or_invalid_before_hash_refusal[CREATE_DOCUMENT/]" time="0.009" /><testcase classname="agent_runtime.tests.test_w44_hash_boundary" name="test_unknown_or_invalid_before_hash_refusal[]" time="0.013" /><testcase classname="agent_runtime.tests.test_w44_hash_boundary" name="test_hashable_unknown_capability_is_false" time="0.014" /><testcase classname="agent_runtime.tests.test_w44_hash_boundary" name="test_hashable_ambiguous_capability_is_false" time="0.005" /><testcase classname="agent_runtime.tests.test_w44_hash_boundary" name="test_disabled_and_dormant_before_hash_refusal" time="0.007" /><testcase classname="agent_runtime.tests.test_w44_hash_boundary" name="test_untrusted_registry_before_hash_refusal" time="0.052" /><testcase classname="agent_runtime.tests.test_w44_hash_boundary" name="test_generation_mismatch_before_hash_refusal" time="0.007" /><testcase classname="agent_runtime.tests.test_w44_hash_boundary" name="test_canonicalization_does_not_authorize" time="0.009" /><testcase classname="agent_runtime.tests.test_w44_hash_boundary" name="test_generation_provenance_changes_dependency_hash" time="0.008" /><testcase classname="agent_runtime.tests.test_w44_hash_boundary" name="test_resolved_capability_survives_status_gate" time="0.005" /><testcase classname="agent_runtime.tests.test_w44_hash_boundary" name="test_status_gate_does_not_replace_canonical_identity" time="0.005" /><testcase classname="mission_wiring.tests.test_executor_binding" name="test_canonical_capability_bound_to_browser_executor" time="0.018" /><testcase classname="mission_wiring.tests.test_executor_binding" name="test_valid_governed_browser_action_executes" time="0.008" /><testcase classname="mission_wiring.tests.test_executor_binding" name="test_all_browser_capabilities_bound_no_unbound" time="0.007" /><testcase classname="mission_wiring.tests.test_executor_binding" name="test_alias_and_canonical_use_same_executor_binding" time="0.005" /><testcase classname="mission_wiring.tests.test_executor_binding" name="test_capability_with_no_executor_binding_refuses" time="0.008" /><testcase classname="mission_wiring.tests.test_executor_binding" name="test_wrong_executor_binding_refuses" time="0.009" /><testcase classname="mission_wiring.tests.test_executor_binding" name="test_registry_generation_mismatch_refuses" time="0.010" /><testcase classname="mission_wiring.tests.test_executor_binding" name="test_gate_refuses_wrong_binding_before_mechanism_contact" time="0.012" /><testcase classname="mission_wiring.tests.test_executor_binding" name="test_pre_governance_no_external_contact" time="0.021" /><testcase classname="mission_wiring.tests.test_executor_binding" name="test_executor_binding_generation_is_stable_and_derived" time="0.013" /><testcase classname="mission_wiring.tests.test_executor_binding" name="test_executor_binding_generation_changes_with_bindings" time="0.008" /></testsuite></testsuites>